{"total": {"lines":{"total":321,"covered":72,"skipped":0,"pct":22.42},"statements":{"total":338,"covered":77,"skipped":0,"pct":22.78},"functions":{"total":83,"covered":5,"skipped":0,"pct":6.02},"branches":{"total":141,"covered":23,"skipped":0,"pct":16.31},"branchesTrue":{"total":0,"covered":0,"skipped":0,"pct":100}}
,"/home/amelie/Documents/Skola/Testing/CardGame/frontend/src/App.tsx": {"lines":{"total":0,"covered":0,"skipped":0,"pct":0},"functions":{"total":0,"covered":0,"skipped":0,"pct":0},"statements":{"total":0,"covered":0,"skipped":0,"pct":0},"branches":{"total":0,"covered":0,"skipped":0,"pct":0}}
,"/home/amelie/Documents/Skola/Testing/CardGame/frontend/src/main.tsx": {"lines":{"total":0,"covered":0,"skipped":0,"pct":0},"functions":{"total":0,"covered":0,"skipped":0,"pct":0},"statements":{"total":0,"covered":0,"skipped":0,"pct":0},"branches":{"total":0,"covered":0,"skipped":0,"pct":0}}
,"/home/amelie/Documents/Skola/Testing/CardGame/frontend/src/api/user.tsx": {"lines":{"total":55,"covered":15,"skipped":0,"pct":27.27},"functions":{"total":8,"covered":1,"skipped":0,"pct":12.5},"statements":{"total":56,"covered":16,"skipped":0,"pct":28.57},"branches":{"total":3,"covered":3,"skipped":0,"pct":100}}
,"/home/amelie/Documents/Skola/Testing/CardGame/frontend/src/assets/colors.tsx": {"lines":{"total":1,"covered":1,"skipped":0,"pct":100},"functions":{"total":0,"covered":0,"skipped":0,"pct":100},"statements":{"total":1,"covered":1,"skipped":0,"pct":100},"branches":{"total":0,"covered":0,"skipped":0,"pct":100}}
,"/home/amelie/Documents/Skola/Testing/CardGame/frontend/src/assets/Cards/CardImages.ts": {"lines":{"total":1,"covered":1,"skipped":0,"pct":100},"functions":{"total":0,"covered":0,"skipped":0,"pct":100},"statements":{"total":1,"covered":1,"skipped":0,"pct":100},"branches":{"total":0,"covered":0,"skipped":0,"pct":100}}
,"/home/amelie/Documents/Skola/Testing/CardGame/frontend/src/assets/Markers/markers.ts": {"lines":{"total":7,"covered":4,"skipped":0,"pct":57.14},"functions":{"total":3,"covered":0,"skipped":0,"pct":0},"statements":{"total":7,"covered":4,"skipped":0,"pct":57.14},"branches":{"total":0,"covered":0,"skipped":0,"pct":100}}
,"/home/amelie/Documents/Skola/Testing/CardGame/frontend/src/assets/StyledComponents/FormComponents.tsx": {"lines":{"total":0,"covered":0,"skipped":0,"pct":0},"functions":{"total":0,"covered":0,"skipped":0,"pct":0},"statements":{"total":0,"covered":0,"skipped":0,"pct":0},"branches":{"total":0,"covered":0,"skipped":0,"pct":0}}
,"/home/amelie/Documents/Skola/Testing/CardGame/frontend/src/components/Card.tsx": {"lines":{"total":12,"covered":9,"skipped":0,"pct":75},"functions":{"total":4,"covered":1,"skipped":0,"pct":25},"statements":{"total":12,"covered":9,"skipped":0,"pct":75},"branches":{"total":25,"covered":3,"skipped":0,"pct":12}}
,"/home/amelie/Documents/Skola/Testing/CardGame/frontend/src/components/DeleteAccount.tsx": {"lines":{"total":0,"covered":0,"skipped":0,"pct":0},"functions":{"total":0,"covered":0,"skipped":0,"pct":0},"statements":{"total":0,"covered":0,"skipped":0,"pct":0},"branches":{"total":0,"covered":0,"skipped":0,"pct":0}}
,"/home/amelie/Documents/Skola/Testing/CardGame/frontend/src/components/EditProfile.tsx": {"lines":{"total":0,"covered":0,"skipped":0,"pct":0},"functions":{"total":0,"covered":0,"skipped":0,"pct":0},"statements":{"total":0,"covered":0,"skipped":0,"pct":0},"branches":{"total":0,"covered":0,"skipped":0,"pct":0}}
,"/home/amelie/Documents/Skola/Testing/CardGame/frontend/src/components/GameLobby.tsx": {"lines":{"total":0,"covered":0,"skipped":0,"pct":0},"functions":{"total":0,"covered":0,"skipped":0,"pct":0},"statements":{"total":0,"covered":0,"skipped":0,"pct":0},"branches":{"total":0,"covered":0,"skipped":0,"pct":0}}
,"/home/amelie/Documents/Skola/Testing/CardGame/frontend/src/components/HomeScreen.tsx": {"lines":{"total":0,"covered":0,"skipped":0,"pct":0},"functions":{"total":0,"covered":0,"skipped":0,"pct":0},"statements":{"total":0,"covered":0,"skipped":0,"pct":0},"branches":{"total":0,"covered":0,"skipped":0,"pct":0}}
,"/home/amelie/Documents/Skola/Testing/CardGame/frontend/src/components/LogoutButton.tsx": {"lines":{"total":0,"covered":0,"skipped":0,"pct":0},"functions":{"total":0,"covered":0,"skipped":0,"pct":0},"statements":{"total":0,"covered":0,"skipped":0,"pct":0},"branches":{"total":0,"covered":0,"skipped":0,"pct":0}}
,"/home/amelie/Documents/Skola/Testing/CardGame/frontend/src/components/Navbar.tsx": {"lines":{"total":0,"covered":0,"skipped":0,"pct":0},"functions":{"total":0,"covered":0,"skipped":0,"pct":0},"statements":{"total":0,"covered":0,"skipped":0,"pct":0},"branches":{"total":0,"covered":0,"skipped":0,"pct":0}}
,"/home/amelie/Documents/Skola/Testing/CardGame/frontend/src/components/Sequence.tsx": {"lines":{"total":112,"covered":24,"skipped":0,"pct":21.42},"functions":{"total":27,"covered":1,"skipped":0,"pct":3.7},"statements":{"total":115,"covered":24,"skipped":0,"pct":20.86},"branches":{"total":85,"covered":3,"skipped":0,"pct":3.52}}
,"/home/amelie/Documents/Skola/Testing/CardGame/frontend/src/components/SigninSignup/Signin.tsx": {"lines":{"total":0,"covered":0,"skipped":0,"pct":0},"functions":{"total":0,"covered":0,"skipped":0,"pct":0},"statements":{"total":0,"covered":0,"skipped":0,"pct":0},"branches":{"total":0,"covered":0,"skipped":0,"pct":0}}
,"/home/amelie/Documents/Skola/Testing/CardGame/frontend/src/components/SigninSignup/Signup.tsx": {"lines":{"total":0,"covered":0,"skipped":0,"pct":0},"functions":{"total":0,"covered":0,"skipped":0,"pct":0},"statements":{"total":0,"covered":0,"skipped":0,"pct":0},"branches":{"total":0,"covered":0,"skipped":0,"pct":0}}
,"/home/amelie/Documents/Skola/Testing/CardGame/frontend/src/components/SigninSignup/index.tsx": {"lines":{"total":0,"covered":0,"skipped":0,"pct":0},"functions":{"total":0,"covered":0,"skipped":0,"pct":0},"statements":{"total":0,"covered":0,"skipped":0,"pct":0},"branches":{"total":0,"covered":0,"skipped":0,"pct":0}}
,"/home/amelie/Documents/Skola/Testing/CardGame/frontend/src/constants/Context.ts": {"lines":{"total":0,"covered":0,"skipped":0,"pct":0},"functions":{"total":1,"covered":0,"skipped":0,"pct":0},"statements":{"total":0,"covered":0,"skipped":0,"pct":0},"branches":{"total":0,"covered":0,"skipped":0,"pct":0}}
,"/home/amelie/Documents/Skola/Testing/CardGame/frontend/src/constants/Deck.tsx": {"lines":{"total":0,"covered":0,"skipped":0,"pct":0},"functions":{"total":0,"covered":0,"skipped":0,"pct":0},"statements":{"total":0,"covered":0,"skipped":0,"pct":0},"branches":{"total":0,"covered":0,"skipped":0,"pct":0}}
,"/home/amelie/Documents/Skola/Testing/CardGame/frontend/src/constants/baseUrl.ts": {"lines":{"total":1,"covered":1,"skipped":0,"pct":100},"functions":{"total":0,"covered":0,"skipped":0,"pct":100},"statements":{"total":1,"covered":1,"skipped":0,"pct":100},"branches":{"total":0,"covered":0,"skipped":0,"pct":100}}
,"/home/amelie/Documents/Skola/Testing/CardGame/frontend/src/constants/queryKeys.ts": {"lines":{"total":0,"covered":0,"skipped":0,"pct":0},"functions":{"total":0,"covered":0,"skipped":0,"pct":0},"statements":{"total":0,"covered":0,"skipped":0,"pct":0},"branches":{"total":0,"covered":0,"skipped":0,"pct":0}}
,"/home/amelie/Documents/Skola/Testing/CardGame/frontend/src/helpers/AuthForm.tsx": {"lines":{"total":0,"covered":0,"skipped":0,"pct":0},"functions":{"total":0,"covered":0,"skipped":0,"pct":0},"statements":{"total":0,"covered":0,"skipped":0,"pct":0},"branches":{"total":0,"covered":0,"skipped":0,"pct":0}}
,"/home/amelie/Documents/Skola/Testing/CardGame/frontend/src/hooks/useSignIn.tsx": {"lines":{"total":0,"covered":0,"skipped":0,"pct":0},"functions":{"total":0,"covered":0,"skipped":0,"pct":0},"statements":{"total":0,"covered":0,"skipped":0,"pct":0},"branches":{"total":0,"covered":0,"skipped":0,"pct":0}}
,"/home/amelie/Documents/Skola/Testing/CardGame/frontend/src/hooks/useUser.ts": {"lines":{"total":3,"covered":1,"skipped":0,"pct":33.33},"functions":{"total":1,"covered":0,"skipped":0,"pct":0},"statements":{"total":3,"covered":1,"skipped":0,"pct":33.33},"branches":{"total":0,"covered":0,"skipped":0,"pct":100}}
,"/home/amelie/Documents/Skola/Testing/CardGame/frontend/src/utils/GameContext.tsx": {"lines":{"total":106,"covered":5,"skipped":0,"pct":4.71},"functions":{"total":32,"covered":1,"skipped":0,"pct":3.12},"statements":{"total":112,"covered":7,"skipped":0,"pct":6.25},"branches":{"total":12,"covered":4,"skipped":0,"pct":33.33}}
,"/home/amelie/Documents/Skola/Testing/CardGame/frontend/src/utils/UserContext.tsx": {"lines":{"total":9,"covered":5,"skipped":0,"pct":55.55},"functions":{"total":3,"covered":1,"skipped":0,"pct":33.33},"statements":{"total":14,"covered":7,"skipped":0,"pct":50},"branches":{"total":8,"covered":4,"skipped":0,"pct":50}}
,"/home/amelie/Documents/Skola/Testing/CardGame/frontend/src/utils/types.ts": {"lines":{"total":0,"covered":0,"skipped":0,"pct":0},"functions":{"total":0,"covered":0,"skipped":0,"pct":0},"statements":{"total":0,"covered":0,"skipped":0,"pct":0},"branches":{"total":0,"covered":0,"skipped":0,"pct":0}}
,"/home/amelie/Documents/Skola/Testing/CardGame/frontend/src/utils/useGame.tsx": {"lines":{"total":7,"covered":3,"skipped":0,"pct":42.85},"functions":{"total":2,"covered":0,"skipped":0,"pct":0},"statements":{"total":8,"covered":3,"skipped":0,"pct":37.5},"branches":{"total":4,"covered":3,"skipped":0,"pct":75}}
,"/home/amelie/Documents/Skola/Testing/CardGame/frontend/src/utils/useUsername.tsx": {"lines":{"total":7,"covered":3,"skipped":0,"pct":42.85},"functions":{"total":2,"covered":0,"skipped":0,"pct":0},"statements":{"total":8,"covered":3,"skipped":0,"pct":37.5},"branches":{"total":4,"covered":3,"skipped":0,"pct":75}}
,"/home/amelie/Documents/Skola/Testing/CardGame/frontend/src/views/Game.tsx": {"lines":{"total":0,"covered":0,"skipped":0,"pct":0},"functions":{"total":0,"covered":0,"skipped":0,"pct":0},"statements":{"total":0,"covered":0,"skipped":0,"pct":0},"branches":{"total":0,"covered":0,"skipped":0,"pct":0}}
,"/home/amelie/Documents/Skola/Testing/CardGame/frontend/src/views/Home.tsx": {"lines":{"total":0,"covered":0,"skipped":0,"pct":0},"functions":{"total":0,"covered":0,"skipped":0,"pct":0},"statements":{"total":0,"covered":0,"skipped":0,"pct":0},"branches":{"total":0,"covered":0,"skipped":0,"pct":0}}
,"/home/amelie/Documents/Skola/Testing/CardGame/frontend/src/views/Profile.tsx": {"lines":{"total":0,"covered":0,"skipped":0,"pct":0},"functions":{"total":0,"covered":0,"skipped":0,"pct":0},"statements":{"total":0,"covered":0,"skipped":0,"pct":0},"branches":{"total":0,"covered":0,"skipped":0,"pct":0}}
}
