{"/home/amelie/Documents/Skola/Testing/CardGame/frontend/src/App.tsx": {"path":"/home/amelie/Documents/Skola/Testing/CardGame/frontend/src/App.tsx","statementMap":{},"fnMap":{},"branchMap":{},"s":{},"f":{},"b":{}}
,"/home/amelie/Documents/Skola/Testing/CardGame/frontend/src/main.tsx": {"path":"/home/amelie/Documents/Skola/Testing/CardGame/frontend/src/main.tsx","statementMap":{},"fnMap":{},"branchMap":{},"s":{},"f":{},"b":{}}
,"/home/amelie/Documents/Skola/Testing/CardGame/frontend/src/api/socket.tsx": {"path":"/home/amelie/Documents/Skola/Testing/CardGame/frontend/src/api/socket.tsx","statementMap":{},"fnMap":{},"branchMap":{},"s":{},"f":{},"b":{}}
,"/home/amelie/Documents/Skola/Testing/CardGame/frontend/src/api/user.tsx": {"path":"/home/amelie/Documents/Skola/Testing/CardGame/frontend/src/api/user.tsx","statementMap":{"0":{"start":{"line":1,"column":0},"end":{"line":1,"column":null}},"1":{"start":{"line":13,"column":23},"end":{"line":28,"column":1}},"2":{"start":{"line":14,"column":22},"end":{"line":14,"column":null}},"3":{"start":{"line":16,"column":2},"end":{"line":27,"column":null}},"4":{"start":{"line":17,"column":21},"end":{"line":21,"column":null}},"5":{"start":{"line":22,"column":4},"end":{"line":22,"column":null}},"6":{"start":{"line":23,"column":4},"end":{"line":23,"column":null}},"7":{"start":{"line":25,"column":4},"end":{"line":25,"column":null}},"8":{"start":{"line":26,"column":4},"end":{"line":26,"column":null}},"9":{"start":{"line":28,"column":1},"end":{"line":13,"column":23}},"10":{"start":{"line":30,"column":25},"end":{"line":50,"column":1}},"11":{"start":{"line":35,"column":35},"end":{"line":35,"column":null}},"12":{"start":{"line":37,"column":2},"end":{"line":49,"column":null}},"13":{"start":{"line":38,"column":21},"end":{"line":41,"column":null}},"14":{"start":{"line":42,"column":4},"end":{"line":42,"column":null}},"15":{"start":{"line":43,"column":4},"end":{"line":43,"column":null}},"16":{"start":{"line":44,"column":4},"end":{"line":44,"column":null}},"17":{"start":{"line":45,"column":4},"end":{"line":45,"column":null}},"18":{"start":{"line":47,"column":4},"end":{"line":47,"column":null}},"19":{"start":{"line":48,"column":4},"end":{"line":48,"column":null}},"20":{"start":{"line":50,"column":1},"end":{"line":30,"column":25}},"21":{"start":{"line":52,"column":26},"end":{"line":66,"column":1}},"22":{"start":{"line":57,"column":2},"end":{"line":65,"column":null}},"23":{"start":{"line":58,"column":4},"end":{"line":60,"column":null}},"24":{"start":{"line":61,"column":4},"end":{"line":61,"column":null}},"25":{"start":{"line":63,"column":4},"end":{"line":63,"column":null}},"26":{"start":{"line":64,"column":4},"end":{"line":64,"column":null}},"27":{"start":{"line":66,"column":1},"end":{"line":52,"column":26}},"28":{"start":{"line":68,"column":26},"end":{"line":76,"column":1}},"29":{"start":{"line":72,"column":2},"end":{"line":72,"column":null}},"30":{"start":{"line":73,"column":2},"end":{"line":73,"column":null}},"31":{"start":{"line":74,"column":2},"end":{"line":74,"column":null}},"32":{"start":{"line":75,"column":2},"end":{"line":75,"column":null}},"33":{"start":{"line":76,"column":1},"end":{"line":68,"column":26}},"34":{"start":{"line":78,"column":24},"end":{"line":86,"column":1}},"35":{"start":{"line":79,"column":2},"end":{"line":85,"column":null}},"36":{"start":{"line":80,"column":4},"end":{"line":80,"column":null}},"37":{"start":{"line":81,"column":4},"end":{"line":81,"column":null}},"38":{"start":{"line":83,"column":4},"end":{"line":83,"column":null}},"39":{"start":{"line":84,"column":4},"end":{"line":84,"column":null}},"40":{"start":{"line":86,"column":1},"end":{"line":78,"column":24}},"41":{"start":{"line":88,"column":32},"end":{"line":99,"column":1}},"42":{"start":{"line":92,"column":2},"end":{"line":98,"column":null}},"43":{"start":{"line":93,"column":4},"end":{"line":93,"column":null}},"44":{"start":{"line":94,"column":4},"end":{"line":94,"column":null}},"45":{"start":{"line":96,"column":4},"end":{"line":96,"column":null}},"46":{"start":{"line":97,"column":4},"end":{"line":97,"column":null}},"47":{"start":{"line":99,"column":1},"end":{"line":88,"column":32}},"48":{"start":{"line":101,"column":26},"end":{"line":115,"column":1}},"49":{"start":{"line":106,"column":2},"end":{"line":114,"column":null}},"50":{"start":{"line":107,"column":4},"end":{"line":109,"column":null}},"51":{"start":{"line":110,"column":4},"end":{"line":110,"column":null}},"52":{"start":{"line":112,"column":4},"end":{"line":112,"column":null}},"53":{"start":{"line":113,"column":4},"end":{"line":113,"column":null}},"54":{"start":{"line":115,"column":1},"end":{"line":101,"column":23}},"55":{"start":{"line":101,"column":23},"end":{"line":101,"column":26}}},"fnMap":{"0":{"name":"(anonymous_0)","decl":{"start":{"line":1,"column":0},"end":{"line":1,"column":null}},"loc":{"start":{"line":1,"column":0},"end":{"line":1,"column":null}}},"1":{"name":"(anonymous_1)","decl":{"start":{"line":13,"column":23},"end":{"line":13,"column":58}},"loc":{"start":{"line":13,"column":58},"end":{"line":28,"column":1}}},"2":{"name":"(anonymous_2)","decl":{"start":{"line":30,"column":25},"end":{"line":30,"column":null}},"loc":{"start":{"line":34,"column":20},"end":{"line":50,"column":1}}},"3":{"name":"(anonymous_3)","decl":{"start":{"line":52,"column":26},"end":{"line":52,"column":null}},"loc":{"start":{"line":56,"column":20},"end":{"line":66,"column":1}}},"4":{"name":"(anonymous_4)","decl":{"start":{"line":68,"column":26},"end":{"line":68,"column":null}},"loc":{"start":{"line":71,"column":20},"end":{"line":76,"column":1}}},"5":{"name":"(anonymous_5)","decl":{"start":{"line":78,"column":24},"end":{"line":78,"column":31}},"loc":{"start":{"line":78,"column":87},"end":{"line":86,"column":1}}},"6":{"name":"(anonymous_6)","decl":{"start":{"line":88,"column":32},"end":{"line":88,"column":null}},"loc":{"start":{"line":91,"column":20},"end":{"line":99,"column":1}}},"7":{"name":"(anonymous_7)","decl":{"start":{"line":101,"column":26},"end":{"line":101,"column":null}},"loc":{"start":{"line":105,"column":20},"end":{"line":115,"column":1}}}},"branchMap":{"0":{"loc":{"start":{"line":1,"column":0},"end":{"line":1,"column":null}},"type":"binary-expr","locations":[{"start":{"line":1,"column":0},"end":{"line":1,"column":null}},{"start":{"line":1,"column":0},"end":{"line":1,"column":null}}]},"1":{"loc":{"start":{"line":1,"column":0},"end":{"line":1,"column":null}},"type":"if","locations":[{"start":{"line":1,"column":0},"end":{"line":1,"column":null}}]}},"s":{"0":28,"1":2,"2":0,"3":0,"4":0,"5":0,"6":0,"7":0,"8":0,"9":2,"10":2,"11":0,"12":0,"13":0,"14":0,"15":0,"16":0,"17":0,"18":0,"19":0,"20":2,"21":2,"22":0,"23":0,"24":0,"25":0,"26":0,"27":2,"28":2,"29":0,"30":0,"31":0,"32":0,"33":2,"34":2,"35":0,"36":0,"37":0,"38":0,"39":0,"40":2,"41":2,"42":0,"43":0,"44":0,"45":0,"46":0,"47":2,"48":2,"49":0,"50":0,"51":0,"52":0,"53":0,"54":2,"55":14},"f":{"0":14,"1":0,"2":0,"3":0,"4":0,"5":0,"6":0,"7":0},"b":{"0":[4,2],"1":[2]}}
,"/home/amelie/Documents/Skola/Testing/CardGame/frontend/src/assets/colors.tsx": {"path":"/home/amelie/Documents/Skola/Testing/CardGame/frontend/src/assets/colors.tsx","statementMap":{"0":{"start":{"line":1,"column":21},"end":{"line":11,"column":null}}},"fnMap":{},"branchMap":{},"s":{"0":2},"f":{},"b":{}}
,"/home/amelie/Documents/Skola/Testing/CardGame/frontend/src/assets/Cards/CardImages.ts": {"path":"/home/amelie/Documents/Skola/Testing/CardGame/frontend/src/assets/Cards/CardImages.ts","statementMap":{},"fnMap":{},"branchMap":{},"s":{},"f":{},"b":{}}
,"/home/amelie/Documents/Skola/Testing/CardGame/frontend/src/assets/StyledComponents/FormComponents.tsx": {"path":"/home/amelie/Documents/Skola/Testing/CardGame/frontend/src/assets/StyledComponents/FormComponents.tsx","statementMap":{"0":{"start":{"line":4,"column":26},"end":{"line":4,"column":null}},"1":{"start":{"line":12,"column":25},"end":{"line":39,"column":null}},"2":{"start":{"line":51,"column":29},"end":{"line":64,"column":null}},"3":{"start":{"line":53,"column":33},"end":{"line":53,"column":73}},"4":{"start":{"line":56,"column":22},"end":{"line":56,"column":49}},"5":{"start":{"line":58,"column":22},"end":{"line":58,"column":45}},"6":{"start":{"line":64,"column":35},"end":{"line":64,"column":77}}},"fnMap":{"0":{"name":"(anonymous_0)","decl":{"start":{"line":53,"column":22},"end":{"line":53,"column":23}},"loc":{"start":{"line":53,"column":33},"end":{"line":53,"column":73}}},"1":{"name":"(anonymous_1)","decl":{"start":{"line":56,"column":11},"end":{"line":56,"column":12}},"loc":{"start":{"line":56,"column":22},"end":{"line":56,"column":49}}},"2":{"name":"(anonymous_2)","decl":{"start":{"line":58,"column":11},"end":{"line":58,"column":12}},"loc":{"start":{"line":58,"column":22},"end":{"line":58,"column":45}}},"3":{"name":"(anonymous_3)","decl":{"start":{"line":64,"column":24},"end":{"line":64,"column":25}},"loc":{"start":{"line":64,"column":35},"end":{"line":64,"column":77}}}},"branchMap":{"0":{"loc":{"start":{"line":53,"column":33},"end":{"line":53,"column":73}},"type":"binary-expr","locations":[{"start":{"line":53,"column":33},"end":{"line":53,"column":58}},{"start":{"line":53,"column":58},"end":{"line":53,"column":73}}]},"1":{"loc":{"start":{"line":56,"column":22},"end":{"line":56,"column":49}},"type":"binary-expr","locations":[{"start":{"line":56,"column":22},"end":{"line":56,"column":37}},{"start":{"line":56,"column":37},"end":{"line":56,"column":49}}]},"2":{"loc":{"start":{"line":58,"column":22},"end":{"line":58,"column":45}},"type":"binary-expr","locations":[{"start":{"line":58,"column":22},"end":{"line":58,"column":37}},{"start":{"line":58,"column":37},"end":{"line":58,"column":45}}]},"3":{"loc":{"start":{"line":64,"column":35},"end":{"line":64,"column":77}},"type":"binary-expr","locations":[{"start":{"line":64,"column":35},"end":{"line":64,"column":65}},{"start":{"line":64,"column":65},"end":{"line":64,"column":77}}]}},"s":{"0":2,"1":2,"2":2,"3":0,"4":0,"5":0,"6":0},"f":{"0":0,"1":0,"2":0,"3":0},"b":{"0":[0,0],"1":[0,0],"2":[0,0],"3":[0,0]}}
,"/home/amelie/Documents/Skola/Testing/CardGame/frontend/src/components/Card.tsx": {"path":"/home/amelie/Documents/Skola/Testing/CardGame/frontend/src/components/Card.tsx","statementMap":{},"fnMap":{},"branchMap":{},"s":{},"f":{},"b":{}}
,"/home/amelie/Documents/Skola/Testing/CardGame/frontend/src/components/DeleteAccount.tsx": {"path":"/home/amelie/Documents/Skola/Testing/CardGame/frontend/src/components/DeleteAccount.tsx","statementMap":{"0":{"start":{"line":1,"column":40},"end":{"line":1,"column":null}},"1":{"start":{"line":10,"column":22},"end":{"line":28,"column":1}},"2":{"start":{"line":10,"column":28},"end":{"line":10,"column":null}},"3":{"start":{"line":11,"column":22},"end":{"line":11,"column":null}},"4":{"start":{"line":12,"column":29},"end":{"line":12,"column":null}},"5":{"start":{"line":13,"column":25},"end":{"line":13,"column":null}},"6":{"start":{"line":14,"column":19},"end":{"line":14,"column":null}},"7":{"start":{"line":16,"column":2},"end":{"line":27,"column":null}},"8":{"start":{"line":17,"column":24},"end":{"line":20,"column":null}},"9":{"start":{"line":18,"column":6},"end":{"line":18,"column":null}},"10":{"start":{"line":19,"column":6},"end":{"line":19,"column":null}},"11":{"start":{"line":22,"column":4},"end":{"line":25,"column":null}},"12":{"start":{"line":28,"column":1},"end":{"line":14,"column":31}},"13":{"start":{"line":10,"column":19},"end":{"line":14,"column":31}},"14":{"start":{"line":14,"column":30},"end":{"line":10,"column":19}},"15":{"start":{"line":30,"column":28},"end":{"line":30,"column":null}}},"fnMap":{"0":{"name":"(anonymous_0)","decl":{"start":{"line":1,"column":40},"end":{"line":1,"column":null}},"loc":{"start":{"line":1,"column":40},"end":{"line":1,"column":null}}},"1":{"name":"(anonymous_1)","decl":{"start":{"line":10,"column":22},"end":{"line":10,"column":28}},"loc":{"start":{"line":10,"column":28},"end":{"line":28,"column":1}}},"2":{"name":"(anonymous_2)","decl":{"start":{"line":17,"column":24},"end":{"line":17,"column":36}},"loc":{"start":{"line":17,"column":36},"end":{"line":20,"column":null}}},"3":{"name":"(anonymous_3)","decl":{"start":{"line":10,"column":19},"end":{"line":10,"column":22}},"loc":{"start":{"line":10,"column":19},"end":{"line":14,"column":31}}}},"branchMap":{"0":{"loc":{"start":{"line":1,"column":40},"end":{"line":1,"column":null}},"type":"binary-expr","locations":[{"start":{"line":1,"column":40},"end":{"line":1,"column":null}},{"start":{"line":1,"column":40},"end":{"line":1,"column":null}}]},"1":{"loc":{"start":{"line":1,"column":40},"end":{"line":1,"column":null}},"type":"if","locations":[{"start":{"line":1,"column":40},"end":{"line":1,"column":null}}]},"2":{"loc":{"start":{"line":16,"column":2},"end":{"line":27,"column":null}},"type":"if","locations":[{"start":{"line":16,"column":2},"end":{"line":27,"column":null}}]}},"s":{"0":18,"1":2,"2":10,"3":10,"4":0,"5":0,"6":0,"7":0,"8":0,"9":0,"10":0,"11":0,"12":2,"13":2,"14":2,"15":2},"f":{"0":2,"1":10,"2":0,"3":2},"b":{"0":[4,2],"1":[2],"2":[0]}}
,"/home/amelie/Documents/Skola/Testing/CardGame/frontend/src/components/EditProfile.tsx": {"path":"/home/amelie/Documents/Skola/Testing/CardGame/frontend/src/components/EditProfile.tsx","statementMap":{},"fnMap":{},"branchMap":{},"s":{},"f":{},"b":{}}
,"/home/amelie/Documents/Skola/Testing/CardGame/frontend/src/components/GameLobby.tsx": {"path":"/home/amelie/Documents/Skola/Testing/CardGame/frontend/src/components/GameLobby.tsx","statementMap":{},"fnMap":{},"branchMap":{},"s":{},"f":{},"b":{}}
,"/home/amelie/Documents/Skola/Testing/CardGame/frontend/src/components/HomeScreen.tsx": {"path":"/home/amelie/Documents/Skola/Testing/CardGame/frontend/src/components/HomeScreen.tsx","statementMap":{},"fnMap":{},"branchMap":{},"s":{},"f":{},"b":{}}
,"/home/amelie/Documents/Skola/Testing/CardGame/frontend/src/components/LogoutButton.tsx": {"path":"/home/amelie/Documents/Skola/Testing/CardGame/frontend/src/components/LogoutButton.tsx","statementMap":{},"fnMap":{},"branchMap":{},"s":{},"f":{},"b":{}}
,"/home/amelie/Documents/Skola/Testing/CardGame/frontend/src/components/Navbar.tsx": {"path":"/home/amelie/Documents/Skola/Testing/CardGame/frontend/src/components/Navbar.tsx","statementMap":{},"fnMap":{},"branchMap":{},"s":{},"f":{},"b":{}}
,"/home/amelie/Documents/Skola/Testing/CardGame/frontend/src/components/Sequence.tsx": {"path":"/home/amelie/Documents/Skola/Testing/CardGame/frontend/src/components/Sequence.tsx","statementMap":{},"fnMap":{},"branchMap":{},"s":{},"f":{},"b":{}}
,"/home/amelie/Documents/Skola/Testing/CardGame/frontend/src/components/SigninSignup/Signin.tsx": {"path":"/home/amelie/Documents/Skola/Testing/CardGame/frontend/src/components/SigninSignup/Signin.tsx","statementMap":{},"fnMap":{},"branchMap":{},"s":{},"f":{},"b":{}}
,"/home/amelie/Documents/Skola/Testing/CardGame/frontend/src/components/SigninSignup/Signup.tsx": {"path":"/home/amelie/Documents/Skola/Testing/CardGame/frontend/src/components/SigninSignup/Signup.tsx","statementMap":{},"fnMap":{},"branchMap":{},"s":{},"f":{},"b":{}}
,"/home/amelie/Documents/Skola/Testing/CardGame/frontend/src/components/SigninSignup/index.tsx": {"path":"/home/amelie/Documents/Skola/Testing/CardGame/frontend/src/components/SigninSignup/index.tsx","statementMap":{},"fnMap":{},"branchMap":{},"s":{},"f":{},"b":{}}
,"/home/amelie/Documents/Skola/Testing/CardGame/frontend/src/constants/Context.ts": {"path":"/home/amelie/Documents/Skola/Testing/CardGame/frontend/src/constants/Context.ts","statementMap":{},"fnMap":{"0":{"name":"(anonymous_0)","decl":{"start":{"line":10,"column":18},"end":{"line":10,"column":24}},"loc":{"start":{"line":10,"column":24},"end":{"line":10,"column":null}}}},"branchMap":{},"s":{},"f":{"0":0},"b":{}}
,"/home/amelie/Documents/Skola/Testing/CardGame/frontend/src/constants/Deck.tsx": {"path":"/home/amelie/Documents/Skola/Testing/CardGame/frontend/src/constants/Deck.tsx","statementMap":{},"fnMap":{},"branchMap":{},"s":{},"f":{},"b":{}}
,"/home/amelie/Documents/Skola/Testing/CardGame/frontend/src/constants/baseUrl.ts": {"path":"/home/amelie/Documents/Skola/Testing/CardGame/frontend/src/constants/baseUrl.ts","statementMap":{"0":{"start":{"line":5,"column":24},"end":{"line":5,"column":null}}},"fnMap":{},"branchMap":{},"s":{"0":2},"f":{},"b":{}}
,"/home/amelie/Documents/Skola/Testing/CardGame/frontend/src/constants/queryKeys.ts": {"path":"/home/amelie/Documents/Skola/Testing/CardGame/frontend/src/constants/queryKeys.ts","statementMap":{},"fnMap":{},"branchMap":{},"s":{},"f":{},"b":{}}
,"/home/amelie/Documents/Skola/Testing/CardGame/frontend/src/helpers/AuthForm.tsx": {"path":"/home/amelie/Documents/Skola/Testing/CardGame/frontend/src/helpers/AuthForm.tsx","statementMap":{},"fnMap":{},"branchMap":{},"s":{},"f":{},"b":{}}
,"/home/amelie/Documents/Skola/Testing/CardGame/frontend/src/hooks/useSignIn.tsx": {"path":"/home/amelie/Documents/Skola/Testing/CardGame/frontend/src/hooks/useSignIn.tsx","statementMap":{},"fnMap":{},"branchMap":{},"s":{},"f":{},"b":{}}
,"/home/amelie/Documents/Skola/Testing/CardGame/frontend/src/hooks/useUser.ts": {"path":"/home/amelie/Documents/Skola/Testing/CardGame/frontend/src/hooks/useUser.ts","statementMap":{"0":{"start":{"line":6,"column":16},"end":{"line":14,"column":null}},"1":{"start":{"line":7,"column":26},"end":{"line":7,"column":null}},"2":{"start":{"line":9,"column":2},"end":{"line":13,"column":null}}},"fnMap":{"0":{"name":"(anonymous_0)","decl":{"start":{"line":6,"column":16},"end":{"line":6,"column":22}},"loc":{"start":{"line":6,"column":22},"end":{"line":14,"column":null}}}},"branchMap":{},"s":{"0":2,"1":0,"2":0},"f":{"0":0},"b":{}}
,"/home/amelie/Documents/Skola/Testing/CardGame/frontend/src/utils/GameContext.tsx": {"path":"/home/amelie/Documents/Skola/Testing/CardGame/frontend/src/utils/GameContext.tsx","statementMap":{},"fnMap":{},"branchMap":{},"s":{},"f":{},"b":{}}
,"/home/amelie/Documents/Skola/Testing/CardGame/frontend/src/utils/UserContext.tsx": {"path":"/home/amelie/Documents/Skola/Testing/CardGame/frontend/src/utils/UserContext.tsx","statementMap":{},"fnMap":{},"branchMap":{},"s":{},"f":{},"b":{}}
,"/home/amelie/Documents/Skola/Testing/CardGame/frontend/src/utils/types.ts": {"path":"/home/amelie/Documents/Skola/Testing/CardGame/frontend/src/utils/types.ts","statementMap":{},"fnMap":{},"branchMap":{},"s":{},"f":{},"b":{}}
,"/home/amelie/Documents/Skola/Testing/CardGame/frontend/src/utils/useGame.tsx": {"path":"/home/amelie/Documents/Skola/Testing/CardGame/frontend/src/utils/useGame.tsx","statementMap":{},"fnMap":{},"branchMap":{},"s":{},"f":{},"b":{}}
,"/home/amelie/Documents/Skola/Testing/CardGame/frontend/src/utils/useUsername.tsx": {"path":"/home/amelie/Documents/Skola/Testing/CardGame/frontend/src/utils/useUsername.tsx","statementMap":{},"fnMap":{},"branchMap":{},"s":{},"f":{},"b":{}}
,"/home/amelie/Documents/Skola/Testing/CardGame/frontend/src/views/Game.tsx": {"path":"/home/amelie/Documents/Skola/Testing/CardGame/frontend/src/views/Game.tsx","statementMap":{},"fnMap":{},"branchMap":{},"s":{},"f":{},"b":{}}
,"/home/amelie/Documents/Skola/Testing/CardGame/frontend/src/views/Home.tsx": {"path":"/home/amelie/Documents/Skola/Testing/CardGame/frontend/src/views/Home.tsx","statementMap":{},"fnMap":{},"branchMap":{},"s":{},"f":{},"b":{}}
,"/home/amelie/Documents/Skola/Testing/CardGame/frontend/src/views/Profile.tsx": {"path":"/home/amelie/Documents/Skola/Testing/CardGame/frontend/src/views/Profile.tsx","statementMap":{},"fnMap":{},"branchMap":{},"s":{},"f":{},"b":{}}
}
