{"/home/amelie/Documents/Skola/Testing/CardGame/frontend/src/App.tsx": {"path":"/home/amelie/Documents/Skola/Testing/CardGame/frontend/src/App.tsx","statementMap":{"0":{"start":{"line":1,"column":32},"end":{"line":1,"column":null}},"1":{"start":{"line":13,"column":16},"end":{"line":13,"column":null}},"2":{"start":{"line":14,"column":40},"end":{"line":14,"column":null}},"3":{"start":{"line":15,"column":2},"end":{"line":23,"column":null}},"4":{"start":{"line":25,"column":1},"end":{"line":13,"column":16}},"5":{"start":{"line":13,"column":13},"end":{"line":null,"column":-1}},"6":{"start":{"line":28,"column":22},"end":{"line":28,"column":null}},"7":{"start":{"line":30,"column":17},"end":{"line":48,"column":null}},"8":{"start":{"line":50,"column":2},"end":{"line":54,"column":null}},"9":{"start":{"line":56,"column":1},"end":{"line":27,"column":15}},"10":{"start":{"line":58,"column":18},"end":{"line":58,"column":null}},"11":{"start":{"line":1,"column":32},"end":{"line":20,"column":11}},"12":{"start":{"line":20,"column":10},"end":{"line":20,"column":11}},"13":{"start":{"line":20,"column":17},"end":{"line":38,"column":20}},"14":{"start":{"line":38,"column":19},"end":{"line":46,"column":16}}},"fnMap":{"0":{"name":"(anonymous_0)","decl":{"start":{"line":1,"column":32},"end":{"line":1,"column":null}},"loc":{"start":{"line":1,"column":32},"end":{"line":1,"column":null}}},"1":{"name":"Root","decl":{"start":{"line":13,"column":9},"end":{"line":13,"column":13}},"loc":{"start":{"line":13,"column":16},"end":{"line":25,"column":1}}},"2":{"name":"App","decl":{"start":{"line":27,"column":9},"end":{"line":27,"column":15}},"loc":{"start":{"line":27,"column":15},"end":{"line":56,"column":1}}},"3":{"name":"App","decl":{"start":{"line":20,"column":10},"end":{"line":20,"column":11}},"loc":{"start":{"line":20,"column":10},"end":{"line":46,"column":16}}}},"branchMap":{"0":{"loc":{"start":{"line":1,"column":32},"end":{"line":1,"column":null}},"type":"binary-expr","locations":[{"start":{"line":1,"column":32},"end":{"line":1,"column":null}},{"start":{"line":1,"column":32},"end":{"line":1,"column":null}}]},"1":{"loc":{"start":{"line":1,"column":32},"end":{"line":1,"column":null}},"type":"if","locations":[{"start":{"line":1,"column":32},"end":{"line":1,"column":null}}]}},"s":{"0":30,"1":4,"2":4,"3":2,"4":4,"5":4,"6":4,"7":2,"8":2,"9":2,"10":4,"11":2,"12":4,"13":2,"14":4},"f":{"0":8,"1":2,"2":2,"3":2},"b":{"0":[4,2],"1":[2]}}
,"/home/amelie/Documents/Skola/Testing/CardGame/frontend/src/main.tsx": {"path":"/home/amelie/Documents/Skola/Testing/CardGame/frontend/src/main.tsx","statementMap":{},"fnMap":{},"branchMap":{},"s":{},"f":{},"b":{}}
,"/home/amelie/Documents/Skola/Testing/CardGame/frontend/src/api/user.tsx": {"path":"/home/amelie/Documents/Skola/Testing/CardGame/frontend/src/api/user.tsx","statementMap":{"0":{"start":{"line":1,"column":0},"end":{"line":1,"column":null}},"1":{"start":{"line":13,"column":23},"end":{"line":28,"column":1}},"2":{"start":{"line":14,"column":22},"end":{"line":14,"column":null}},"3":{"start":{"line":16,"column":2},"end":{"line":27,"column":null}},"4":{"start":{"line":17,"column":21},"end":{"line":21,"column":null}},"5":{"start":{"line":22,"column":4},"end":{"line":22,"column":null}},"6":{"start":{"line":23,"column":4},"end":{"line":23,"column":null}},"7":{"start":{"line":25,"column":4},"end":{"line":25,"column":null}},"8":{"start":{"line":26,"column":4},"end":{"line":26,"column":null}},"9":{"start":{"line":28,"column":1},"end":{"line":13,"column":23}},"10":{"start":{"line":30,"column":25},"end":{"line":50,"column":1}},"11":{"start":{"line":35,"column":35},"end":{"line":35,"column":null}},"12":{"start":{"line":37,"column":2},"end":{"line":49,"column":null}},"13":{"start":{"line":38,"column":21},"end":{"line":41,"column":null}},"14":{"start":{"line":42,"column":4},"end":{"line":42,"column":null}},"15":{"start":{"line":43,"column":4},"end":{"line":43,"column":null}},"16":{"start":{"line":44,"column":4},"end":{"line":44,"column":null}},"17":{"start":{"line":45,"column":4},"end":{"line":45,"column":null}},"18":{"start":{"line":47,"column":4},"end":{"line":47,"column":null}},"19":{"start":{"line":48,"column":4},"end":{"line":48,"column":null}},"20":{"start":{"line":50,"column":1},"end":{"line":30,"column":25}},"21":{"start":{"line":52,"column":26},"end":{"line":66,"column":1}},"22":{"start":{"line":57,"column":2},"end":{"line":65,"column":null}},"23":{"start":{"line":58,"column":4},"end":{"line":60,"column":null}},"24":{"start":{"line":61,"column":4},"end":{"line":61,"column":null}},"25":{"start":{"line":63,"column":4},"end":{"line":63,"column":null}},"26":{"start":{"line":64,"column":4},"end":{"line":64,"column":null}},"27":{"start":{"line":66,"column":1},"end":{"line":52,"column":26}},"28":{"start":{"line":68,"column":26},"end":{"line":76,"column":1}},"29":{"start":{"line":72,"column":2},"end":{"line":72,"column":null}},"30":{"start":{"line":73,"column":2},"end":{"line":73,"column":null}},"31":{"start":{"line":74,"column":2},"end":{"line":74,"column":null}},"32":{"start":{"line":75,"column":2},"end":{"line":75,"column":null}},"33":{"start":{"line":76,"column":1},"end":{"line":68,"column":26}},"34":{"start":{"line":78,"column":24},"end":{"line":86,"column":1}},"35":{"start":{"line":79,"column":2},"end":{"line":85,"column":null}},"36":{"start":{"line":80,"column":4},"end":{"line":80,"column":null}},"37":{"start":{"line":81,"column":4},"end":{"line":81,"column":null}},"38":{"start":{"line":83,"column":4},"end":{"line":83,"column":null}},"39":{"start":{"line":84,"column":4},"end":{"line":84,"column":null}},"40":{"start":{"line":86,"column":1},"end":{"line":78,"column":24}},"41":{"start":{"line":88,"column":32},"end":{"line":99,"column":1}},"42":{"start":{"line":92,"column":2},"end":{"line":98,"column":null}},"43":{"start":{"line":93,"column":4},"end":{"line":93,"column":null}},"44":{"start":{"line":94,"column":4},"end":{"line":94,"column":null}},"45":{"start":{"line":96,"column":4},"end":{"line":96,"column":null}},"46":{"start":{"line":97,"column":4},"end":{"line":97,"column":null}},"47":{"start":{"line":99,"column":1},"end":{"line":88,"column":32}},"48":{"start":{"line":101,"column":26},"end":{"line":115,"column":1}},"49":{"start":{"line":106,"column":2},"end":{"line":114,"column":null}},"50":{"start":{"line":107,"column":4},"end":{"line":109,"column":null}},"51":{"start":{"line":110,"column":4},"end":{"line":110,"column":null}},"52":{"start":{"line":112,"column":4},"end":{"line":112,"column":null}},"53":{"start":{"line":113,"column":4},"end":{"line":113,"column":null}},"54":{"start":{"line":115,"column":1},"end":{"line":101,"column":23}},"55":{"start":{"line":101,"column":23},"end":{"line":101,"column":26}},"56":{"start":{"line":1,"column":0},"end":{"line":10,"column":9}},"57":{"start":{"line":1,"column":0},"end":{"line":9,"column":7}},"58":{"start":{"line":13,"column":23},"end":{"line":28,"column":null}},"59":{"start":{"line":14,"column":35},"end":{"line":14,"column":43}},"60":{"start":{"line":16,"column":2},"end":{"line":28,"column":1}},"61":{"start":{"line":17,"column":21},"end":{"line":19,"column":null}},"62":{"start":{"line":21,"column":4},"end":{"line":21,"column":null}},"63":{"start":{"line":24,"column":2},"end":{"line":24,"column":null}},"64":{"start":{"line":27,"column":2},"end":{"line":27,"column":null}},"65":{"start":{"line":30,"column":25},"end":{"line":45,"column":11}},"66":{"start":{"line":35,"column":2},"end":{"line":44,"column":16}},"67":{"start":{"line":37,"column":2},"end":{"line":39,"column":null}},"68":{"start":{"line":39,"column":6},"end":{"line":40,"column":null}},"69":{"start":{"line":43,"column":4},"end":{"line":43,"column":40}},"70":{"start":{"line":46,"column":18},"end":{"line":50,"column":null}},"71":{"start":{"line":47,"column":4},"end":{"line":47,"column":39}},"72":{"start":{"line":48,"column":4},"end":{"line":48,"column":38}},"73":{"start":{"line":49,"column":2},"end":{"line":49,"column":null}},"74":{"start":{"line":50,"column":0},"end":{"line":50,"column":1}},"75":{"start":{"line":52,"column":13},"end":{"line":64,"column":10}},"76":{"start":{"line":57,"column":2},"end":{"line":63,"column":12}},"77":{"start":{"line":58,"column":4},"end":{"line":58,"column":null}},"78":{"start":{"line":58,"column":54},"end":{"line":59,"column":null}},"79":{"start":{"line":61,"column":4},"end":{"line":61,"column":53}},"80":{"start":{"line":62,"column":2},"end":{"line":62,"column":null}},"81":{"start":{"line":65,"column":2},"end":{"line":76,"column":1}},"82":{"start":{"line":66,"column":0},"end":{"line":75,"column":17}},"83":{"start":{"line":68,"column":7},"end":{"line":70,"column":null}},"84":{"start":{"line":68,"column":13},"end":{"line":86,"column":null}},"85":{"start":{"line":78,"column":7},"end":{"line":86,"column":1}},"86":{"start":{"line":79,"column":2},"end":{"line":81,"column":16}},"87":{"start":{"line":82,"column":2},"end":{"line":82,"column":null}},"88":{"start":{"line":85,"column":2},"end":{"line":85,"column":null}}},"fnMap":{"0":{"name":"(anonymous_0)","decl":{"start":{"line":1,"column":0},"end":{"line":1,"column":null}},"loc":{"start":{"line":1,"column":0},"end":{"line":1,"column":null}}},"1":{"name":"(anonymous_1)","decl":{"start":{"line":13,"column":23},"end":{"line":13,"column":58}},"loc":{"start":{"line":13,"column":58},"end":{"line":28,"column":1}}},"2":{"name":"(anonymous_2)","decl":{"start":{"line":30,"column":25},"end":{"line":30,"column":null}},"loc":{"start":{"line":34,"column":20},"end":{"line":50,"column":1}}},"3":{"name":"(anonymous_3)","decl":{"start":{"line":52,"column":26},"end":{"line":52,"column":null}},"loc":{"start":{"line":56,"column":20},"end":{"line":66,"column":1}}},"4":{"name":"(anonymous_4)","decl":{"start":{"line":68,"column":26},"end":{"line":68,"column":null}},"loc":{"start":{"line":71,"column":20},"end":{"line":76,"column":1}}},"5":{"name":"(anonymous_5)","decl":{"start":{"line":78,"column":24},"end":{"line":78,"column":31}},"loc":{"start":{"line":78,"column":87},"end":{"line":86,"column":1}}},"6":{"name":"(anonymous_6)","decl":{"start":{"line":88,"column":32},"end":{"line":88,"column":null}},"loc":{"start":{"line":91,"column":20},"end":{"line":99,"column":1}}},"7":{"name":"(anonymous_7)","decl":{"start":{"line":101,"column":26},"end":{"line":101,"column":null}},"loc":{"start":{"line":105,"column":20},"end":{"line":115,"column":1}}},"8":{"name":"(anonymous_3)","decl":{"start":{"line":46,"column":18},"end":{"line":46,"column":null}},"loc":{"start":{"line":46,"column":18},"end":{"line":50,"column":null}}},"9":{"name":"(anonymous_4)","decl":{"start":{"line":52,"column":13},"end":{"line":52,"column":26}},"loc":{"start":{"line":55,"column":2},"end":{"line":64,"column":10}}},"10":{"name":"(anonymous_5)","decl":{"start":{"line":65,"column":2},"end":{"line":65,"column":null}},"loc":{"start":{"line":65,"column":2},"end":{"line":76,"column":1}}},"11":{"name":"(anonymous_6)","decl":{"start":{"line":68,"column":13},"end":{"line":68,"column":26}},"loc":{"start":{"line":68,"column":13},"end":{"line":86,"column":null}}}},"branchMap":{"0":{"loc":{"start":{"line":1,"column":0},"end":{"line":1,"column":null}},"type":"binary-expr","locations":[{"start":{"line":1,"column":0},"end":{"line":1,"column":null}},{"start":{"line":1,"column":0},"end":{"line":1,"column":null}}]},"1":{"loc":{"start":{"line":1,"column":0},"end":{"line":1,"column":null}},"type":"if","locations":[{"start":{"line":1,"column":0},"end":{"line":1,"column":null}}]}},"s":{"0":74,"1":2,"2":4,"3":0,"4":0,"5":0,"6":0,"7":0,"8":0,"9":2,"10":2,"11":0,"12":0,"13":0,"14":0,"15":0,"16":4,"17":0,"18":4,"19":4,"20":2,"21":2,"22":0,"23":0,"24":0,"25":4,"26":0,"27":2,"28":6,"29":0,"30":2,"31":2,"32":4,"33":2,"34":2,"35":0,"36":0,"37":0,"38":0,"39":0,"40":2,"41":2,"42":0,"43":0,"44":0,"45":0,"46":0,"47":2,"48":2,"49":0,"50":0,"51":0,"52":0,"53":0,"54":2,"55":14,"56":4,"57":2,"58":4,"59":0,"60":0,"61":0,"62":0,"63":0,"64":2,"65":6,"66":2,"67":0,"68":0,"69":0,"70":4,"71":0,"72":0,"73":2,"74":0,"75":4,"76":0,"77":0,"78":0,"79":0,"80":0,"81":4,"82":0,"83":0,"84":4,"85":0,"86":0,"87":0,"88":2},"f":{"0":18,"1":0,"2":0,"3":0,"4":0,"5":0,"6":0,"7":0,"8":0,"9":0,"10":0,"11":0},"b":{"0":[4,2],"1":[2]}}
,"/home/amelie/Documents/Skola/Testing/CardGame/frontend/src/assets/colors.tsx": {"path":"/home/amelie/Documents/Skola/Testing/CardGame/frontend/src/assets/colors.tsx","statementMap":{"0":{"start":{"line":1,"column":21},"end":{"line":11,"column":null}}},"fnMap":{},"branchMap":{},"s":{"0":6},"f":{},"b":{}}
,"/home/amelie/Documents/Skola/Testing/CardGame/frontend/src/assets/Cards/CardImages.ts": {"path":"/home/amelie/Documents/Skola/Testing/CardGame/frontend/src/assets/Cards/CardImages.ts","statementMap":{"0":{"start":{"line":65,"column":26},"end":{"line":127,"column":null}}},"fnMap":{},"branchMap":{},"s":{"0":6},"f":{},"b":{}}
,"/home/amelie/Documents/Skola/Testing/CardGame/frontend/src/assets/Markers/markers.ts": {"path":"/home/amelie/Documents/Skola/Testing/CardGame/frontend/src/assets/Markers/markers.ts","statementMap":{"0":{"start":{"line":12,"column":17},"end":{"line":28,"column":null}},"1":{"start":{"line":30,"column":20},"end":{"line":32,"column":null}},"2":{"start":{"line":31,"column":2},"end":{"line":31,"column":null}},"3":{"start":{"line":34,"column":27},"end":{"line":36,"column":null}},"4":{"start":{"line":35,"column":2},"end":{"line":35,"column":null}},"5":{"start":{"line":38,"column":26},"end":{"line":40,"column":null}},"6":{"start":{"line":39,"column":2},"end":{"line":39,"column":null}}},"fnMap":{"0":{"name":"(anonymous_0)","decl":{"start":{"line":30,"column":20},"end":{"line":30,"column":21}},"loc":{"start":{"line":30,"column":38},"end":{"line":32,"column":null}}},"1":{"name":"(anonymous_1)","decl":{"start":{"line":34,"column":27},"end":{"line":34,"column":28}},"loc":{"start":{"line":34,"column":45},"end":{"line":36,"column":null}}},"2":{"name":"(anonymous_2)","decl":{"start":{"line":38,"column":26},"end":{"line":38,"column":27}},"loc":{"start":{"line":38,"column":44},"end":{"line":40,"column":null}}}},"branchMap":{},"s":{"0":6,"1":6,"2":0,"3":6,"4":0,"5":6,"6":0},"f":{"0":0,"1":0,"2":0},"b":{}}
,"/home/amelie/Documents/Skola/Testing/CardGame/frontend/src/assets/StyledComponents/FormComponents.tsx": {"path":"/home/amelie/Documents/Skola/Testing/CardGame/frontend/src/assets/StyledComponents/FormComponents.tsx","statementMap":{"0":{"start":{"line":4,"column":26},"end":{"line":4,"column":null}},"1":{"start":{"line":12,"column":25},"end":{"line":39,"column":null}},"2":{"start":{"line":51,"column":29},"end":{"line":64,"column":null}},"3":{"start":{"line":53,"column":33},"end":{"line":53,"column":73}},"4":{"start":{"line":56,"column":22},"end":{"line":56,"column":49}},"5":{"start":{"line":58,"column":22},"end":{"line":58,"column":45}},"6":{"start":{"line":64,"column":35},"end":{"line":64,"column":77}}},"fnMap":{"0":{"name":"(anonymous_0)","decl":{"start":{"line":53,"column":22},"end":{"line":53,"column":23}},"loc":{"start":{"line":53,"column":33},"end":{"line":53,"column":73}}},"1":{"name":"(anonymous_1)","decl":{"start":{"line":56,"column":11},"end":{"line":56,"column":12}},"loc":{"start":{"line":56,"column":22},"end":{"line":56,"column":49}}},"2":{"name":"(anonymous_2)","decl":{"start":{"line":58,"column":11},"end":{"line":58,"column":12}},"loc":{"start":{"line":58,"column":22},"end":{"line":58,"column":45}}},"3":{"name":"(anonymous_3)","decl":{"start":{"line":64,"column":24},"end":{"line":64,"column":25}},"loc":{"start":{"line":64,"column":35},"end":{"line":64,"column":77}}}},"branchMap":{"0":{"loc":{"start":{"line":53,"column":33},"end":{"line":53,"column":73}},"type":"binary-expr","locations":[{"start":{"line":53,"column":33},"end":{"line":53,"column":58}},{"start":{"line":53,"column":58},"end":{"line":53,"column":73}}]},"1":{"loc":{"start":{"line":56,"column":22},"end":{"line":56,"column":49}},"type":"binary-expr","locations":[{"start":{"line":56,"column":22},"end":{"line":56,"column":37}},{"start":{"line":56,"column":37},"end":{"line":56,"column":49}}]},"2":{"loc":{"start":{"line":58,"column":22},"end":{"line":58,"column":45}},"type":"binary-expr","locations":[{"start":{"line":58,"column":22},"end":{"line":58,"column":37}},{"start":{"line":58,"column":37},"end":{"line":58,"column":45}}]},"3":{"loc":{"start":{"line":64,"column":35},"end":{"line":64,"column":77}},"type":"binary-expr","locations":[{"start":{"line":64,"column":35},"end":{"line":64,"column":65}},{"start":{"line":64,"column":65},"end":{"line":64,"column":77}}]}},"s":{"0":6,"1":6,"2":6,"3":14,"4":14,"5":14,"6":14},"f":{"0":14,"1":14,"2":14,"3":14},"b":{"0":[14,14],"1":[14,14],"2":[14,14],"3":[14,14]}}
,"/home/amelie/Documents/Skola/Testing/CardGame/frontend/src/assets/StyledComponents/GameStyles.tsx": {"path":"/home/amelie/Documents/Skola/Testing/CardGame/frontend/src/assets/StyledComponents/GameStyles.tsx","statementMap":{"0":{"start":{"line":4,"column":24},"end":{"line":7,"column":null}},"1":{"start":{"line":17,"column":24},"end":{"line":17,"column":null}},"2":{"start":{"line":27,"column":20},"end":{"line":27,"column":null}},"3":{"start":{"line":44,"column":25},"end":{"line":44,"column":null}},"4":{"start":{"line":60,"column":26},"end":{"line":60,"column":null}},"5":{"start":{"line":74,"column":29},"end":{"line":78,"column":null}},"6":{"start":{"line":86,"column":31},"end":{"line":94,"column":null}},"7":{"start":{"line":101,"column":22},"end":{"line":101,"column":null}},"8":{"start":{"line":107,"column":27},"end":{"line":107,"column":null}},"9":{"start":{"line":122,"column":27},"end":{"line":131,"column":null}}},"fnMap":{},"branchMap":{},"s":{"0":6,"1":6,"2":6,"3":6,"4":6,"5":6,"6":6,"7":6,"8":6,"9":6},"f":{},"b":{}}
,"/home/amelie/Documents/Skola/Testing/CardGame/frontend/src/components/AuthForm.tsx": {"path":"/home/amelie/Documents/Skola/Testing/CardGame/frontend/src/components/AuthForm.tsx","statementMap":{"0":{"start":{"line":5,"column":17},"end":{"line":43,"column":null}},"1":{"start":{"line":6,"column":38},"end":{"line":8,"column":null}},"2":{"start":{"line":7,"column":38},"end":{"line":7,"column":90}},"3":{"start":{"line":10,"column":28},"end":{"line":15,"column":null}},"4":{"start":{"line":11,"column":4},"end":{"line":14,"column":null}},"5":{"start":{"line":17,"column":23},"end":{"line":20,"column":null}},"6":{"start":{"line":18,"column":4},"end":{"line":18,"column":null}},"7":{"start":{"line":19,"column":4},"end":{"line":19,"column":null}},"8":{"start":{"line":22,"column":2},"end":{"line":41,"column":null}},"9":{"start":{"line":26,"column":10},"end":{"line":36,"column":null}}},"fnMap":{"0":{"name":"(anonymous_0)","decl":{"start":{"line":5,"column":17},"end":{"line":5,"column":22}},"loc":{"start":{"line":5,"column":69},"end":{"line":43,"column":null}}},"1":{"name":"(anonymous_1)","decl":{"start":{"line":7,"column":18},"end":{"line":7,"column":19}},"loc":{"start":{"line":7,"column":38},"end":{"line":7,"column":90}}},"2":{"name":"(anonymous_2)","decl":{"start":{"line":10,"column":28},"end":{"line":10,"column":29}},"loc":{"start":{"line":10,"column":76},"end":{"line":15,"column":null}}},"3":{"name":"(anonymous_3)","decl":{"start":{"line":17,"column":23},"end":{"line":17,"column":30}},"loc":{"start":{"line":17,"column":74},"end":{"line":20,"column":null}}},"4":{"name":"(anonymous_4)","decl":{"start":{"line":25,"column":8},"end":{"line":25,"column":9}},"loc":{"start":{"line":26,"column":10},"end":{"line":36,"column":null}}}},"branchMap":{"0":{"loc":{"start":{"line":7,"column":68},"end":{"line":7,"column":86}},"type":"binary-expr","locations":[{"start":{"line":7,"column":68},"end":{"line":7,"column":83}},{"start":{"line":7,"column":83},"end":{"line":7,"column":86}}]},"1":{"loc":{"start":{"line":26,"column":10},"end":{"line":36,"column":null}},"type":"binary-expr","locations":[{"start":{"line":26,"column":10},"end":{"line":26,"column":null}},{"start":{"line":27,"column":12},"end":{"line":36,"column":null}}]}},"s":{"0":2,"1":2,"2":4,"3":2,"4":0,"5":2,"6":0,"7":0,"8":2,"9":4},"f":{"0":2,"1":4,"2":0,"3":0,"4":4},"b":{"0":[4,4],"1":[4,4]}}
,"/home/amelie/Documents/Skola/Testing/CardGame/frontend/src/components/Card.tsx": {"path":"/home/amelie/Documents/Skola/Testing/CardGame/frontend/src/components/Card.tsx","statementMap":{"0":{"start":{"line":1,"column":36},"end":{"line":1,"column":null}},"1":{"start":{"line":18,"column":13},"end":{"line":41,"column":1}},"2":{"start":{"line":19,"column":14},"end":{"line":39,"column":null}},"3":{"start":{"line":41,"column":1},"end":{"line":18,"column":13}},"4":{"start":{"line":43,"column":18},"end":{"line":43,"column":null}},"5":{"start":{"line":47,"column":1},"end":{"line":43,"column":18}},"6":{"start":{"line":49,"column":15},"end":{"line":57,"column":1}},"7":{"start":{"line":50,"column":14},"end":{"line":53,"column":null}},"8":{"start":{"line":57,"column":1},"end":{"line":49,"column":15}},"9":{"start":{"line":60,"column":2},"end":{"line":77,"column":null}},"10":{"start":{"line":79,"column":1},"end":{"line":59,"column":21}},"11":{"start":{"line":59,"column":21},"end":{"line":59,"column":22}}},"fnMap":{"0":{"name":"(anonymous_0)","decl":{"start":{"line":1,"column":36},"end":{"line":1,"column":null}},"loc":{"start":{"line":1,"column":36},"end":{"line":1,"column":null}}},"1":{"name":"(anonymous_1)","decl":{"start":{"line":19,"column":2},"end":{"line":19,"column":3}},"loc":{"start":{"line":19,"column":14},"end":{"line":39,"column":null}}},"2":{"name":"(anonymous_2)","decl":{"start":{"line":50,"column":2},"end":{"line":50,"column":3}},"loc":{"start":{"line":50,"column":14},"end":{"line":53,"column":null}}},"3":{"name":"Cards","decl":{"start":{"line":59,"column":16},"end":{"line":59,"column":21}},"loc":{"start":{"line":59,"column":40},"end":{"line":79,"column":1}}}},"branchMap":{"0":{"loc":{"start":{"line":1,"column":36},"end":{"line":1,"column":null}},"type":"binary-expr","locations":[{"start":{"line":1,"column":36},"end":{"line":1,"column":null}},{"start":{"line":1,"column":36},"end":{"line":1,"column":null}}]},"1":{"loc":{"start":{"line":1,"column":36},"end":{"line":1,"column":null}},"type":"if","locations":[{"start":{"line":1,"column":36},"end":{"line":1,"column":null}}]},"2":{"loc":{"start":{"line":20,"column":11},"end":{"line":20,"column":52}},"type":"cond-expr","locations":[{"start":{"line":20,"column":29},"end":{"line":20,"column":38}},{"start":{"line":20,"column":38},"end":{"line":20,"column":52}}]},"3":{"loc":{"start":{"line":21,"column":12},"end":{"line":21,"column":53}},"type":"cond-expr","locations":[{"start":{"line":21,"column":30},"end":{"line":21,"column":39}},{"start":{"line":21,"column":39},"end":{"line":21,"column":53}}]},"4":{"loc":{"start":{"line":22,"column":15},"end":{"line":22,"column":40}},"type":"binary-expr","locations":[{"start":{"line":22,"column":15},"end":{"line":22,"column":34}},{"start":{"line":22,"column":34},"end":{"line":22,"column":40}}]},"5":{"loc":{"start":{"line":23,"column":14},"end":{"line":23,"column":39}},"type":"binary-expr","locations":[{"start":{"line":23,"column":14},"end":{"line":23,"column":33}},{"start":{"line":23,"column":33},"end":{"line":23,"column":39}}]},"6":{"loc":{"start":{"line":24,"column":10},"end":{"line":24,"column":77}},"type":"cond-expr","locations":[{"start":{"line":24,"column":53},"end":{"line":24,"column":65}},{"start":{"line":24,"column":65},"end":{"line":24,"column":77}}]},"7":{"loc":{"start":{"line":24,"column":10},"end":{"line":24,"column":53}},"type":"binary-expr","locations":[{"start":{"line":24,"column":10},"end":{"line":24,"column":32}},{"start":{"line":24,"column":32},"end":{"line":24,"column":53}}]},"8":{"loc":{"start":{"line":32,"column":26},"end":{"line":32,"column":94}},"type":"binary-expr","locations":[{"start":{"line":32,"column":26},"end":{"line":32,"column":45}},{"start":{"line":32,"column":45},"end":{"line":32,"column":94}}]},"9":{"loc":{"start":{"line":34,"column":22},"end":{"line":34,"column":83}},"type":"cond-expr","locations":[{"start":{"line":34,"column":53},"end":{"line":34,"column":71}},{"start":{"line":34,"column":71},"end":{"line":34,"column":83}}]},"10":{"loc":{"start":{"line":36,"column":4},"end":{"line":38,"column":null}},"type":"cond-expr","locations":[{"start":{"line":37,"column":8},"end":{"line":37,"column":null}},{"start":{"line":38,"column":8},"end":{"line":38,"column":null}}]},"11":{"loc":{"start":{"line":36,"column":4},"end":{"line":36,"column":null}},"type":"binary-expr","locations":[{"start":{"line":36,"column":4},"end":{"line":36,"column":36}},{"start":{"line":36,"column":36},"end":{"line":36,"column":null}}]},"12":{"loc":{"start":{"line":72,"column":9},"end":{"line":73,"column":null}},"type":"binary-expr","locations":[{"start":{"line":72,"column":9},"end":{"line":72,"column":null}},{"start":{"line":73,"column":10},"end":{"line":73,"column":null}}]}},"s":{"0":26,"1":2,"2":0,"3":2,"4":2,"5":2,"6":2,"7":0,"8":2,"9":0,"10":2,"11":12},"f":{"0":12,"1":0,"2":0,"3":0},"b":{"0":[4,2],"1":[2],"2":[0,0],"3":[0,0],"4":[0,0],"5":[0,0],"6":[0,0],"7":[0,0],"8":[0,0],"9":[0,0],"10":[0,0],"11":[0,0],"12":[0,0]}}
,"/home/amelie/Documents/Skola/Testing/CardGame/frontend/src/components/DeleteAccount.tsx": {"path":"/home/amelie/Documents/Skola/Testing/CardGame/frontend/src/components/DeleteAccount.tsx","statementMap":{"0":{"start":{"line":1,"column":40},"end":{"line":1,"column":null}},"1":{"start":{"line":10,"column":22},"end":{"line":28,"column":1}},"2":{"start":{"line":10,"column":28},"end":{"line":10,"column":null}},"3":{"start":{"line":11,"column":22},"end":{"line":11,"column":null}},"4":{"start":{"line":12,"column":29},"end":{"line":12,"column":null}},"5":{"start":{"line":13,"column":25},"end":{"line":13,"column":null}},"6":{"start":{"line":14,"column":19},"end":{"line":14,"column":null}},"7":{"start":{"line":16,"column":2},"end":{"line":27,"column":null}},"8":{"start":{"line":17,"column":24},"end":{"line":20,"column":null}},"9":{"start":{"line":18,"column":6},"end":{"line":18,"column":null}},"10":{"start":{"line":19,"column":6},"end":{"line":19,"column":null}},"11":{"start":{"line":22,"column":4},"end":{"line":25,"column":null}},"12":{"start":{"line":28,"column":1},"end":{"line":14,"column":31}},"13":{"start":{"line":10,"column":19},"end":{"line":14,"column":31}},"14":{"start":{"line":14,"column":30},"end":{"line":10,"column":19}},"15":{"start":{"line":30,"column":28},"end":{"line":30,"column":null}},"16":{"start":{"line":1,"column":40},"end":{"line":10,"column":6}},"17":{"start":{"line":1,"column":40},"end":{"line":8,"column":9}},"18":{"start":{"line":3,"column":0},"end":{"line":7,"column":30}}},"fnMap":{"0":{"name":"(anonymous_0)","decl":{"start":{"line":1,"column":40},"end":{"line":1,"column":null}},"loc":{"start":{"line":1,"column":40},"end":{"line":1,"column":null}}},"1":{"name":"(anonymous_1)","decl":{"start":{"line":10,"column":22},"end":{"line":10,"column":28}},"loc":{"start":{"line":10,"column":28},"end":{"line":28,"column":1}}},"2":{"name":"(anonymous_2)","decl":{"start":{"line":17,"column":24},"end":{"line":17,"column":36}},"loc":{"start":{"line":17,"column":36},"end":{"line":20,"column":null}}},"3":{"name":"(anonymous_3)","decl":{"start":{"line":10,"column":19},"end":{"line":10,"column":22}},"loc":{"start":{"line":10,"column":19},"end":{"line":14,"column":31}}}},"branchMap":{"0":{"loc":{"start":{"line":1,"column":40},"end":{"line":1,"column":null}},"type":"binary-expr","locations":[{"start":{"line":1,"column":40},"end":{"line":1,"column":null}},{"start":{"line":1,"column":40},"end":{"line":1,"column":null}}]},"1":{"loc":{"start":{"line":1,"column":40},"end":{"line":1,"column":null}},"type":"if","locations":[{"start":{"line":1,"column":40},"end":{"line":1,"column":null}}]},"2":{"loc":{"start":{"line":16,"column":2},"end":{"line":27,"column":null}},"type":"if","locations":[{"start":{"line":16,"column":2},"end":{"line":27,"column":null}}]},"3":{"loc":{"start":{"line":1,"column":40},"end":{"line":8,"column":9}},"type":"if","locations":[{"start":{"line":1,"column":40},"end":{"line":8,"column":9}}]}},"s":{"0":34,"1":2,"2":0,"3":0,"4":0,"5":0,"6":0,"7":0,"8":0,"9":0,"10":0,"11":0,"12":2,"13":0,"14":2,"15":2,"16":2,"17":0,"18":0},"f":{"0":2,"1":0,"2":0,"3":0},"b":{"0":[4,2],"1":[2],"2":[0],"3":[0]}}
,"/home/amelie/Documents/Skola/Testing/CardGame/frontend/src/components/EditProfile.tsx": {"path":"/home/amelie/Documents/Skola/Testing/CardGame/frontend/src/components/EditProfile.tsx","statementMap":{"0":{"start":{"line":1,"column":21},"end":{"line":1,"column":null}},"1":{"start":{"line":1,"column":42},"end":{"line":1,"column":null}},"2":{"start":{"line":7,"column":20},"end":{"line":96,"column":1}},"3":{"start":{"line":7,"column":26},"end":{"line":7,"column":null}},"4":{"start":{"line":8,"column":22},"end":{"line":8,"column":null}},"5":{"start":{"line":9,"column":43},"end":{"line":9,"column":null}},"6":{"start":{"line":11,"column":2},"end":{"line":13,"column":null}},"7":{"start":{"line":12,"column":4},"end":{"line":12,"column":null}},"8":{"start":{"line":15,"column":2},"end":{"line":17,"column":null}},"9":{"start":{"line":16,"column":4},"end":{"line":16,"column":null}},"10":{"start":{"line":19,"column":2},"end":{"line":95,"column":null}},"11":{"start":{"line":20,"column":28},"end":{"line":53,"column":null}},"12":{"start":{"line":56,"column":54},"end":{"line":60,"column":null}},"13":{"start":{"line":59,"column":24},"end":{"line":59,"column":null}},"14":{"start":{"line":62,"column":4},"end":{"line":62,"column":null}},"15":{"start":{"line":64,"column":34},"end":{"line":72,"column":null}},"16":{"start":{"line":65,"column":41},"end":{"line":69,"column":null}},"17":{"start":{"line":70,"column":6},"end":{"line":70,"column":null}},"18":{"start":{"line":71,"column":6},"end":{"line":71,"column":null}},"19":{"start":{"line":74,"column":4},"end":{"line":93,"column":null}},"20":{"start":{"line":77,"column":62},"end":{"line":77,"column":91}},"21":{"start":{"line":81,"column":31},"end":{"line":81,"column":62}},"22":{"start":{"line":82,"column":31},"end":{"line":82,"column":62}},"23":{"start":{"line":83,"column":31},"end":{"line":83,"column":63}},"24":{"start":{"line":84,"column":31},"end":{"line":84,"column":64}},"25":{"start":{"line":85,"column":31},"end":{"line":85,"column":64}},"26":{"start":{"line":96,"column":1},"end":{"line":9,"column":51}},"27":{"start":{"line":7,"column":17},"end":{"line":9,"column":51}},"28":{"start":{"line":9,"column":50},"end":{"line":7,"column":17}},"29":{"start":{"line":98,"column":26},"end":{"line":98,"column":null}},"30":{"start":{"line":1,"column":42},"end":{"line":85,"column":9}},"31":{"start":{"line":1,"column":42},"end":{"line":9,"column":8}},"32":{"start":{"line":1,"column":42},"end":{"line":8,"column":22}},"33":{"start":{"line":11,"column":2},"end":{"line":85,"column":9}},"34":{"start":{"line":12,"column":11},"end":{"line":36,"column":null}},"35":{"start":{"line":38,"column":18},"end":{"line":41,"column":null}},"36":{"start":{"line":41,"column":15},"end":{"line":41,"column":null}},"37":{"start":{"line":42,"column":17},"end":{"line":43,"column":null}},"38":{"start":{"line":44,"column":14},"end":{"line":51,"column":null}},"39":{"start":{"line":45,"column":18},"end":{"line":48,"column":null}},"40":{"start":{"line":49,"column":17},"end":{"line":50,"column":null}},"41":{"start":{"line":50,"column":20},"end":{"line":51,"column":null}},"42":{"start":{"line":52,"column":18},"end":{"line":85,"column":9}},"43":{"start":{"line":60,"column":4},"end":{"line":60,"column":null}},"44":{"start":{"line":67,"column":22},"end":{"line":67,"column":null}},"45":{"start":{"line":72,"column":4},"end":{"line":72,"column":null}},"46":{"start":{"line":76,"column":8},"end":{"line":76,"column":9}},"47":{"start":{"line":77,"column":8},"end":{"line":77,"column":9}},"48":{"start":{"line":81,"column":8},"end":{"line":81,"column":9}}},"fnMap":{"0":{"name":"(anonymous_0)","decl":{"start":{"line":1,"column":42},"end":{"line":1,"column":null}},"loc":{"start":{"line":1,"column":42},"end":{"line":1,"column":null}}},"1":{"name":"(anonymous_1)","decl":{"start":{"line":7,"column":20},"end":{"line":7,"column":26}},"loc":{"start":{"line":7,"column":26},"end":{"line":96,"column":1}}},"2":{"name":"(anonymous_2)","decl":{"start":{"line":59,"column":12},"end":{"line":59,"column":13}},"loc":{"start":{"line":59,"column":24},"end":{"line":59,"column":null}}},"3":{"name":"(anonymous_3)","decl":{"start":{"line":64,"column":34},"end":{"line":64,"column":35}},"loc":{"start":{"line":64,"column":53},"end":{"line":72,"column":null}}},"4":{"name":"(anonymous_4)","decl":{"start":{"line":77,"column":56},"end":{"line":77,"column":62}},"loc":{"start":{"line":77,"column":62},"end":{"line":77,"column":91}}},"5":{"name":"(anonymous_5)","decl":{"start":{"line":81,"column":25},"end":{"line":81,"column":31}},"loc":{"start":{"line":81,"column":31},"end":{"line":81,"column":62}}},"6":{"name":"(anonymous_6)","decl":{"start":{"line":82,"column":25},"end":{"line":82,"column":31}},"loc":{"start":{"line":82,"column":31},"end":{"line":82,"column":62}}},"7":{"name":"(anonymous_7)","decl":{"start":{"line":83,"column":25},"end":{"line":83,"column":31}},"loc":{"start":{"line":83,"column":31},"end":{"line":83,"column":63}}},"8":{"name":"(anonymous_8)","decl":{"start":{"line":84,"column":25},"end":{"line":84,"column":31}},"loc":{"start":{"line":84,"column":31},"end":{"line":84,"column":64}}},"9":{"name":"(anonymous_9)","decl":{"start":{"line":85,"column":25},"end":{"line":85,"column":31}},"loc":{"start":{"line":85,"column":31},"end":{"line":85,"column":64}}},"10":{"name":"(anonymous_10)","decl":{"start":{"line":7,"column":17},"end":{"line":7,"column":20}},"loc":{"start":{"line":7,"column":17},"end":{"line":9,"column":51}}},"11":{"name":"(anonymous_1)","decl":{"start":{"line":41,"column":8},"end":{"line":41,"column":15}},"loc":{"start":{"line":41,"column":15},"end":{"line":41,"column":null}}},"12":{"name":"(anonymous_2)","decl":{"start":{"line":44,"column":14},"end":{"line":44,"column":null}},"loc":{"start":{"line":44,"column":14},"end":{"line":51,"column":null}}},"13":{"name":"(anonymous_3)","decl":{"start":{"line":60,"column":4},"end":{"line":60,"column":null}},"loc":{"start":{"line":60,"column":4},"end":{"line":60,"column":null}}},"14":{"name":"(anonymous_4)","decl":{"start":{"line":67,"column":22},"end":{"line":67,"column":null}},"loc":{"start":{"line":67,"column":22},"end":{"line":67,"column":null}}},"15":{"name":"(anonymous_5)","decl":{"start":{"line":72,"column":4},"end":{"line":72,"column":null}},"loc":{"start":{"line":72,"column":4},"end":{"line":72,"column":null}}},"16":{"name":"(anonymous_6)","decl":{"start":{"line":76,"column":8},"end":{"line":76,"column":9}},"loc":{"start":{"line":76,"column":8},"end":{"line":76,"column":9}}},"17":{"name":"(anonymous_7)","decl":{"start":{"line":77,"column":8},"end":{"line":77,"column":9}},"loc":{"start":{"line":77,"column":8},"end":{"line":77,"column":9}}},"18":{"name":"(anonymous_8)","decl":{"start":{"line":81,"column":8},"end":{"line":81,"column":9}},"loc":{"start":{"line":81,"column":8},"end":{"line":81,"column":9}}}},"branchMap":{"0":{"loc":{"start":{"line":1,"column":21},"end":{"line":1,"column":null}},"type":"binary-expr","locations":[{"start":{"line":1,"column":21},"end":{"line":1,"column":null}},{"start":{"line":1,"column":42},"end":{"line":1,"column":null}}]},"1":{"loc":{"start":{"line":1,"column":42},"end":{"line":1,"column":null}},"type":"if","locations":[{"start":{"line":1,"column":42},"end":{"line":1,"column":null}}]},"2":{"loc":{"start":{"line":1,"column":42},"end":{"line":1,"column":null}},"type":"binary-expr","locations":[{"start":{"line":1,"column":42},"end":{"line":1,"column":null}},{"start":{"line":1,"column":42},"end":{"line":1,"column":null}}]},"3":{"loc":{"start":{"line":11,"column":2},"end":{"line":13,"column":null}},"type":"if","locations":[{"start":{"line":11,"column":2},"end":{"line":13,"column":null}}]},"4":{"loc":{"start":{"line":15,"column":2},"end":{"line":17,"column":null}},"type":"if","locations":[{"start":{"line":15,"column":2},"end":{"line":17,"column":null}}]},"5":{"loc":{"start":{"line":19,"column":2},"end":{"line":95,"column":null}},"type":"if","locations":[{"start":{"line":19,"column":2},"end":{"line":95,"column":null}}]},"6":{"loc":{"start":{"line":1,"column":42},"end":{"line":9,"column":8}},"type":"if","locations":[{"start":{"line":1,"column":42},"end":{"line":9,"column":8}}]},"7":{"loc":{"start":{"line":11,"column":2},"end":{"line":85,"column":9}},"type":"if","locations":[{"start":{"line":11,"column":2},"end":{"line":85,"column":9}}]}},"s":{"0":2,"1":28,"2":2,"3":0,"4":0,"5":2,"6":0,"7":0,"8":0,"9":0,"10":0,"11":0,"12":0,"13":0,"14":0,"15":0,"16":0,"17":0,"18":0,"19":0,"20":0,"21":0,"22":0,"23":0,"24":0,"25":0,"26":2,"27":0,"28":2,"29":2,"30":2,"31":0,"32":0,"33":2,"34":2,"35":0,"36":0,"37":0,"38":0,"39":0,"40":0,"41":0,"42":0,"43":0,"44":0,"45":0,"46":0,"47":0,"48":0},"f":{"0":2,"1":0,"2":0,"3":0,"4":0,"5":0,"6":0,"7":0,"8":0,"9":0,"10":0,"11":0,"12":0,"13":0,"14":0,"15":0,"16":0,"17":0,"18":0},"b":{"0":[2,0],"1":[4],"2":[2,2],"3":[0],"4":[0],"5":[0],"6":[0],"7":[0]}}
,"/home/amelie/Documents/Skola/Testing/CardGame/frontend/src/components/GameLobby.tsx": {"path":"/home/amelie/Documents/Skola/Testing/CardGame/frontend/src/components/GameLobby.tsx","statementMap":{"0":{"start":{"line":1,"column":36},"end":{"line":1,"column":null}},"1":{"start":{"line":1,"column":43},"end":{"line":1,"column":null}},"2":{"start":{"line":7,"column":19},"end":{"line":7,"column":null}},"3":{"start":{"line":10,"column":1},"end":{"line":7,"column":19}},"4":{"start":{"line":12,"column":18},"end":{"line":110,"column":1}},"5":{"start":{"line":12,"column":24},"end":{"line":12,"column":null}},"6":{"start":{"line":24,"column":6},"end":{"line":24,"column":null}},"7":{"start":{"line":25,"column":40},"end":{"line":25,"column":null}},"8":{"start":{"line":27,"column":2},"end":{"line":32,"column":null}},"9":{"start":{"line":28,"column":4},"end":{"line":28,"column":null}},"10":{"start":{"line":29,"column":4},"end":{"line":31,"column":null}},"11":{"start":{"line":30,"column":6},"end":{"line":30,"column":null}},"12":{"start":{"line":34,"column":26},"end":{"line":36,"column":null}},"13":{"start":{"line":35,"column":4},"end":{"line":35,"column":null}},"14":{"start":{"line":38,"column":26},"end":{"line":43,"column":null}},"15":{"start":{"line":39,"column":4},"end":{"line":39,"column":null}},"16":{"start":{"line":40,"column":4},"end":{"line":42,"column":null}},"17":{"start":{"line":41,"column":6},"end":{"line":41,"column":null}},"18":{"start":{"line":45,"column":2},"end":{"line":108,"column":null}},"19":{"start":{"line":52,"column":65},"end":{"line":52,"column":88}},"20":{"start":{"line":55,"column":67},"end":{"line":55,"column":92}},"21":{"start":{"line":58,"column":66},"end":{"line":58,"column":90}},"22":{"start":{"line":80,"column":12},"end":{"line":82,"column":null}},"23":{"start":{"line":81,"column":14},"end":{"line":81,"column":null}},"24":{"start":{"line":88,"column":12},"end":{"line":90,"column":null}},"25":{"start":{"line":89,"column":14},"end":{"line":89,"column":null}},"26":{"start":{"line":96,"column":12},"end":{"line":98,"column":null}},"27":{"start":{"line":97,"column":14},"end":{"line":97,"column":null}},"28":{"start":{"line":110,"column":1},"end":{"line":24,"column":14}},"29":{"start":{"line":12,"column":15},"end":{"line":24,"column":14}},"30":{"start":{"line":24,"column":13},"end":{"line":12,"column":15}},"31":{"start":{"line":112,"column":24},"end":{"line":112,"column":null}}},"fnMap":{"0":{"name":"(anonymous_0)","decl":{"start":{"line":1,"column":43},"end":{"line":1,"column":null}},"loc":{"start":{"line":1,"column":43},"end":{"line":1,"column":null}}},"1":{"name":"(anonymous_1)","decl":{"start":{"line":12,"column":18},"end":{"line":12,"column":24}},"loc":{"start":{"line":12,"column":24},"end":{"line":110,"column":1}}},"2":{"name":"(anonymous_2)","decl":{"start":{"line":27,"column":12},"end":{"line":27,"column":18}},"loc":{"start":{"line":27,"column":18},"end":{"line":32,"column":5}}},"3":{"name":"(anonymous_3)","decl":{"start":{"line":34,"column":26},"end":{"line":34,"column":32}},"loc":{"start":{"line":34,"column":32},"end":{"line":36,"column":null}}},"4":{"name":"(anonymous_4)","decl":{"start":{"line":38,"column":26},"end":{"line":38,"column":27}},"loc":{"start":{"line":38,"column":47},"end":{"line":43,"column":null}}},"5":{"name":"(anonymous_5)","decl":{"start":{"line":52,"column":59},"end":{"line":52,"column":65}},"loc":{"start":{"line":52,"column":65},"end":{"line":52,"column":88}}},"6":{"name":"(anonymous_6)","decl":{"start":{"line":55,"column":61},"end":{"line":55,"column":67}},"loc":{"start":{"line":55,"column":67},"end":{"line":55,"column":92}}},"7":{"name":"(anonymous_7)","decl":{"start":{"line":58,"column":60},"end":{"line":58,"column":66}},"loc":{"start":{"line":58,"column":66},"end":{"line":58,"column":90}}},"8":{"name":"(anonymous_8)","decl":{"start":{"line":79,"column":30},"end":{"line":79,"column":31}},"loc":{"start":{"line":79,"column":49},"end":{"line":83,"column":11}}},"9":{"name":"(anonymous_9)","decl":{"start":{"line":87,"column":30},"end":{"line":87,"column":31}},"loc":{"start":{"line":87,"column":49},"end":{"line":91,"column":11}}},"10":{"name":"(anonymous_10)","decl":{"start":{"line":95,"column":30},"end":{"line":95,"column":31}},"loc":{"start":{"line":95,"column":49},"end":{"line":99,"column":11}}},"11":{"name":"(anonymous_11)","decl":{"start":{"line":12,"column":15},"end":{"line":12,"column":18}},"loc":{"start":{"line":12,"column":15},"end":{"line":24,"column":14}}}},"branchMap":{"0":{"loc":{"start":{"line":1,"column":36},"end":{"line":1,"column":null}},"type":"binary-expr","locations":[{"start":{"line":1,"column":36},"end":{"line":1,"column":null}},{"start":{"line":1,"column":43},"end":{"line":1,"column":null}}]},"1":{"loc":{"start":{"line":1,"column":43},"end":{"line":1,"column":null}},"type":"if","locations":[{"start":{"line":1,"column":43},"end":{"line":1,"column":null}}]},"2":{"loc":{"start":{"line":1,"column":43},"end":{"line":1,"column":null}},"type":"binary-expr","locations":[{"start":{"line":1,"column":43},"end":{"line":1,"column":null}},{"start":{"line":1,"column":43},"end":{"line":1,"column":null}}]},"3":{"loc":{"start":{"line":29,"column":4},"end":{"line":31,"column":null}},"type":"if","locations":[{"start":{"line":29,"column":4},"end":{"line":31,"column":null}}]},"4":{"loc":{"start":{"line":29,"column":8},"end":{"line":29,"column":37}},"type":"binary-expr","locations":[{"start":{"line":29,"column":8},"end":{"line":29,"column":23}},{"start":{"line":29,"column":23},"end":{"line":29,"column":37}}]},"5":{"loc":{"start":{"line":40,"column":4},"end":{"line":42,"column":null}},"type":"if","locations":[{"start":{"line":40,"column":4},"end":{"line":42,"column":null}}]},"6":{"loc":{"start":{"line":49,"column":7},"end":{"line":61,"column":null}},"type":"binary-expr","locations":[{"start":{"line":49,"column":7},"end":{"line":49,"column":null}},{"start":{"line":50,"column":8},"end":{"line":61,"column":null}}]},"7":{"loc":{"start":{"line":63,"column":7},"end":{"line":68,"column":null}},"type":"binary-expr","locations":[{"start":{"line":63,"column":7},"end":{"line":63,"column":null}},{"start":{"line":64,"column":8},"end":{"line":68,"column":null}}]},"8":{"loc":{"start":{"line":70,"column":7},"end":{"line":74,"column":null}},"type":"binary-expr","locations":[{"start":{"line":70,"column":7},"end":{"line":70,"column":null}},{"start":{"line":71,"column":8},"end":{"line":74,"column":null}}]},"9":{"loc":{"start":{"line":80,"column":12},"end":{"line":82,"column":null}},"type":"if","locations":[{"start":{"line":80,"column":12},"end":{"line":82,"column":null}}]},"10":{"loc":{"start":{"line":88,"column":12},"end":{"line":90,"column":null}},"type":"if","locations":[{"start":{"line":88,"column":12},"end":{"line":90,"column":null}}]},"11":{"loc":{"start":{"line":96,"column":12},"end":{"line":98,"column":null}},"type":"if","locations":[{"start":{"line":96,"column":12},"end":{"line":98,"column":null}}]}},"s":{"0":2,"1":18,"2":2,"3":2,"4":2,"5":0,"6":0,"7":0,"8":0,"9":0,"10":0,"11":0,"12":0,"13":0,"14":0,"15":0,"16":0,"17":0,"18":0,"19":0,"20":0,"21":0,"22":0,"23":0,"24":0,"25":0,"26":0,"27":0,"28":2,"29":0,"30":2,"31":4},"f":{"0":4,"1":0,"2":0,"3":0,"4":0,"5":0,"6":0,"7":0,"8":0,"9":0,"10":0,"11":0},"b":{"0":[2,0],"1":[2],"2":[2,2],"3":[0],"4":[0,0],"5":[0],"6":[0,0],"7":[0,0],"8":[0,0],"9":[0],"10":[0],"11":[0]}}
,"/home/amelie/Documents/Skola/Testing/CardGame/frontend/src/components/HomeScreen.tsx": {"path":"/home/amelie/Documents/Skola/Testing/CardGame/frontend/src/components/HomeScreen.tsx","statementMap":{"0":{"start":{"line":1,"column":41},"end":{"line":1,"column":null}},"1":{"start":{"line":7,"column":19},"end":{"line":7,"column":null}},"2":{"start":{"line":14,"column":1},"end":{"line":7,"column":19}},"3":{"start":{"line":16,"column":19},"end":{"line":45,"column":1}},"4":{"start":{"line":16,"column":25},"end":{"line":16,"column":null}},"5":{"start":{"line":17,"column":43},"end":{"line":17,"column":null}},"6":{"start":{"line":18,"column":19},"end":{"line":18,"column":null}},"7":{"start":{"line":20,"column":2},"end":{"line":22,"column":null}},"8":{"start":{"line":21,"column":4},"end":{"line":21,"column":null}},"9":{"start":{"line":24,"column":2},"end":{"line":26,"column":null}},"10":{"start":{"line":25,"column":4},"end":{"line":25,"column":null}},"11":{"start":{"line":28,"column":2},"end":{"line":44,"column":null}},"12":{"start":{"line":29,"column":24},"end":{"line":31,"column":null}},"13":{"start":{"line":30,"column":6},"end":{"line":30,"column":null}},"14":{"start":{"line":32,"column":4},"end":{"line":42,"column":null}},"15":{"start":{"line":38,"column":38},"end":{"line":38,"column":60}},"16":{"start":{"line":45,"column":1},"end":{"line":18,"column":31}},"17":{"start":{"line":16,"column":16},"end":{"line":18,"column":31}},"18":{"start":{"line":18,"column":30},"end":{"line":16,"column":16}},"19":{"start":{"line":47,"column":25},"end":{"line":47,"column":null}},"20":{"start":{"line":1,"column":41},"end":{"line":35,"column":9}},"21":{"start":{"line":1,"column":41},"end":{"line":7,"column":null}},"22":{"start":{"line":2,"column":0},"end":{"line":7,"column":19}},"23":{"start":{"line":7,"column":26},"end":{"line":17,"column":8}},"24":{"start":{"line":7,"column":26},"end":{"line":16,"column":null}},"25":{"start":{"line":18,"column":2},"end":{"line":35,"column":9}},"26":{"start":{"line":20,"column":17},"end":{"line":21,"column":12}},"27":{"start":{"line":21,"column":4},"end":{"line":21,"column":12}},"28":{"start":{"line":21,"column":11},"end":{"line":35,"column":9}},"29":{"start":{"line":33,"column":18},"end":{"line":33,"column":50}}},"fnMap":{"0":{"name":"(anonymous_0)","decl":{"start":{"line":1,"column":41},"end":{"line":1,"column":null}},"loc":{"start":{"line":1,"column":41},"end":{"line":1,"column":null}}},"1":{"name":"(anonymous_1)","decl":{"start":{"line":16,"column":19},"end":{"line":16,"column":25}},"loc":{"start":{"line":16,"column":25},"end":{"line":45,"column":1}}},"2":{"name":"(anonymous_2)","decl":{"start":{"line":29,"column":24},"end":{"line":29,"column":31}},"loc":{"start":{"line":29,"column":48},"end":{"line":31,"column":null}}},"3":{"name":"(anonymous_3)","decl":{"start":{"line":38,"column":32},"end":{"line":38,"column":38}},"loc":{"start":{"line":38,"column":38},"end":{"line":38,"column":60}}},"4":{"name":"(anonymous_4)","decl":{"start":{"line":16,"column":16},"end":{"line":16,"column":19}},"loc":{"start":{"line":16,"column":16},"end":{"line":18,"column":31}}},"5":{"name":"(anonymous_1)","decl":{"start":{"line":20,"column":17},"end":{"line":20,"column":null}},"loc":{"start":{"line":20,"column":17},"end":{"line":21,"column":12}}},"6":{"name":"(anonymous_2)","decl":{"start":{"line":33,"column":18},"end":{"line":33,"column":30}},"loc":{"start":{"line":33,"column":18},"end":{"line":33,"column":50}}}},"branchMap":{"0":{"loc":{"start":{"line":1,"column":41},"end":{"line":1,"column":null}},"type":"binary-expr","locations":[{"start":{"line":1,"column":41},"end":{"line":1,"column":null}},{"start":{"line":1,"column":41},"end":{"line":1,"column":null}}]},"1":{"loc":{"start":{"line":1,"column":41},"end":{"line":1,"column":null}},"type":"if","locations":[{"start":{"line":1,"column":41},"end":{"line":1,"column":null}}]},"2":{"loc":{"start":{"line":20,"column":2},"end":{"line":22,"column":null}},"type":"if","locations":[{"start":{"line":20,"column":2},"end":{"line":22,"column":null}}]},"3":{"loc":{"start":{"line":24,"column":2},"end":{"line":26,"column":null}},"type":"if","locations":[{"start":{"line":24,"column":2},"end":{"line":26,"column":null}}]},"4":{"loc":{"start":{"line":28,"column":2},"end":{"line":44,"column":null}},"type":"if","locations":[{"start":{"line":28,"column":2},"end":{"line":44,"column":null}}]},"5":{"loc":{"start":{"line":1,"column":41},"end":{"line":7,"column":null}},"type":"if","locations":[{"start":{"line":1,"column":41},"end":{"line":7,"column":null}}]},"6":{"loc":{"start":{"line":7,"column":26},"end":{"line":17,"column":8}},"type":"if","locations":[{"start":{"line":7,"column":26},"end":{"line":17,"column":8}}]},"7":{"loc":{"start":{"line":18,"column":2},"end":{"line":35,"column":9}},"type":"if","locations":[{"start":{"line":18,"column":2},"end":{"line":35,"column":9}}]}},"s":{"0":34,"1":4,"2":2,"3":2,"4":0,"5":2,"6":0,"7":0,"8":0,"9":0,"10":0,"11":0,"12":0,"13":0,"14":0,"15":0,"16":2,"17":0,"18":2,"19":4,"20":2,"21":0,"22":0,"23":0,"24":0,"25":2,"26":0,"27":0,"28":2,"29":0},"f":{"0":4,"1":0,"2":0,"3":0,"4":0,"5":0,"6":0},"b":{"0":[4,2],"1":[2],"2":[0],"3":[0],"4":[0],"5":[0],"6":[0],"7":[0]}}
,"/home/amelie/Documents/Skola/Testing/CardGame/frontend/src/components/LogoutButton.tsx": {"path":"/home/amelie/Documents/Skola/Testing/CardGame/frontend/src/components/LogoutButton.tsx","statementMap":{"0":{"start":{"line":1,"column":31},"end":{"line":1,"column":null}},"1":{"start":{"line":1,"column":54},"end":{"line":1,"column":null}},"2":{"start":{"line":8,"column":21},"end":{"line":19,"column":1}},"3":{"start":{"line":8,"column":27},"end":{"line":8,"column":null}},"4":{"start":{"line":9,"column":29},"end":{"line":9,"column":null}},"5":{"start":{"line":10,"column":22},"end":{"line":10,"column":null}},"6":{"start":{"line":11,"column":19},"end":{"line":11,"column":null}},"7":{"start":{"line":13,"column":23},"end":{"line":16,"column":null}},"8":{"start":{"line":14,"column":4},"end":{"line":14,"column":null}},"9":{"start":{"line":15,"column":4},"end":{"line":15,"column":null}},"10":{"start":{"line":18,"column":2},"end":{"line":18,"column":null}},"11":{"start":{"line":19,"column":1},"end":{"line":11,"column":31}},"12":{"start":{"line":8,"column":18},"end":{"line":11,"column":31}},"13":{"start":{"line":11,"column":30},"end":{"line":8,"column":18}},"14":{"start":{"line":21,"column":27},"end":{"line":21,"column":null}},"15":{"start":{"line":1,"column":54},"end":{"line":4,"column":9}},"16":{"start":{"line":1,"column":54},"end":{"line":3,"column":20}}},"fnMap":{"0":{"name":"(anonymous_0)","decl":{"start":{"line":1,"column":54},"end":{"line":1,"column":null}},"loc":{"start":{"line":1,"column":54},"end":{"line":1,"column":null}}},"1":{"name":"(anonymous_1)","decl":{"start":{"line":8,"column":21},"end":{"line":8,"column":27}},"loc":{"start":{"line":8,"column":27},"end":{"line":19,"column":1}}},"2":{"name":"(anonymous_2)","decl":{"start":{"line":13,"column":23},"end":{"line":13,"column":35}},"loc":{"start":{"line":13,"column":35},"end":{"line":16,"column":null}}},"3":{"name":"(anonymous_3)","decl":{"start":{"line":8,"column":18},"end":{"line":8,"column":21}},"loc":{"start":{"line":8,"column":18},"end":{"line":11,"column":31}}}},"branchMap":{"0":{"loc":{"start":{"line":1,"column":31},"end":{"line":1,"column":null}},"type":"binary-expr","locations":[{"start":{"line":1,"column":31},"end":{"line":1,"column":null}},{"start":{"line":1,"column":54},"end":{"line":1,"column":null}}]},"1":{"loc":{"start":{"line":1,"column":54},"end":{"line":1,"column":null}},"type":"if","locations":[{"start":{"line":1,"column":54},"end":{"line":1,"column":null}}]},"2":{"loc":{"start":{"line":1,"column":54},"end":{"line":1,"column":null}},"type":"binary-expr","locations":[{"start":{"line":1,"column":54},"end":{"line":1,"column":null}},{"start":{"line":1,"column":54},"end":{"line":1,"column":null}}]}},"s":{"0":2,"1":36,"2":2,"3":0,"4":0,"5":0,"6":0,"7":0,"8":0,"9":0,"10":0,"11":2,"12":0,"13":2,"14":2,"15":2,"16":0},"f":{"0":2,"1":0,"2":0,"3":0},"b":{"0":[2,0],"1":[2],"2":[2,2]}}
,"/home/amelie/Documents/Skola/Testing/CardGame/frontend/src/components/Navbar.tsx": {"path":"/home/amelie/Documents/Skola/Testing/CardGame/frontend/src/components/Navbar.tsx","statementMap":{"0":{"start":{"line":1,"column":28},"end":{"line":1,"column":null}},"1":{"start":{"line":1,"column":46},"end":{"line":1,"column":null}},"2":{"start":{"line":7,"column":22},"end":{"line":7,"column":null}},"3":{"start":{"line":13,"column":1},"end":{"line":7,"column":22}},"4":{"start":{"line":15,"column":24},"end":{"line":15,"column":null}},"5":{"start":{"line":19,"column":1},"end":{"line":15,"column":24}},"6":{"start":{"line":21,"column":18},"end":{"line":21,"column":null}},"7":{"start":{"line":22,"column":19},"end":{"line":22,"column":null}},"8":{"start":{"line":23,"column":38},"end":{"line":23,"column":null}},"9":{"start":{"line":24,"column":20},"end":{"line":24,"column":null}},"10":{"start":{"line":26,"column":22},"end":{"line":28,"column":null}},"11":{"start":{"line":27,"column":4},"end":{"line":27,"column":null}},"12":{"start":{"line":30,"column":2},"end":{"line":37,"column":null}},"13":{"start":{"line":31,"column":4},"end":{"line":36,"column":null}},"14":{"start":{"line":32,"column":20},"end":{"line":34,"column":null}},"15":{"start":{"line":33,"column":8},"end":{"line":33,"column":null}},"16":{"start":{"line":35,"column":6},"end":{"line":35,"column":null}},"17":{"start":{"line":35,"column":19},"end":{"line":35,"column":null}},"18":{"start":{"line":39,"column":2},"end":{"line":50,"column":null}},"19":{"start":{"line":41,"column":6},"end":{"line":43,"column":null}},"20":{"start":{"line":42,"column":8},"end":{"line":42,"column":null}},"21":{"start":{"line":46,"column":4},"end":{"line":46,"column":null}},"22":{"start":{"line":47,"column":4},"end":{"line":49,"column":null}},"23":{"start":{"line":48,"column":6},"end":{"line":48,"column":null}},"24":{"start":{"line":52,"column":2},"end":{"line":73,"column":null}},"25":{"start":{"line":57,"column":42},"end":{"line":57,"column":60}},"26":{"start":{"line":60,"column":42},"end":{"line":60,"column":64}},"27":{"start":{"line":63,"column":42},"end":{"line":63,"column":67}},"28":{"start":{"line":68,"column":60},"end":{"line":68,"column":80}},"29":{"start":{"line":75,"column":1},"end":{"line":22,"column":31}},"30":{"start":{"line":21,"column":15},"end":{"line":22,"column":31}},"31":{"start":{"line":22,"column":30},"end":{"line":21,"column":15}},"32":{"start":{"line":77,"column":21},"end":{"line":77,"column":null}},"33":{"start":{"line":2,"column":9},"end":{"line":2,"column":null}},"34":{"start":{"line":3,"column":19},"end":{"line":3,"column":null}},"35":{"start":{"line":5,"column":19},"end":{"line":5,"column":44}},"36":{"start":{"line":7,"column":29},"end":{"line":7,"column":null}},"37":{"start":{"line":7,"column":29},"end":{"line":15,"column":null}},"38":{"start":{"line":7,"column":29},"end":{"line":7,"column":22}},"39":{"start":{"line":15,"column":6},"end":{"line":15,"column":null}},"40":{"start":{"line":15,"column":31},"end":{"line":28,"column":null}},"41":{"start":{"line":15,"column":6},"end":{"line":21,"column":null}},"42":{"start":{"line":21,"column":0},"end":{"line":21,"column":null}},"43":{"start":{"line":23,"column":2},"end":{"line":23,"column":null}},"44":{"start":{"line":24,"column":2},"end":{"line":27,"column":14}},"45":{"start":{"line":26,"column":2},"end":{"line":26,"column":null}},"46":{"start":{"line":30,"column":2},"end":{"line":54,"column":7}},"47":{"start":{"line":31,"column":20},"end":{"line":31,"column":null}},"48":{"start":{"line":36,"column":4},"end":{"line":36,"column":null}},"49":{"start":{"line":42,"column":27},"end":{"line":42,"column":null}},"50":{"start":{"line":60,"column":12},"end":{"line":60,"column":27}}},"fnMap":{"0":{"name":"(anonymous_0)","decl":{"start":{"line":1,"column":46},"end":{"line":1,"column":null}},"loc":{"start":{"line":1,"column":46},"end":{"line":1,"column":null}}},"1":{"name":"Navbar","decl":{"start":{"line":21,"column":9},"end":{"line":21,"column":15}},"loc":{"start":{"line":21,"column":18},"end":{"line":75,"column":1}}},"2":{"name":"(anonymous_2)","decl":{"start":{"line":26,"column":22},"end":{"line":26,"column":29}},"loc":{"start":{"line":26,"column":46},"end":{"line":28,"column":null}}},"3":{"name":"(anonymous_3)","decl":{"start":{"line":30,"column":12},"end":{"line":30,"column":18}},"loc":{"start":{"line":30,"column":18},"end":{"line":37,"column":5}}},"4":{"name":"(anonymous_4)","decl":{"start":{"line":32,"column":31},"end":{"line":32,"column":37}},"loc":{"start":{"line":32,"column":37},"end":{"line":34,"column":9}}},"5":{"name":"(anonymous_5)","decl":{"start":{"line":35,"column":13},"end":{"line":35,"column":19}},"loc":{"start":{"line":35,"column":19},"end":{"line":35,"column":null}}},"6":{"name":"(anonymous_6)","decl":{"start":{"line":39,"column":12},"end":{"line":39,"column":18}},"loc":{"start":{"line":39,"column":18},"end":{"line":50,"column":5}}},"7":{"name":"handleClickOutside","decl":{"start":{"line":40,"column":13},"end":{"line":40,"column":32}},"loc":{"start":{"line":40,"column":51},"end":{"line":44,"column":null}}},"8":{"name":"(anonymous_8)","decl":{"start":{"line":47,"column":11},"end":{"line":47,"column":17}},"loc":{"start":{"line":47,"column":17},"end":{"line":49,"column":null}}},"9":{"name":"(anonymous_9)","decl":{"start":{"line":57,"column":36},"end":{"line":57,"column":42}},"loc":{"start":{"line":57,"column":42},"end":{"line":57,"column":60}}},"10":{"name":"(anonymous_10)","decl":{"start":{"line":60,"column":36},"end":{"line":60,"column":42}},"loc":{"start":{"line":60,"column":42},"end":{"line":60,"column":64}}},"11":{"name":"(anonymous_11)","decl":{"start":{"line":63,"column":36},"end":{"line":63,"column":42}},"loc":{"start":{"line":63,"column":42},"end":{"line":63,"column":67}}},"12":{"name":"(anonymous_12)","decl":{"start":{"line":68,"column":54},"end":{"line":68,"column":60}},"loc":{"start":{"line":68,"column":60},"end":{"line":68,"column":80}}},"13":{"name":"(anonymous_13)","decl":{"start":{"line":21,"column":15},"end":{"line":21,"column":18}},"loc":{"start":{"line":21,"column":15},"end":{"line":22,"column":31}}},"14":{"name":"(anonymous_1)","decl":{"start":{"line":7,"column":22},"end":{"line":7,"column":29}},"loc":{"start":{"line":7,"column":29},"end":{"line":7,"column":null}}},"15":{"name":"(anonymous_2)","decl":{"start":{"line":7,"column":29},"end":{"line":7,"column":null}},"loc":{"start":{"line":7,"column":29},"end":{"line":15,"column":null}}},"16":{"name":"(anonymous_4)","decl":{"start":{"line":15,"column":6},"end":{"line":15,"column":24}},"loc":{"start":{"line":15,"column":6},"end":{"line":15,"column":null}}},"17":{"name":"(anonymous_5)","decl":{"start":{"line":15,"column":31},"end":{"line":15,"column":null}},"loc":{"start":{"line":15,"column":31},"end":{"line":28,"column":null}}},"18":{"name":"(anonymous_7)","decl":{"start":{"line":24,"column":8},"end":{"line":24,"column":20}},"loc":{"start":{"line":24,"column":8},"end":{"line":27,"column":14}}},"19":{"name":"(anonymous_8)","decl":{"start":{"line":31,"column":20},"end":{"line":31,"column":null}},"loc":{"start":{"line":31,"column":20},"end":{"line":31,"column":null}}},"20":{"name":"(anonymous_9)","decl":{"start":{"line":36,"column":4},"end":{"line":36,"column":null}},"loc":{"start":{"line":36,"column":4},"end":{"line":36,"column":null}}},"21":{"name":"(anonymous_10)","decl":{"start":{"line":42,"column":27},"end":{"line":42,"column":null}},"loc":{"start":{"line":42,"column":27},"end":{"line":42,"column":null}}},"22":{"name":"(anonymous_11)","decl":{"start":{"line":60,"column":12},"end":{"line":60,"column":13}},"loc":{"start":{"line":60,"column":12},"end":{"line":60,"column":27}}}},"branchMap":{"0":{"loc":{"start":{"line":1,"column":28},"end":{"line":1,"column":null}},"type":"binary-expr","locations":[{"start":{"line":1,"column":28},"end":{"line":1,"column":null}},{"start":{"line":1,"column":46},"end":{"line":1,"column":null}}]},"1":{"loc":{"start":{"line":1,"column":46},"end":{"line":1,"column":null}},"type":"if","locations":[{"start":{"line":1,"column":46},"end":{"line":1,"column":null}}]},"2":{"loc":{"start":{"line":1,"column":46},"end":{"line":1,"column":null}},"type":"binary-expr","locations":[{"start":{"line":1,"column":46},"end":{"line":1,"column":null}},{"start":{"line":1,"column":46},"end":{"line":1,"column":null}}]},"3":{"loc":{"start":{"line":31,"column":4},"end":{"line":36,"column":null}},"type":"if","locations":[{"start":{"line":31,"column":4},"end":{"line":36,"column":null}}]},"4":{"loc":{"start":{"line":41,"column":6},"end":{"line":43,"column":null}},"type":"if","locations":[{"start":{"line":41,"column":6},"end":{"line":43,"column":null}}]},"5":{"loc":{"start":{"line":41,"column":10},"end":{"line":41,"column":99}},"type":"binary-expr","locations":[{"start":{"line":41,"column":10},"end":{"line":41,"column":31}},{"start":{"line":41,"column":31},"end":{"line":41,"column":99}}]},"6":{"loc":{"start":{"line":55,"column":9},"end":{"line":70,"column":null}},"type":"cond-expr","locations":[{"start":{"line":56,"column":10},"end":{"line":66,"column":null}},{"start":{"line":68,"column":10},"end":{"line":70,"column":null}}]},"7":{"loc":{"start":{"line":7,"column":29},"end":{"line":15,"column":null}},"type":"if","locations":[{"start":{"line":7,"column":29},"end":{"line":15,"column":null}}]},"8":{"loc":{"start":{"line":15,"column":6},"end":{"line":21,"column":null}},"type":"if","locations":[{"start":{"line":15,"column":6},"end":{"line":21,"column":null}}]},"9":{"loc":{"start":{"line":15,"column":6},"end":{"line":15,"column":24}},"type":"binary-expr","locations":[{"start":{"line":15,"column":6},"end":{"line":15,"column":24}},{"start":{"line":15,"column":6},"end":{"line":15,"column":24}}]},"10":{"loc":{"start":{"line":30,"column":18},"end":{"line":56,"column":11}},"type":"cond-expr","locations":[{"start":{"line":30,"column":18},"end":{"line":57,"column":13}},{"start":{"line":57,"column":13},"end":{"line":56,"column":11}}]}},"s":{"0":2,"1":36,"2":6,"3":4,"4":2,"5":4,"6":2,"7":4,"8":4,"9":4,"10":4,"11":2,"12":4,"13":4,"14":2,"15":2,"16":2,"17":2,"18":4,"19":2,"20":2,"21":4,"22":4,"23":2,"24":2,"25":2,"26":2,"27":2,"28":2,"29":2,"30":2,"31":2,"32":6,"33":2,"34":2,"35":2,"36":2,"37":4,"38":0,"39":0,"40":2,"41":0,"42":0,"43":2,"44":2,"45":0,"46":2,"47":2,"48":2,"49":0,"50":2},"f":{"0":8,"1":2,"2":2,"3":4,"4":2,"5":2,"6":4,"7":2,"8":2,"9":2,"10":2,"11":2,"12":2,"13":2,"14":0,"15":2,"16":0,"17":2,"18":2,"19":2,"20":2,"21":0,"22":2},"b":{"0":[2,0],"1":[2],"2":[2,2],"3":[0],"4":[0],"5":[0,2],"6":[0,2],"7":[0],"8":[0],"9":[0,0],"10":[0,2]}}
,"/home/amelie/Documents/Skola/Testing/CardGame/frontend/src/components/Sequence.tsx": {"path":"/home/amelie/Documents/Skola/Testing/CardGame/frontend/src/components/Sequence.tsx","statementMap":{"0":{"start":{"line":1,"column":40},"end":{"line":1,"column":null}},"1":{"start":{"line":21,"column":20},"end":{"line":21,"column":null}},"2":{"start":{"line":37,"column":6},"end":{"line":37,"column":null}},"3":{"start":{"line":39,"column":42},"end":{"line":39,"column":null}},"4":{"start":{"line":40,"column":34},"end":{"line":40,"column":null}},"5":{"start":{"line":41,"column":38},"end":{"line":41,"column":null}},"6":{"start":{"line":43,"column":42},"end":{"line":43,"column":null}},"7":{"start":{"line":44,"column":56},"end":{"line":44,"column":null}},"8":{"start":{"line":46,"column":25},"end":{"line":46,"column":null}},"9":{"start":{"line":48,"column":2},"end":{"line":52,"column":null}},"10":{"start":{"line":49,"column":4},"end":{"line":51,"column":null}},"11":{"start":{"line":50,"column":6},"end":{"line":50,"column":null}},"12":{"start":{"line":54,"column":2},"end":{"line":58,"column":null}},"13":{"start":{"line":55,"column":4},"end":{"line":57,"column":null}},"14":{"start":{"line":56,"column":6},"end":{"line":56,"column":null}},"15":{"start":{"line":60,"column":2},"end":{"line":60,"column":null}},"16":{"start":{"line":62,"column":4},"end":{"line":62,"column":null}},"17":{"start":{"line":63,"column":26},"end":{"line":63,"column":null}},"18":{"start":{"line":64,"column":26},"end":{"line":64,"column":null}},"19":{"start":{"line":65,"column":4},"end":{"line":119,"column":null}},"20":{"start":{"line":66,"column":37},"end":{"line":76,"column":null}},"21":{"start":{"line":67,"column":8},"end":{"line":75,"column":null}},"22":{"start":{"line":68,"column":10},"end":{"line":74,"column":null}},"23":{"start":{"line":69,"column":12},"end":{"line":69,"column":null}},"24":{"start":{"line":70,"column":10},"end":{"line":74,"column":null}},"25":{"start":{"line":71,"column":12},"end":{"line":71,"column":null}},"26":{"start":{"line":73,"column":12},"end":{"line":73,"column":null}},"27":{"start":{"line":77,"column":6},"end":{"line":77,"column":null}},"28":{"start":{"line":78,"column":4},"end":{"line":119,"column":null}},"29":{"start":{"line":79,"column":37},"end":{"line":89,"column":null}},"30":{"start":{"line":80,"column":8},"end":{"line":88,"column":null}},"31":{"start":{"line":81,"column":10},"end":{"line":87,"column":null}},"32":{"start":{"line":82,"column":12},"end":{"line":82,"column":null}},"33":{"start":{"line":83,"column":10},"end":{"line":87,"column":null}},"34":{"start":{"line":84,"column":12},"end":{"line":84,"column":null}},"35":{"start":{"line":86,"column":12},"end":{"line":86,"column":null}},"36":{"start":{"line":90,"column":6},"end":{"line":90,"column":null}},"37":{"start":{"line":91,"column":4},"end":{"line":119,"column":null}},"38":{"start":{"line":92,"column":37},"end":{"line":107,"column":null}},"39":{"start":{"line":93,"column":8},"end":{"line":106,"column":null}},"40":{"start":{"line":94,"column":10},"end":{"line":105,"column":null}},"41":{"start":{"line":98,"column":12},"end":{"line":98,"column":null}},"42":{"start":{"line":99,"column":10},"end":{"line":105,"column":null}},"43":{"start":{"line":100,"column":12},"end":{"line":100,"column":null}},"44":{"start":{"line":101,"column":10},"end":{"line":105,"column":null}},"45":{"start":{"line":102,"column":12},"end":{"line":102,"column":null}},"46":{"start":{"line":104,"column":12},"end":{"line":104,"column":null}},"47":{"start":{"line":108,"column":6},"end":{"line":108,"column":null}},"48":{"start":{"line":110,"column":31},"end":{"line":112,"column":null}},"49":{"start":{"line":111,"column":8},"end":{"line":111,"column":null}},"50":{"start":{"line":111,"column":32},"end":{"line":111,"column":63}},"51":{"start":{"line":114,"column":6},"end":{"line":118,"column":null}},"52":{"start":{"line":115,"column":8},"end":{"line":115,"column":null}},"53":{"start":{"line":117,"column":8},"end":{"line":117,"column":null}},"54":{"start":{"line":121,"column":26},"end":{"line":127,"column":null}},"55":{"start":{"line":122,"column":4},"end":{"line":124,"column":null}},"56":{"start":{"line":123,"column":6},"end":{"line":123,"column":null}},"57":{"start":{"line":125,"column":4},"end":{"line":125,"column":null}},"58":{"start":{"line":126,"column":4},"end":{"line":126,"column":null}},"59":{"start":{"line":129,"column":4},"end":{"line":129,"column":null}},"60":{"start":{"line":130,"column":4},"end":{"line":154,"column":null}},"61":{"start":{"line":134,"column":6},"end":{"line":134,"column":null}},"62":{"start":{"line":135,"column":6},"end":{"line":153,"column":null}},"63":{"start":{"line":136,"column":39},"end":{"line":150,"column":null}},"64":{"start":{"line":137,"column":10},"end":{"line":149,"column":null}},"65":{"start":{"line":138,"column":12},"end":{"line":148,"column":null}},"66":{"start":{"line":139,"column":14},"end":{"line":139,"column":null}},"67":{"start":{"line":140,"column":12},"end":{"line":148,"column":null}},"68":{"start":{"line":141,"column":14},"end":{"line":141,"column":null}},"69":{"start":{"line":142,"column":12},"end":{"line":148,"column":null}},"70":{"start":{"line":143,"column":14},"end":{"line":143,"column":null}},"71":{"start":{"line":144,"column":12},"end":{"line":148,"column":null}},"72":{"start":{"line":145,"column":14},"end":{"line":145,"column":null}},"73":{"start":{"line":147,"column":14},"end":{"line":147,"column":null}},"74":{"start":{"line":151,"column":8},"end":{"line":151,"column":null}},"75":{"start":{"line":152,"column":8},"end":{"line":152,"column":null}},"76":{"start":{"line":156,"column":20},"end":{"line":158,"column":null}},"77":{"start":{"line":157,"column":4},"end":{"line":157,"column":null}},"78":{"start":{"line":160,"column":2},"end":{"line":169,"column":null}},"79":{"start":{"line":161,"column":4},"end":{"line":168,"column":null}},"80":{"start":{"line":162,"column":27},"end":{"line":162,"column":null}},"81":{"start":{"line":163,"column":6},"end":{"line":167,"column":null}},"82":{"start":{"line":164,"column":8},"end":{"line":164,"column":null}},"83":{"start":{"line":166,"column":8},"end":{"line":166,"column":null}},"84":{"start":{"line":171,"column":2},"end":{"line":262,"column":null}},"85":{"start":{"line":185,"column":12},"end":{"line":197,"column":null}},"86":{"start":{"line":186,"column":14},"end":{"line":195,"column":null}},"87":{"start":{"line":192,"column":33},"end":{"line":192,"column":null}},"88":{"start":{"line":222,"column":14},"end":{"line":230,"column":null}},"89":{"start":{"line":225,"column":69},"end":{"line":225,"column":88}},"90":{"start":{"line":245,"column":16},"end":{"line":254,"column":null}},"91":{"start":{"line":264,"column":1},"end":{"line":46,"column":33}},"92":{"start":{"line":21,"column":17},"end":{"line":46,"column":33}},"93":{"start":{"line":46,"column":32},"end":{"line":21,"column":17}},"94":{"start":{"line":266,"column":23},"end":{"line":266,"column":null}}},"fnMap":{"0":{"name":"(anonymous_0)","decl":{"start":{"line":1,"column":40},"end":{"line":1,"column":null}},"loc":{"start":{"line":1,"column":40},"end":{"line":1,"column":null}}},"1":{"name":"Sequence","decl":{"start":{"line":21,"column":9},"end":{"line":21,"column":17}},"loc":{"start":{"line":21,"column":20},"end":{"line":264,"column":1}}},"2":{"name":"(anonymous_2)","decl":{"start":{"line":48,"column":12},"end":{"line":48,"column":18}},"loc":{"start":{"line":48,"column":18},"end":{"line":52,"column":5}}},"3":{"name":"(anonymous_3)","decl":{"start":{"line":54,"column":12},"end":{"line":54,"column":18}},"loc":{"start":{"line":54,"column":18},"end":{"line":58,"column":5}}},"4":{"name":"selectCard","decl":{"start":{"line":61,"column":11},"end":{"line":61,"column":22}},"loc":{"start":{"line":61,"column":34},"end":{"line":120,"column":null}}},"5":{"name":"(anonymous_5)","decl":{"start":{"line":66,"column":51},"end":{"line":66,"column":52}},"loc":{"start":{"line":67,"column":8},"end":{"line":75,"column":null}}},"6":{"name":"(anonymous_6)","decl":{"start":{"line":67,"column":16},"end":{"line":67,"column":17}},"loc":{"start":{"line":67,"column":36},"end":{"line":75,"column":9}}},"7":{"name":"(anonymous_7)","decl":{"start":{"line":79,"column":51},"end":{"line":79,"column":52}},"loc":{"start":{"line":80,"column":8},"end":{"line":88,"column":null}}},"8":{"name":"(anonymous_8)","decl":{"start":{"line":80,"column":16},"end":{"line":80,"column":17}},"loc":{"start":{"line":80,"column":36},"end":{"line":88,"column":9}}},"9":{"name":"(anonymous_9)","decl":{"start":{"line":92,"column":51},"end":{"line":92,"column":52}},"loc":{"start":{"line":93,"column":8},"end":{"line":106,"column":null}}},"10":{"name":"(anonymous_10)","decl":{"start":{"line":93,"column":16},"end":{"line":93,"column":17}},"loc":{"start":{"line":93,"column":36},"end":{"line":106,"column":9}}},"11":{"name":"(anonymous_11)","decl":{"start":{"line":110,"column":50},"end":{"line":110,"column":51}},"loc":{"start":{"line":111,"column":8},"end":{"line":111,"column":null}}},"12":{"name":"(anonymous_12)","decl":{"start":{"line":111,"column":18},"end":{"line":111,"column":19}},"loc":{"start":{"line":111,"column":32},"end":{"line":111,"column":63}}},"13":{"name":"(anonymous_13)","decl":{"start":{"line":121,"column":26},"end":{"line":121,"column":32}},"loc":{"start":{"line":121,"column":32},"end":{"line":127,"column":null}}},"14":{"name":"placeMarker","decl":{"start":{"line":128,"column":11},"end":{"line":128,"column":23}},"loc":{"start":{"line":128,"column":35},"end":{"line":155,"column":null}}},"15":{"name":"(anonymous_15)","decl":{"start":{"line":136,"column":53},"end":{"line":136,"column":54}},"loc":{"start":{"line":137,"column":10},"end":{"line":149,"column":null}}},"16":{"name":"(anonymous_16)","decl":{"start":{"line":137,"column":18},"end":{"line":137,"column":19}},"loc":{"start":{"line":137,"column":38},"end":{"line":149,"column":11}}},"17":{"name":"(anonymous_17)","decl":{"start":{"line":156,"column":20},"end":{"line":156,"column":26}},"loc":{"start":{"line":156,"column":26},"end":{"line":158,"column":null}}},"18":{"name":"(anonymous_18)","decl":{"start":{"line":160,"column":12},"end":{"line":160,"column":18}},"loc":{"start":{"line":160,"column":18},"end":{"line":169,"column":5}}},"19":{"name":"(anonymous_19)","decl":{"start":{"line":184,"column":25},"end":{"line":184,"column":26}},"loc":{"start":{"line":184,"column":37},"end":{"line":198,"column":11}}},"20":{"name":"(anonymous_20)","decl":{"start":{"line":185,"column":27},"end":{"line":185,"column":28}},"loc":{"start":{"line":185,"column":54},"end":{"line":197,"column":13}}},"21":{"name":"(anonymous_21)","decl":{"start":{"line":192,"column":27},"end":{"line":192,"column":33}},"loc":{"start":{"line":192,"column":33},"end":{"line":192,"column":null}}},"22":{"name":"(anonymous_22)","decl":{"start":{"line":205,"column":42},"end":{"line":205,"column":48}},"loc":{"start":{"line":205,"column":48},"end":{"line":205,"column":null}}},"23":{"name":"(anonymous_23)","decl":{"start":{"line":221,"column":28},"end":{"line":221,"column":29}},"loc":{"start":{"line":221,"column":41},"end":{"line":232,"column":13}}},"24":{"name":"(anonymous_24)","decl":{"start":{"line":225,"column":63},"end":{"line":225,"column":69}},"loc":{"start":{"line":225,"column":69},"end":{"line":225,"column":88}}},"25":{"name":"(anonymous_25)","decl":{"start":{"line":244,"column":28},"end":{"line":244,"column":29}},"loc":{"start":{"line":245,"column":16},"end":{"line":254,"column":null}}},"26":{"name":"(anonymous_26)","decl":{"start":{"line":21,"column":17},"end":{"line":21,"column":20}},"loc":{"start":{"line":21,"column":17},"end":{"line":46,"column":33}}}},"branchMap":{"0":{"loc":{"start":{"line":1,"column":40},"end":{"line":1,"column":null}},"type":"binary-expr","locations":[{"start":{"line":1,"column":40},"end":{"line":1,"column":null}},{"start":{"line":1,"column":40},"end":{"line":1,"column":null}}]},"1":{"loc":{"start":{"line":1,"column":40},"end":{"line":1,"column":null}},"type":"if","locations":[{"start":{"line":1,"column":40},"end":{"line":1,"column":null}}]},"2":{"loc":{"start":{"line":49,"column":4},"end":{"line":51,"column":null}},"type":"if","locations":[{"start":{"line":49,"column":4},"end":{"line":51,"column":null}}]},"3":{"loc":{"start":{"line":55,"column":4},"end":{"line":57,"column":null}},"type":"if","locations":[{"start":{"line":55,"column":4},"end":{"line":57,"column":null}}]},"4":{"loc":{"start":{"line":63,"column":26},"end":{"line":63,"column":null}},"type":"binary-expr","locations":[{"start":{"line":63,"column":26},"end":{"line":63,"column":48}},{"start":{"line":63,"column":48},"end":{"line":63,"column":69}},{"start":{"line":63,"column":69},"end":{"line":63,"column":null}}]},"5":{"loc":{"start":{"line":64,"column":26},"end":{"line":64,"column":null}},"type":"binary-expr","locations":[{"start":{"line":64,"column":26},"end":{"line":64,"column":48}},{"start":{"line":64,"column":48},"end":{"line":64,"column":69}},{"start":{"line":64,"column":69},"end":{"line":64,"column":null}}]},"6":{"loc":{"start":{"line":65,"column":4},"end":{"line":119,"column":null}},"type":"if","locations":[{"start":{"line":65,"column":4},"end":{"line":119,"column":null}},{"start":{"line":78,"column":4},"end":{"line":119,"column":null}}]},"7":{"loc":{"start":{"line":65,"column":8},"end":{"line":65,"column":36}},"type":"binary-expr","locations":[{"start":{"line":65,"column":8},"end":{"line":65,"column":21}},{"start":{"line":65,"column":21},"end":{"line":65,"column":36}}]},"8":{"loc":{"start":{"line":68,"column":10},"end":{"line":74,"column":null}},"type":"if","locations":[{"start":{"line":68,"column":10},"end":{"line":74,"column":null}},{"start":{"line":70,"column":10},"end":{"line":74,"column":null}}]},"9":{"loc":{"start":{"line":70,"column":10},"end":{"line":74,"column":null}},"type":"if","locations":[{"start":{"line":70,"column":10},"end":{"line":74,"column":null}},{"start":{"line":72,"column":17},"end":{"line":74,"column":null}}]},"10":{"loc":{"start":{"line":70,"column":21},"end":{"line":70,"column":79}},"type":"binary-expr","locations":[{"start":{"line":70,"column":21},"end":{"line":70,"column":55}},{"start":{"line":70,"column":55},"end":{"line":70,"column":79}}]},"11":{"loc":{"start":{"line":78,"column":4},"end":{"line":119,"column":null}},"type":"if","locations":[{"start":{"line":78,"column":4},"end":{"line":119,"column":null}},{"start":{"line":91,"column":4},"end":{"line":119,"column":null}}]},"12":{"loc":{"start":{"line":78,"column":15},"end":{"line":78,"column":43}},"type":"binary-expr","locations":[{"start":{"line":78,"column":15},"end":{"line":78,"column":28}},{"start":{"line":78,"column":28},"end":{"line":78,"column":43}}]},"13":{"loc":{"start":{"line":81,"column":10},"end":{"line":87,"column":null}},"type":"if","locations":[{"start":{"line":81,"column":10},"end":{"line":87,"column":null}},{"start":{"line":83,"column":10},"end":{"line":87,"column":null}}]},"14":{"loc":{"start":{"line":83,"column":10},"end":{"line":87,"column":null}},"type":"if","locations":[{"start":{"line":83,"column":10},"end":{"line":87,"column":null}},{"start":{"line":85,"column":17},"end":{"line":87,"column":null}}]},"15":{"loc":{"start":{"line":91,"column":4},"end":{"line":119,"column":null}},"type":"if","locations":[{"start":{"line":91,"column":4},"end":{"line":119,"column":null}}]},"16":{"loc":{"start":{"line":94,"column":10},"end":{"line":105,"column":null}},"type":"if","locations":[{"start":{"line":94,"column":10},"end":{"line":105,"column":null}},{"start":{"line":99,"column":10},"end":{"line":105,"column":null}}]},"17":{"loc":{"start":{"line":94,"column":10},"end":{"line":96,"column":null}},"type":"binary-expr","locations":[{"start":{"line":95,"column":13},"end":{"line":95,"column":35}},{"start":{"line":95,"column":35},"end":{"line":95,"column":68}},{"start":{"line":95,"column":68},"end":{"line":95,"column":null}},{"start":{"line":96,"column":12},"end":{"line":96,"column":null}}]},"18":{"loc":{"start":{"line":99,"column":10},"end":{"line":105,"column":null}},"type":"if","locations":[{"start":{"line":99,"column":10},"end":{"line":105,"column":null}},{"start":{"line":101,"column":10},"end":{"line":105,"column":null}}]},"19":{"loc":{"start":{"line":101,"column":10},"end":{"line":105,"column":null}},"type":"if","locations":[{"start":{"line":101,"column":10},"end":{"line":105,"column":null}},{"start":{"line":103,"column":17},"end":{"line":105,"column":null}}]},"20":{"loc":{"start":{"line":114,"column":6},"end":{"line":118,"column":null}},"type":"if","locations":[{"start":{"line":114,"column":6},"end":{"line":118,"column":null}},{"start":{"line":116,"column":13},"end":{"line":118,"column":null}}]},"21":{"loc":{"start":{"line":114,"column":10},"end":{"line":114,"column":49}},"type":"binary-expr","locations":[{"start":{"line":114,"column":10},"end":{"line":114
[...]
lumn":4},"end":{"line":76,"column":null}}]},"4":{"loc":{"start":{"line":99,"column":6},"end":{"line":107,"column":null}},"type":"if","locations":[{"start":{"line":99,"column":6},"end":{"line":107,"column":null}},{"start":{"line":105,"column":13},"end":{"line":107,"column":null}}]},"5":{"loc":{"start":{"line":129,"column":6},"end":{"line":131,"column":null}},"type":"if","locations":[{"start":{"line":129,"column":6},"end":{"line":131,"column":null}}]},"6":{"loc":{"start":{"line":150,"column":6},"end":{"line":156,"column":null}},"type":"if","locations":[{"start":{"line":150,"column":6},"end":{"line":156,"column":null}}]},"7":{"loc":{"start":{"line":157,"column":6},"end":{"line":166,"column":null}},"type":"if","locations":[{"start":{"line":157,"column":6},"end":{"line":166,"column":null}}]},"8":{"loc":{"start":{"line":162,"column":8},"end":{"line":165,"column":null}},"type":"if","locations":[{"start":{"line":162,"column":8},"end":{"line":165,"column":null}}]}},"s":{"0":2,"1":16,"2":2,"3":2,"4":0,"5":0,"6":0,"7":0,"8":0,"9":0,"10":0,"11":0,"12":0,"13":0,"14":0,"15":0,"16":0,"17":0,"18":0,"19":0,"20":0,"21":0,"22":0,"23":0,"24":0,"25":0,"26":0,"27":0,"28":0,"29":0,"30":0,"31":0,"32":0,"33":0,"34":0,"35":0,"36":0,"37":0,"38":0,"39":0,"40":0,"41":0,"42":0,"43":0,"44":0,"45":0,"46":0,"47":0,"48":0,"49":0,"50":0,"51":0,"52":0,"53":0,"54":0,"55":0,"56":0,"57":0,"58":0,"59":0,"60":0,"61":0,"62":0,"63":0,"64":0,"65":0,"66":0,"67":0,"68":0,"69":0,"70":0,"71":0,"72":0,"73":0,"74":0,"75":0,"76":0,"77":0,"78":0,"79":0,"80":0,"81":0,"82":0,"83":0,"84":0,"85":0,"86":0,"87":0,"88":0,"89":0,"90":0,"91":0,"92":0,"93":0,"94":0,"95":0,"96":0,"97":0,"98":0,"99":0,"100":0,"101":0,"102":0,"103":0,"104":0,"105":0,"106":0,"107":2,"108":0,"109":2,"110":2},"f":{"0":2,"1":0,"2":0,"3":0,"4":0,"5":0,"6":0,"7":0,"8":0,"9":0,"10":0,"11":0,"12":0,"13":0,"14":0,"15":0,"16":0,"17":0,"18":0,"19":0,"20":0,"21":0,"22":0,"23":0,"24":0,"25":0,"26":0,"27":0,"28":0,"29":0,"30":0,"31":0},"b":{"0":[2,0],"1":[2],"2":[2,2],"3":[0],"4":[0,0],"5":[0],"6":[0],"7":[0],"8":[0]}}
,"/home/amelie/Documents/Skola/Testing/CardGame/frontend/src/utils/UserContext.tsx": {"path":"/home/amelie/Documents/Skola/Testing/CardGame/frontend/src/utils/UserContext.tsx","statementMap":{"0":{"start":{"line":1,"column":34},"end":{"line":1,"column":null}},"1":{"start":{"line":1,"column":58},"end":{"line":1,"column":null}},"2":{"start":{"line":8,"column":27},"end":{"line":8,"column":null}},"3":{"start":{"line":14,"column":57},"end":{"line":32,"column":1}},"4":{"start":{"line":14,"column":75},"end":{"line":14,"column":null}},"5":{"start":{"line":15,"column":34},"end":{"line":15,"column":null}},"6":{"start":{"line":17,"column":25},"end":{"line":17,"column":null}},"7":{"start":{"line":19,"column":2},"end":{"line":21,"column":null}},"8":{"start":{"line":20,"column":4},"end":{"line":20,"column":null}},"9":{"start":{"line":23,"column":2},"end":{"line":30,"column":null}},"10":{"start":{"line":32,"column":1},"end":{"line":17,"column":33}},"11":{"start":{"line":14,"column":54},"end":{"line":17,"column":33}},"12":{"start":{"line":17,"column":32},"end":{"line":14,"column":54}},"13":{"start":{"line":14,"column":54},"end":{"line":14,"column":57}}},"fnMap":{"0":{"name":"(anonymous_0)","decl":{"start":{"line":1,"column":58},"end":{"line":1,"column":null}},"loc":{"start":{"line":1,"column":58},"end":{"line":1,"column":null}}},"1":{"name":"(anonymous_1)","decl":{"start":{"line":14,"column":57},"end":{"line":14,"column":58}},"loc":{"start":{"line":14,"column":75},"end":{"line":32,"column":1}}},"2":{"name":"(anonymous_2)","decl":{"start":{"line":14,"column":54},"end":{"line":14,"column":57}},"loc":{"start":{"line":14,"column":54},"end":{"line":17,"column":33}}}},"branchMap":{"0":{"loc":{"start":{"line":1,"column":34},"end":{"line":1,"column":null}},"type":"binary-expr","locations":[{"start":{"line":1,"column":34},"end":{"line":1,"column":null}},{"start":{"line":1,"column":58},"end":{"line":1,"column":null}}]},"1":{"loc":{"start":{"line":1,"column":58},"end":{"line":1,"column":null}},"type":"if","locations":[{"start":{"line":1,"column":58},"end":{"line":1,"column":null}}]},"2":{"loc":{"start":{"line":1,"column":58},"end":{"line":1,"column":null}},"type":"binary-expr","locations":[{"start":{"line":1,"column":58},"end":{"line":1,"column":null}},{"start":{"line":1,"column":58},"end":{"line":1,"column":null}}]},"3":{"loc":{"start":{"line":19,"column":2},"end":{"line":21,"column":null}},"type":"if","locations":[{"start":{"line":19,"column":2},"end":{"line":21,"column":null}}]},"4":{"loc":{"start":{"line":19,"column":6},"end":{"line":19,"column":31}},"type":"binary-expr","locations":[{"start":{"line":19,"column":6},"end":{"line":19,"column":14}},{"start":{"line":19,"column":14},"end":{"line":19,"column":31}}]}},"s":{"0":2,"1":16,"2":2,"3":2,"4":2,"5":2,"6":2,"7":2,"8":0,"9":2,"10":2,"11":2,"12":2,"13":2},"f":{"0":2,"1":2,"2":2},"b":{"0":[2,0],"1":[2],"2":[2,2],"3":[0],"4":[2,0]}}
,"/home/amelie/Documents/Skola/Testing/CardGame/frontend/src/utils/types.ts": {"path":"/home/amelie/Documents/Skola/Testing/CardGame/frontend/src/utils/types.ts","statementMap":{},"fnMap":{},"branchMap":{},"s":{},"f":{},"b":{}}
,"/home/amelie/Documents/Skola/Testing/CardGame/frontend/src/utils/useGame.tsx": {"path":"/home/amelie/Documents/Skola/Testing/CardGame/frontend/src/utils/useGame.tsx","statementMap":{"0":{"start":{"line":1,"column":34},"end":{"line":1,"column":null}},"1":{"start":{"line":4,"column":23},"end":{"line":10,"column":1}},"2":{"start":{"line":4,"column":29},"end":{"line":4,"column":null}},"3":{"start":{"line":5,"column":18},"end":{"line":5,"column":null}},"4":{"start":{"line":6,"column":2},"end":{"line":8,"column":null}},"5":{"start":{"line":7,"column":4},"end":{"line":7,"column":null}},"6":{"start":{"line":9,"column":2},"end":{"line":9,"column":null}},"7":{"start":{"line":10,"column":1},"end":{"line":4,"column":23}}},"fnMap":{"0":{"name":"(anonymous_0)","decl":{"start":{"line":1,"column":34},"end":{"line":1,"column":null}},"loc":{"start":{"line":1,"column":34},"end":{"line":1,"column":null}}},"1":{"name":"(anonymous_1)","decl":{"start":{"line":4,"column":23},"end":{"line":4,"column":29}},"loc":{"start":{"line":4,"column":29},"end":{"line":10,"column":1}}}},"branchMap":{"0":{"loc":{"start":{"line":1,"column":34},"end":{"line":1,"column":null}},"type":"binary-expr","locations":[{"start":{"line":1,"column":34},"end":{"line":1,"column":null}},{"start":{"line":1,"column":34},"end":{"line":1,"column":null}}]},"1":{"loc":{"start":{"line":1,"column":34},"end":{"line":1,"column":null}},"type":"if","locations":[{"start":{"line":1,"column":34},"end":{"line":1,"column":null}}]},"2":{"loc":{"start":{"line":6,"column":2},"end":{"line":8,"column":null}},"type":"if","locations":[{"start":{"line":6,"column":2},"end":{"line":8,"column":null}}]}},"s":{"0":16,"1":2,"2":0,"3":0,"4":0,"5":0,"6":0,"7":2},"f":{"0":0,"1":0},"b":{"0":[4,2],"1":[2],"2":[0]}}
,"/home/amelie/Documents/Skola/Testing/CardGame/frontend/src/utils/useUsername.tsx": {"path":"/home/amelie/Documents/Skola/Testing/CardGame/frontend/src/utils/useUsername.tsx","statementMap":{"0":{"start":{"line":1,"column":34},"end":{"line":1,"column":null}},"1":{"start":{"line":4,"column":27},"end":{"line":10,"column":1}},"2":{"start":{"line":4,"column":33},"end":{"line":4,"column":null}},"3":{"start":{"line":5,"column":18},"end":{"line":5,"column":null}},"4":{"start":{"line":6,"column":2},"end":{"line":8,"column":null}},"5":{"start":{"line":7,"column":4},"end":{"line":7,"column":null}},"6":{"start":{"line":9,"column":2},"end":{"line":9,"column":null}},"7":{"start":{"line":10,"column":1},"end":{"line":4,"column":27}}},"fnMap":{"0":{"name":"(anonymous_0)","decl":{"start":{"line":1,"column":34},"end":{"line":1,"column":null}},"loc":{"start":{"line":1,"column":34},"end":{"line":1,"column":null}}},"1":{"name":"(anonymous_1)","decl":{"start":{"line":4,"column":27},"end":{"line":4,"column":33}},"loc":{"start":{"line":4,"column":33},"end":{"line":10,"column":1}}}},"branchMap":{"0":{"loc":{"start":{"line":1,"column":34},"end":{"line":1,"column":null}},"type":"binary-expr","locations":[{"start":{"line":1,"column":34},"end":{"line":1,"column":null}},{"start":{"line":1,"column":34},"end":{"line":1,"column":null}}]},"1":{"loc":{"start":{"line":1,"column":34},"end":{"line":1,"column":null}},"type":"if","locations":[{"start":{"line":1,"column":34},"end":{"line":1,"column":null}}]},"2":{"loc":{"start":{"line":6,"column":2},"end":{"line":8,"column":null}},"type":"if","locations":[{"start":{"line":6,"column":2},"end":{"line":8,"column":null}}]}},"s":{"0":16,"1":2,"2":0,"3":0,"4":0,"5":0,"6":0,"7":2},"f":{"0":0,"1":0},"b":{"0":[4,2],"1":[2],"2":[0]}}
,"/home/amelie/Documents/Skola/Testing/CardGame/frontend/src/views/Game.tsx": {"path":"/home/amelie/Documents/Skola/Testing/CardGame/frontend/src/views/Game.tsx","statementMap":{"0":{"start":{"line":1,"column":29},"end":{"line":1,"column":null}},"1":{"start":{"line":1,"column":51},"end":{"line":1,"column":null}},"2":{"start":{"line":12,"column":18},"end":{"line":42,"column":1}},"3":{"start":{"line":12,"column":24},"end":{"line":12,"column":null}},"4":{"start":{"line":13,"column":29},"end":{"line":13,"column":null}},"5":{"start":{"line":14,"column":43},"end":{"line":14,"column":null}},"6":{"start":{"line":15,"column":22},"end":{"line":15,"column":null}},"7":{"start":{"line":16,"column":29},"end":{"line":16,"column":null}},"8":{"start":{"line":17,"column":19},"end":{"line":17,"column":null}},"9":{"start":{"line":19,"column":2},"end":{"line":31,"column":null}},"10":{"start":{"line":20,"column":4},"end":{"line":29,"column":null}},"11":{"start":{"line":33,"column":2},"end":{"line":35,"column":null}},"12":{"start":{"line":34,"column":4},"end":{"line":34,"column":null}},"13":{"start":{"line":37,"column":2},"end":{"line":41,"column":null}},"14":{"start":{"line":38,"column":4},"end":{"line":38,"column":null}},"15":{"start":{"line":39,"column":4},"end":{"line":39,"column":null}},"16":{"start":{"line":40,"column":4},"end":{"line":40,"column":null}},"17":{"start":{"line":42,"column":1},"end":{"line":17,"column":31}},"18":{"start":{"line":12,"column":15},"end":{"line":17,"column":31}},"19":{"start":{"line":17,"column":30},"end":{"line":12,"column":15}},"20":{"start":{"line":44,"column":13},"end":{"line":50,"column":1}},"21":{"start":{"line":45,"column":2},"end":{"line":48,"column":null}},"22":{"start":{"line":50,"column":1},"end":{"line":44,"column":13}},"23":{"start":{"line":52,"column":19},"end":{"line":52,"column":null}},"24":{"start":{"line":1,"column":51},"end":{"line":34,"column":12}},"25":{"start":{"line":1,"column":51},"end":{"line":20,"column":null}},"26":{"start":{"line":2,"column":0},"end":{"line":19,"column":null}},"27":{"start":{"line":24,"column":12},"end":{"line":23,"column":null}},"28":{"start":{"line":23,"column":10},"end":{"line":34,"column":11}},"29":{"start":{"line":27,"column":10},"end":{"line":27,"column":11}},"30":{"start":{"line":27,"column":10},"end":{"line":33,"column":17}},"31":{"start":{"line":34,"column":11},"end":{"line":40,"column":38}},"32":{"start":{"line":34,"column":11},"end":{"line":40,"column":30}}},"fnMap":{"0":{"name":"(anonymous_0)","decl":{"start":{"line":1,"column":51},"end":{"line":1,"column":null}},"loc":{"start":{"line":1,"column":51},"end":{"line":1,"column":null}}},"1":{"name":"(anonymous_1)","decl":{"start":{"line":12,"column":18},"end":{"line":12,"column":24}},"loc":{"start":{"line":12,"column":24},"end":{"line":42,"column":1}}},"2":{"name":"(anonymous_2)","decl":{"start":{"line":12,"column":15},"end":{"line":12,"column":18}},"loc":{"start":{"line":12,"column":15},"end":{"line":17,"column":31}}},"3":{"name":"(anonymous_3)","decl":{"start":{"line":44,"column":13},"end":{"line":44,"column":19}},"loc":{"start":{"line":44,"column":19},"end":{"line":50,"column":1}}},"4":{"name":"(anonymous_1)","decl":{"start":{"line":34,"column":11},"end":{"line":34,"column":12}},"loc":{"start":{"line":34,"column":11},"end":{"line":40,"column":38}}}},"branchMap":{"0":{"loc":{"start":{"line":1,"column":29},"end":{"line":1,"column":null}},"type":"binary-expr","locations":[{"start":{"line":1,"column":29},"end":{"line":1,"column":null}},{"start":{"line":1,"column":51},"end":{"line":1,"column":null}}]},"1":{"loc":{"start":{"line":1,"column":51},"end":{"line":1,"column":null}},"type":"if","locations":[{"start":{"line":1,"column":51},"end":{"line":1,"column":null}}]},"2":{"loc":{"start":{"line":1,"column":51},"end":{"line":1,"column":null}},"type":"binary-expr","locations":[{"start":{"line":1,"column":51},"end":{"line":1,"column":null}},{"start":{"line":1,"column":51},"end":{"line":1,"column":null}}]},"3":{"loc":{"start":{"line":19,"column":2},"end":{"line":31,"column":null}},"type":"if","locations":[{"start":{"line":19,"column":2},"end":{"line":31,"column":null}}]},"4":{"loc":{"start":{"line":22,"column":9},"end":{"line":27,"column":null}},"type":"cond-expr","locations":[{"start":{"line":23,"column":10},"end":{"line":25,"column":null}},{"start":{"line":27,"column":10},"end":{"line":27,"column":null}}]},"5":{"loc":{"start":{"line":33,"column":2},"end":{"line":35,"column":null}},"type":"if","locations":[{"start":{"line":33,"column":2},"end":{"line":35,"column":null}}]},"6":{"loc":{"start":{"line":37,"column":2},"end":{"line":41,"column":null}},"type":"if","locations":[{"start":{"line":37,"column":2},"end":{"line":41,"column":null}}]},"7":{"loc":{"start":{"line":1,"column":51},"end":{"line":20,"column":null}},"type":"if","locations":[{"start":{"line":1,"column":51},"end":{"line":20,"column":null}}]},"8":{"loc":{"start":{"line":2,"column":21},"end":{"line":14,"column":16}},"type":"cond-expr","locations":[{"start":{"line":2,"column":21},"end":{"line":10,"column":27}},{"start":{"line":10,"column":27},"end":{"line":14,"column":16}}]},"9":{"loc":{"start":{"line":24,"column":12},"end":{"line":23,"column":null}},"type":"if","locations":[{"start":{"line":24,"column":12},"end":{"line":23,"column":null}}]},"10":{"loc":{"start":{"line":23,"column":10},"end":{"line":34,"column":11}},"type":"if","locations":[{"start":{"line":23,"column":10},"end":{"line":34,"column":11}}]}},"s":{"0":2,"1":58,"2":2,"3":2,"4":2,"5":2,"6":2,"7":2,"8":2,"9":4,"10":4,"11":0,"12":0,"13":0,"14":2,"15":2,"16":0,"17":2,"18":0,"19":2,"20":2,"21":0,"22":2,"23":4,"24":4,"25":4,"26":2,"27":4,"28":2,"29":0,"30":2,"31":6,"32":4},"f":{"0":12,"1":0,"2":0,"3":0,"4":2},"b":{"0":[2,0],"1":[2],"2":[2,2],"3":[0],"4":[0,0],"5":[0],"6":[0],"7":[2],"8":[0,2],"9":[2],"10":[0]}}
,"/home/amelie/Documents/Skola/Testing/CardGame/frontend/src/views/Home.tsx": {"path":"/home/amelie/Documents/Skola/Testing/CardGame/frontend/src/views/Home.tsx","statementMap":{"0":{"start":{"line":1,"column":33},"end":{"line":1,"column":null}},"1":{"start":{"line":7,"column":16},"end":{"line":7,"column":null}},"2":{"start":{"line":8,"column":45},"end":{"line":8,"column":null}},"3":{"start":{"line":9,"column":22},"end":{"line":9,"column":null}},"4":{"start":{"line":10,"column":22},"end":{"line":10,"column":null}},"5":{"start":{"line":12,"column":2},"end":{"line":14,"column":null}},"6":{"start":{"line":13,"column":4},"end":{"line":13,"column":null}},"7":{"start":{"line":16,"column":2},"end":{"line":18,"column":null}},"8":{"start":{"line":17,"column":4},"end":{"line":17,"column":null}},"9":{"start":{"line":20,"column":2},"end":{"line":22,"column":null}},"10":{"start":{"line":21,"column":4},"end":{"line":21,"column":null}},"11":{"start":{"line":24,"column":2},"end":{"line":24,"column":null}},"12":{"start":{"line":25,"column":1},"end":{"line":10,"column":37}},"13":{"start":{"line":7,"column":13},"end":{"line":10,"column":37}},"14":{"start":{"line":10,"column":36},"end":{"line":7,"column":13}},"15":{"start":{"line":27,"column":19},"end":{"line":27,"column":null}},"16":{"start":{"line":1,"column":33},"end":{"line":3,"column":7}},"17":{"start":{"line":1,"column":33},"end":{"line":2,"column":31}},"18":{"start":{"line":4,"column":0},"end":{"line":10,"column":8}},"19":{"start":{"line":5,"column":0},"end":{"line":9,"column":22}},"20":{"start":{"line":12,"column":2},"end":{"line":17,"column":11}}},"fnMap":{"0":{"name":"(anonymous_0)","decl":{"start":{"line":1,"column":33},"end":{"line":1,"column":null}},"loc":{"start":{"line":1,"column":33},"end":{"line":1,"column":null}}},"1":{"name":"Home","decl":{"start":{"line":7,"column":9},"end":{"line":7,"column":13}},"loc":{"start":{"line":7,"column":16},"end":{"line":25,"column":1}}},"2":{"name":"(anonymous_2)","decl":{"start":{"line":12,"column":12},"end":{"line":12,"column":18}},"loc":{"start":{"line":12,"column":18},"end":{"line":14,"column":5}}},"3":{"name":"(anonymous_3)","decl":{"start":{"line":7,"column":13},"end":{"line":7,"column":16}},"loc":{"start":{"line":7,"column":13},"end":{"line":10,"column":37}}}},"branchMap":{"0":{"loc":{"start":{"line":1,"column":33},"end":{"line":1,"column":null}},"type":"binary-expr","locations":[{"start":{"line":1,"column":33},"end":{"line":1,"column":null}},{"start":{"line":1,"column":33},"end":{"line":1,"column":null}}]},"1":{"loc":{"start":{"line":1,"column":33},"end":{"line":1,"column":null}},"type":"if","locations":[{"start":{"line":1,"column":33},"end":{"line":1,"column":null}}]},"2":{"loc":{"start":{"line":16,"column":2},"end":{"line":18,"column":null}},"type":"if","locations":[{"start":{"line":16,"column":2},"end":{"line":18,"column":null}}]},"3":{"loc":{"start":{"line":20,"column":2},"end":{"line":22,"column":null}},"type":"if","locations":[{"start":{"line":20,"column":2},"end":{"line":22,"column":null}}]},"4":{"loc":{"start":{"line":20,"column":6},"end":{"line":20,"column":24}},"type":"binary-expr","locations":[{"start":{"line":20,"column":6},"end":{"line":20,"column":17}},{"start":{"line":20,"column":17},"end":{"line":20,"column":24}}]},"5":{"loc":{"start":{"line":1,"column":33},"end":{"line":3,"column":7}},"type":"if","locations":[{"start":{"line":1,"column":33},"end":{"line":3,"column":7}}]},"6":{"loc":{"start":{"line":4,"column":0},"end":{"line":10,"column":8}},"type":"if","locations":[{"start":{"line":4,"column":0},"end":{"line":10,"column":8}}]},"7":{"loc":{"start":{"line":4,"column":0},"end":{"line":4,"column":23}},"type":"binary-expr","locations":[{"start":{"line":4,"column":0},"end":{"line":4,"column":23}},{"start":{"line":4,"column":7},"end":{"line":4,"column":23}}]}},"s":{"0":40,"1":4,"2":4,"3":4,"4":2,"5":2,"6":2,"7":2,"8":0,"9":2,"10":2,"11":0,"12":2,"13":2,"14":2,"15":2,"16":2,"17":0,"18":2,"19":2,"20":0},"f":{"0":8,"1":2,"2":4,"3":2},"b":{"0":[4,2],"1":[2],"2":[0],"3":[2],"4":[2,2],"5":[0],"6":[2],"7":[2,2]}}
,"/home/amelie/Documents/Skola/Testing/CardGame/frontend/src/views/Profile.tsx": {"path":"/home/amelie/Documents/Skola/Testing/CardGame/frontend/src/views/Profile.tsx","statementMap":{"0":{"start":{"line":1,"column":53},"end":{"line":1,"column":null}},"1":{"start":{"line":6,"column":2},"end":{"line":11,"column":null}},"2":{"start":{"line":13,"column":1},"end":{"line":5,"column":19}},"3":{"start":{"line":15,"column":22},"end":{"line":15,"column":null}},"4":{"start":{"line":1,"column":53},"end":{"line":8,"column":7}}},"fnMap":{"0":{"name":"(anonymous_0)","decl":{"start":{"line":1,"column":53},"end":{"line":1,"column":null}},"loc":{"start":{"line":1,"column":53},"end":{"line":1,"column":null}}},"1":{"name":"Profile","decl":{"start":{"line":5,"column":9},"end":{"line":5,"column":19}},"loc":{"start":{"line":5,"column":19},"end":{"line":13,"column":1}}}},"branchMap":{"0":{"loc":{"start":{"line":1,"column":53},"end":{"line":1,"column":null}},"type":"binary-expr","locations":[{"start":{"line":1,"column":53},"end":{"line":1,"column":null}},{"start":{"line":1,"column":53},"end":{"line":1,"column":null}}]},"1":{"loc":{"start":{"line":1,"column":53},"end":{"line":1,"column":null}},"type":"if","locations":[{"start":{"line":1,"column":53},"end":{"line":1,"column":null}}]}},"s":{"0":16,"1":0,"2":2,"3":2,"4":0},"f":{"0":2,"1":0},"b":{"0":[4,2],"1":[2]}}
}
