TN:
SF:src/App.tsx
FNF:0
FNH:0
LF:0
LH:0
BRF:0
BRH:0
end_of_record
TN:
SF:src/main.tsx
FNF:0
FNH:0
LF:0
LH:0
BRF:0
BRH:0
end_of_record
TN:
SF:src/api/user.tsx
FN:1,(anonymous_0)
FN:13,(anonymous_1)
FN:30,(anonymous_2)
FN:52,(anonymous_3)
FN:68,(anonymous_4)
FN:78,(anonymous_5)
FN:88,(anonymous_6)
FN:101,(anonymous_7)
FNF:8
FNH:1
FNDA:14,(anonymous_0)
FNDA:0,(anonymous_1)
FNDA:0,(anonymous_2)
FNDA:0,(anonymous_3)
FNDA:0,(anonymous_4)
FNDA:0,(anonymous_5)
FNDA:0,(anonymous_6)
FNDA:0,(anonymous_7)
DA:1,28
DA:13,2
DA:14,0
DA:16,0
DA:17,0
DA:22,0
DA:23,0
DA:25,0
DA:26,0
DA:28,2
DA:30,2
DA:35,0
DA:37,0
DA:38,0
DA:42,0
DA:43,0
DA:44,0
DA:45,0
DA:47,0
DA:48,0
DA:50,2
DA:52,2
DA:57,0
DA:58,0
DA:61,0
DA:63,0
DA:64,0
DA:66,2
DA:68,2
DA:72,0
DA:73,0
DA:74,0
DA:75,0
DA:76,2
DA:78,2
DA:79,0
DA:80,0
DA:81,0
DA:83,0
DA:84,0
DA:86,2
DA:88,2
DA:92,0
DA:93,0
DA:94,0
DA:96,0
DA:97,0
DA:99,2
DA:101,14
DA:106,0
DA:107,0
DA:110,0
DA:112,0
DA:113,0
DA:115,2
LF:55
LH:15
BRDA:1,0,0,4
BRDA:1,0,1,2
BRDA:1,1,0,2
BRF:3
BRH:3
end_of_record
TN:
SF:src/assets/colors.tsx
FNF:0
FNH:0
DA:1,2
LF:1
LH:1
BRF:0
BRH:0
end_of_record
TN:
SF:src/assets/Cards/CardImages.ts
FNF:0
FNH:0
DA:65,2
LF:1
LH:1
BRF:0
BRH:0
end_of_record
TN:
SF:src/assets/Markers/markers.ts
FN:30,(anonymous_0)
FN:34,(anonymous_1)
FN:38,(anonymous_2)
FNF:3
FNH:0
FNDA:0,(anonymous_0)
FNDA:0,(anonymous_1)
FNDA:0,(anonymous_2)
DA:12,2
DA:30,2
DA:31,0
DA:34,2
DA:35,0
DA:38,2
DA:39,0
LF:7
LH:4
BRF:0
BRH:0
end_of_record
TN:
SF:src/assets/StyledComponents/FormComponents.tsx
FNF:0
FNH:0
LF:0
LH:0
BRF:0
BRH:0
end_of_record
TN:
SF:src/components/Card.tsx
FN:1,(anonymous_0)
FN:19,(anonymous_1)
FN:50,(anonymous_2)
FN:59,Cards
FNF:4
FNH:1
FNDA:12,(anonymous_0)
FNDA:0,(anonymous_1)
FNDA:0,(anonymous_2)
FNDA:0,Cards
DA:1,26
DA:18,2
DA:19,0
DA:41,2
DA:43,2
DA:47,2
DA:49,2
DA:50,0
DA:57,2
DA:59,12
DA:60,0
DA:79,2
LF:12
LH:9
BRDA:1,0,0,4
BRDA:1,0,1,2
BRDA:1,1,0,2
BRDA:20,2,0,0
BRDA:20,2,1,0
BRDA:21,3,0,0
BRDA:21,3,1,0
BRDA:22,4,0,0
BRDA:22,4,1,0
BRDA:23,5,0,0
BRDA:23,5,1,0
BRDA:24,6,0,0
BRDA:24,6,1,0
BRDA:24,7,0,0
BRDA:24,7,1,0
BRDA:32,8,0,0
BRDA:32,8,1,0
BRDA:34,9,0,0
BRDA:34,9,1,0
BRDA:36,10,0,0
BRDA:36,10,1,0
BRDA:36,11,0,0
BRDA:36,11,1,0
BRDA:72,12,0,0
BRDA:72,12,1,0
BRF:25
BRH:3
end_of_record
TN:
SF:src/components/DeleteAccount.tsx
FNF:0
FNH:0
LF:0
LH:0
BRF:0
BRH:0
end_of_record
TN:
SF:src/components/EditProfile.tsx
FNF:0
FNH:0
LF:0
LH:0
BRF:0
BRH:0
end_of_record
TN:
SF:src/components/GameLobby.tsx
FNF:0
FNH:0
LF:0
LH:0
BRF:0
BRH:0
end_of_record
TN:
SF:src/components/HomeScreen.tsx
FNF:0
FNH:0
LF:0
LH:0
BRF:0
BRH:0
end_of_record
TN:
SF:src/components/LogoutButton.tsx
FNF:0
FNH:0
LF:0
LH:0
BRF:0
BRH:0
end_of_record
TN:
SF:src/components/Navbar.tsx
FNF:0
FNH:0
LF:0
LH:0
BRF:0
BRH:0
end_of_record
TN:
SF:src/components/Sequence.tsx
FN:1,(anonymous_0)
FN:142,Sequence
FN:169,(anonymous_2)
FN:175,(anonymous_3)
FN:182,selectCard
FN:187,(anonymous_5)
FN:188,(anonymous_6)
FN:200,(anonymous_7)
FN:201,(anonymous_8)
FN:213,(anonymous_9)
FN:214,(anonymous_10)
FN:231,(anonymous_11)
FN:232,(anonymous_12)
FN:242,(anonymous_13)
FN:249,placeMarker
FN:257,(anonymous_15)
FN:258,(anonymous_16)
FN:277,(anonymous_17)
FN:281,(anonymous_18)
FN:305,(anonymous_19)
FN:306,(anonymous_20)
FN:313,(anonymous_21)
FN:325,(anonymous_22)
FN:343,(anonymous_23)
FN:347,(anonymous_24)
FN:366,(anonymous_25)
FN:142,(anonymous_26)
FNF:27
FNH:1
FNDA:22,(anonymous_0)
FNDA:0,Sequence
FNDA:0,(anonymous_2)
FNDA:0,(anonymous_3)
FNDA:0,selectCard
FNDA:0,(anonymous_5)
FNDA:0,(anonymous_6)
FNDA:0,(anonymous_7)
FNDA:0,(anonymous_8)
FNDA:0,(anonymous_9)
FNDA:0,(anonymous_10)
FNDA:0,(anonymous_11)
FNDA:0,(anonymous_12)
FNDA:0,(anonymous_13)
FNDA:0,placeMarker
FNDA:0,(anonymous_15)
FNDA:0,(anonymous_16)
FNDA:0,(anonymous_17)
FNDA:0,(anonymous_18)
FNDA:0,(anonymous_19)
FNDA:0,(anonymous_20)
FNDA:0,(anonymous_21)
FNDA:0,(anonymous_22)
FNDA:0,(anonymous_23)
FNDA:0,(anonymous_24)
FNDA:0,(anonymous_25)
FNDA:0,(anonymous_26)
DA:1,38
DA:11,2
DA:22,2
DA:24,2
DA:32,2
DA:34,2
DA:49,2
DA:51,2
DA:65,2
DA:67,2
DA:79,2
DA:81,2
DA:91,2
DA:93,2
DA:106,2
DA:108,2
DA:112,2
DA:114,2
DA:127,2
DA:129,2
DA:140,2
DA:142,0
DA:158,0
DA:160,0
DA:161,0
DA:162,0
DA:164,0
DA:165,0
DA:167,2
DA:169,0
DA:170,0
DA:171,0
DA:175,0
DA:176,0
DA:177,0
DA:181,0
DA:183,0
DA:184,0
DA:185,0
DA:186,0
DA:187,0
DA:188,0
DA:189,0
DA:190,0
DA:191,0
DA:192,0
DA:194,0
DA:198,0
DA:199,0
DA:200,0
DA:201,0
DA:202,0
DA:203,0
DA:204,0
DA:205,0
DA:207,0
DA:211,0
DA:212,0
DA:213,0
DA:214,0
DA:215,0
DA:219,0
DA:220,0
DA:221,0
DA:222,0
DA:223,0
DA:225,0
DA:229,0
DA:231,0
DA:232,0
DA:235,0
DA:236,0
DA:238,0
DA:242,0
DA:243,0
DA:244,0
DA:246,0
DA:247,0
DA:250,0
DA:251,0
DA:255,0
DA:256,0
DA:257,0
DA:258,0
DA:259,0
DA:260,0
DA:261,0
DA:262,0
DA:263,0
DA:264,0
DA:265,0
DA:266,0
DA:268,0
DA:272,0
DA:273,0
DA:277,0
DA:278,0
DA:281,0
DA:282,0
DA:283,0
DA:284,0
DA:285,0
DA:287,0
DA:292,0
DA:306,0
DA:307,0
DA:313,0
DA:344,0
DA:347,0
DA:367,0
DA:383,2
DA:385,22
LF:112
LH:24
BRDA:1,0,0,4
BRDA:1,0,1,2
BRDA:1,1,0,2
BRDA:170,2,0,0
BRDA:176,3,0,0
BRDA:184,4,0,0
BRDA:184,4,1,0
BRDA:184,4,2,0
BRDA:185,5,0,0
BRDA:185,5,1,0
BRDA:185,5,2,0
BRDA:186,6,0,0
BRDA:186,6,1,0
BRDA:186,7,0,0
BRDA:186,7,1,0
BRDA:189,8,0,0
BRDA:189,8,1,0
BRDA:191,9,0,0
BRDA:191,9,1,0
BRDA:191,10,0,0
BRDA:191,10,1,0
BRDA:199,11,0,0
BRDA:199,11,1,0
BRDA:199,12,0,0
BRDA:199,12,1,0
BRDA:202,13,0,0
BRDA:202,13,1,0
BRDA:204,14,0,0
BRDA:204,14,1,0
BRDA:212,15,0,0
BRDA:215,16,0,0
BRDA:215,16,1,0
BRDA:215,17,0,0
BRDA:215,17,1,0
BRDA:215,17,2,0
BRDA:215,17,3,0
BRDA:220,18,0,0
BRDA:220,18,1,0
BRDA:222,19,0,0
BRDA:222,19,1,0
BRDA:235,20,0,0
BRDA:235,20,1,0
BRDA:235,21,0,0
BRDA:235,21,1,0
BRDA:243,22,0,0
BRDA:251,23,0,0
BRDA:252,24,0,0
BRDA:252,24,1,0
BRDA:252,24,2,0
BRDA:252,24,3,0
BRDA:256,25,0,0
BRDA:259,26,0,0
BRDA:259,26,1,0
BRDA:259,27,0,0
BRDA:259,27,1,0
BRDA:261,28,0,0
BRDA:261,28,1,0
BRDA:263,29,0,0
BRDA:263,29,1,0
BRDA:265,30,0,0
BRDA:265,30,1,0
BRDA:282,31,0,0
BRDA:282,32,0,0
BRDA:282,32,1,0
BRDA:284,33,0,0
BRDA:284,33,1,0
BRDA:294,34,0,0
BRDA:294,34,1,0
BRDA:303,35,0,0
BRDA:303,35,1,0
BRDA:325,36,0,0
BRDA:325,36,1,0
BRDA:326,37,0,0
BRDA:326,37,1,0
BRDA:336,38,0,0
BRDA:336,38,1,0
BRDA:341,39,0,0
BRDA:341,39,1,0
BRDA:341,39,2,0
BRDA:347,40,0,0
BRDA:347,40,1,0
BRDA:358,41,0,0
BRDA:358,41,1,0
BRDA:365,42,0,0
BRDA:365,42,1,0
BRF:85
BRH:3
end_of_record
TN:
SF:src/components/SigninSignup/Signin.tsx
FNF:0
FNH:0
LF:0
LH:0
BRF:0
BRH:0
end_of_record
TN:
SF:src/components/SigninSignup/Signup.tsx
FNF:0
FNH:0
LF:0
LH:0
BRF:0
BRH:0
end_of_record
TN:
SF:src/components/SigninSignup/index.tsx
FNF:0
FNH:0
LF:0
LH:0
BRF:0
BRH:0
end_of_record
TN:
SF:src/constants/Context.ts
FN:10,(anonymous_0)
FNF:1
FNH:0
FNDA:0,(anonymous_0)
LF:0
LH:0
BRF:0
BRH:0
end_of_record
TN:
SF:src/constants/Deck.tsx
FNF:0
FNH:0
LF:0
LH:0
BRF:0
BRH:0
end_of_record
TN:
SF:src/constants/baseUrl.ts
FNF:0
FNH:0
DA:4,2
LF:1
LH:1
BRF:0
BRH:0
end_of_record
TN:
SF:src/constants/queryKeys.ts
FNF:0
FNH:0
LF:0
LH:0
BRF:0
BRH:0
end_of_record
TN:
SF:src/helpers/AuthForm.tsx
FNF:0
FNH:0
LF:0
LH:0
BRF:0
BRH:0
end_of_record
TN:
SF:src/hooks/useSignIn.tsx
FNF:0
FNH:0
LF:0
LH:0
BRF:0
BRH:0
end_of_record
TN:
SF:src/hooks/useUser.ts
FN:6,(anonymous_0)
FNF:1
FNH:0
FNDA:0,(anonymous_0)
DA:6,2
DA:7,0
DA:9,0
LF:3
LH:1
BRF:0
BRH:0
end_of_record
TN:
SF:src/utils/GameContext.tsx
FN:1,(anonymous_0)
FN:52,(anonymous_1)
FN:73,(anonymous_2)
FN:80,(anonymous_3)
FN:83,(anonymous_4)
FN:85,(anonymous_5)
FN:90,(anonymous_6)
FN:94,(anonymous_7)
FN:98,(anonymous_8)
FN:112,(anonymous_9)
FN:116,(anonymous_10)
FN:120,(anonymous_11)
FN:124,(anonymous_12)
FN:128,(anonymous_13)
FN:130,(anonymous_14)
FN:134,(anonymous_15)
FN:147,(anonymous_16)
FN:148,(anonymous_17)
FN:159,(anonymous_18)
FN:170,(anonymous_19)
FN:174,(anonymous_20)
FN:181,(anonymous_21)
FN:185,(anonymous_22)
FN:186,(anonymous_23)
FN:192,(anonymous_24)
FN:199,(anonymous_25)
FN:203,(anonymous_26)
FN:208,(anonymous_27)
FN:209,(anonymous_28)
FN:232,(anonymous_29)
FN:238,(anonymous_30)
FN:52,(anonymous_31)
FNF:32
FNH:1
FNDA:2,(anonymous_0)
FNDA:0,(anonymous_1)
FNDA:0,(anonymous_2)
FNDA:0,(anonymous_3)
FNDA:0,(anonymous_4)
FNDA:0,(anonymous_5)
FNDA:0,(anonymous_6)
FNDA:0,(anonymous_7)
FNDA:0,(anonymous_8)
FNDA:0,(anonymous_9)
FNDA:0,(anonymous_10)
FNDA:0,(anonymous_11)
FNDA:0,(anonymous_12)
FNDA:0,(anonymous_13)
FNDA:0,(anonymous_14)
FNDA:0,(anonymous_15)
FNDA:0,(anonymous_16)
FNDA:0,(anonymous_17)
FNDA:0,(anonymous_18)
FNDA:0,(anonymous_19)
FNDA:0,(anonymous_20)
FNDA:0,(anonymous_21)
FNDA:0,(anonymous_22)
FNDA:0,(anonymous_23)
FNDA:0,(anonymous_24)
FNDA:0,(anonymous_25)
FNDA:0,(anonymous_26)
FNDA:0,(anonymous_27)
FNDA:0,(anonymous_28)
FNDA:0,(anonymous_29)
FNDA:0,(anonymous_30)
FNDA:0,(anonymous_31)
DA:1,16
DA:46,2
DA:52,2
DA:53,2
DA:56,0
DA:57,0
DA:58,0
DA:59,0
DA:60,0
DA:61,0
DA:62,0
DA:63,0
DA:65,0
DA:66,0
DA:67,0
DA:69,0
DA:71,0
DA:73,0
DA:74,0
DA:75,0
DA:80,0
DA:81,0
DA:83,0
DA:85,0
DA:86,0
DA:87,0
DA:90,0
DA:91,0
DA:94,0
DA:95,0
DA:98,0
DA:99,0
DA:100,0
DA:101,0
DA:102,0
DA:106,0
DA:109,0
DA:112,0
DA:113,0
DA:116,0
DA:117,0
DA:120,0
DA:121,0
DA:124,0
DA:125,0
DA:128,0
DA:129,0
DA:130,0
DA:134,0
DA:135,0
DA:136,0
DA:137,0
DA:138,0
DA:139,0
DA:140,0
DA:141,0
DA:142,0
DA:143,0
DA:147,0
DA:148,0
DA:149,0
DA:150,0
DA:151,0
DA:152,0
DA:153,0
DA:154,0
DA:156,0
DA:157,0
DA:158,0
DA:159,0
DA:161,0
DA:162,0
DA:163,0
DA:167,0
DA:170,0
DA:171,0
DA:174,0
DA:175,0
DA:176,0
DA:177,0
DA:178,0
DA:181,0
DA:182,0
DA:185,0
DA:186,0
DA:187,0
DA:189,0
DA:192,0
DA:193,0
DA:199,0
DA:200,0
DA:203,0
DA:204,0
DA:208,0
DA:209,0
DA:210,0
DA:229,0
DA:232,0
DA:233,0
DA:234,0
DA:235,0
DA:238,0
DA:239,0
DA:240,0
DA:243,0
DA:275,2
LF:106
LH:5
BRDA:1,0,0,2
BRDA:1,0,1,0
BRDA:1,1,0,2
BRDA:1,2,0,2
BRDA:1,2,1,2
BRDA:74,3,0,0
BRDA:99,4,0,0
BRDA:99,4,1,0
BRDA:129,5,0,0
BRDA:149,6,0,0
BRDA:156,7,0,0
BRDA:161,8,0,0
BRF:12
BRH:4
end_of_record
TN:
SF:src/utils/UserContext.tsx
FN:1,(anonymous_0)
FN:14,(anonymous_1)
FN:14,(anonymous_2)
FNF:3
FNH:1
FNDA:2,(anonymous_0)
FNDA:0,(anonymous_1)
FNDA:0,(anonymous_2)
DA:1,16
DA:8,2
DA:14,2
DA:15,0
DA:17,2
DA:19,0
DA:20,0
DA:23,0
DA:32,2
LF:9
LH:5
BRDA:1,0,0,2
BRDA:1,0,1,0
BRDA:1,1,0,2
BRDA:1,2,0,2
BRDA:1,2,1,2
BRDA:19,3,0,0
BRDA:19,4,0,0
BRDA:19,4,1,0
BRF:8
BRH:4
end_of_record
TN:
SF:src/utils/types.ts
FNF:0
FNH:0
LF:0
LH:0
BRF:0
BRH:0
end_of_record
TN:
SF:src/utils/useGame.tsx
FN:1,(anonymous_0)
FN:4,(anonymous_1)
FNF:2
FNH:0
FNDA:0,(anonymous_0)
FNDA:0,(anonymous_1)
DA:1,16
DA:4,2
DA:5,0
DA:6,0
DA:7,0
DA:9,0
DA:10,2
LF:7
LH:3
BRDA:1,0,0,4
BRDA:1,0,1,2
BRDA:1,1,0,2
BRDA:6,2,0,0
BRF:4
BRH:3
end_of_record
TN:
SF:src/utils/useUsername.tsx
FN:1,(anonymous_0)
FN:4,(anonymous_1)
FNF:2
FNH:0
FNDA:0,(anonymous_0)
FNDA:0,(anonymous_1)
DA:1,16
DA:4,2
DA:5,0
DA:6,0
DA:7,0
DA:9,0
DA:10,2
LF:7
LH:3
BRDA:1,0,0,4
BRDA:1,0,1,2
BRDA:1,1,0,2
BRDA:6,2,0,0
BRF:4
BRH:3
end_of_record
TN:
SF:src/views/Game.tsx
FNF:0
FNH:0
LF:0
LH:0
BRF:0
BRH:0
end_of_record
TN:
SF:src/views/Home.tsx
FNF:0
FNH:0
LF:0
LH:0
BRF:0
BRH:0
end_of_record
TN:
SF:src/views/Profile.tsx
FNF:0
FNH:0
LF:0
LH:0
BRF:0
BRH:0
end_of_record
