TN:
SF:src/App.tsx
FN:1,(anonymous_0)
FN:13,Root
FN:27,App
FN:20,App
FNF:4
FNH:4
FNDA:8,(anonymous_0)
FNDA:2,Root
FNDA:2,App
FNDA:2,App
DA:1,30
DA:13,4
DA:14,4
DA:15,2
DA:20,4
DA:25,4
DA:28,4
DA:30,2
DA:38,4
DA:50,2
DA:56,2
DA:58,4
LF:12
LH:12
BRDA:1,0,0,4
BRDA:1,0,1,2
BRDA:1,1,0,2
BRF:3
BRH:3
end_of_record
TN:
SF:src/main.tsx
FNF:0
FNH:0
LF:0
LH:0
BRF:0
BRH:0
end_of_record
TN:
SF:src/api/user.tsx
FN:1,(anonymous_0)
FN:13,(anonymous_1)
FN:30,(anonymous_2)
FN:52,(anonymous_3)
FN:68,(anonymous_4)
FN:78,(anonymous_5)
FN:88,(anonymous_6)
FN:101,(anonymous_7)
FN:46,(anonymous_3)
FN:52,(anonymous_4)
FN:65,(anonymous_5)
FN:68,(anonymous_6)
FNF:12
FNH:1
FNDA:18,(anonymous_0)
FNDA:0,(anonymous_1)
FNDA:0,(anonymous_2)
FNDA:0,(anonymous_3)
FNDA:0,(anonymous_4)
FNDA:0,(anonymous_5)
FNDA:0,(anonymous_6)
FNDA:0,(anonymous_7)
FNDA:0,(anonymous_3)
FNDA:0,(anonymous_4)
FNDA:0,(anonymous_5)
FNDA:0,(anonymous_6)
DA:1,74
DA:13,4
DA:14,4
DA:16,0
DA:17,0
DA:21,0
DA:22,0
DA:23,0
DA:24,0
DA:25,0
DA:26,0
DA:27,2
DA:28,2
DA:30,6
DA:35,2
DA:37,0
DA:38,0
DA:39,0
DA:42,0
DA:43,0
DA:44,4
DA:45,0
DA:46,4
DA:47,4
DA:48,4
DA:49,2
DA:50,2
DA:52,4
DA:57,0
DA:58,0
DA:61,0
DA:62,0
DA:63,4
DA:64,0
DA:65,4
DA:66,2
DA:68,6
DA:72,0
DA:73,2
DA:74,2
DA:75,4
DA:76,2
DA:78,2
DA:79,0
DA:80,0
DA:81,0
DA:82,0
DA:83,0
DA:84,0
DA:85,2
DA:86,2
DA:88,2
DA:92,0
DA:93,0
DA:94,0
DA:96,0
DA:97,0
DA:99,2
DA:101,14
DA:106,0
DA:107,0
DA:110,0
DA:112,0
DA:113,0
DA:115,2
LF:65
LH:29
BRDA:1,0,0,4
BRDA:1,0,1,2
BRDA:1,1,0,2
BRF:3
BRH:3
end_of_record
TN:
SF:src/assets/colors.tsx
FNF:0
FNH:0
DA:1,6
LF:1
LH:1
BRF:0
BRH:0
end_of_record
TN:
SF:src/assets/Cards/CardImages.ts
FNF:0
FNH:0
DA:65,6
LF:1
LH:1
BRF:0
BRH:0
end_of_record
TN:
SF:src/assets/Markers/markers.ts
FN:30,(anonymous_0)
FN:34,(anonymous_1)
FN:38,(anonymous_2)
FNF:3
FNH:0
FNDA:0,(anonymous_0)
FNDA:0,(anonymous_1)
FNDA:0,(anonymous_2)
DA:12,6
DA:30,6
DA:31,0
DA:34,6
DA:35,0
DA:38,6
DA:39,0
LF:7
LH:4
BRF:0
BRH:0
end_of_record
TN:
SF:src/assets/StyledComponents/FormComponents.tsx
FN:53,(anonymous_0)
FN:56,(anonymous_1)
FN:58,(anonymous_2)
FN:64,(anonymous_3)
FNF:4
FNH:4
FNDA:14,(anonymous_0)
FNDA:14,(anonymous_1)
FNDA:14,(anonymous_2)
FNDA:14,(anonymous_3)
DA:4,6
DA:12,6
DA:51,6
DA:53,14
DA:56,14
DA:58,14
DA:64,14
LF:7
LH:7
BRDA:53,0,0,14
BRDA:53,0,1,14
BRDA:56,1,0,14
BRDA:56,1,1,14
BRDA:58,2,0,14
BRDA:58,2,1,14
BRDA:64,3,0,14
BRDA:64,3,1,14
BRF:8
BRH:8
end_of_record
TN:
SF:src/assets/StyledComponents/GameStyles.tsx
FNF:0
FNH:0
DA:4,6
DA:17,6
DA:27,6
DA:44,6
DA:60,6
DA:74,6
DA:86,6
DA:101,6
DA:107,6
DA:122,6
LF:10
LH:10
BRF:0
BRH:0
end_of_record
TN:
SF:src/components/AuthForm.tsx
FN:5,(anonymous_0)
FN:7,(anonymous_1)
FN:10,(anonymous_2)
FN:17,(anonymous_3)
FN:25,(anonymous_4)
FNF:5
FNH:3
FNDA:2,(anonymous_0)
FNDA:4,(anonymous_1)
FNDA:0,(anonymous_2)
FNDA:0,(anonymous_3)
FNDA:4,(anonymous_4)
DA:5,2
DA:6,2
DA:7,4
DA:10,2
DA:11,0
DA:17,2
DA:18,0
DA:19,0
DA:22,2
DA:26,4
LF:10
LH:7
BRDA:7,0,0,4
BRDA:7,0,1,4
BRDA:26,1,0,4
BRDA:26,1,1,4
BRF:4
BRH:4
end_of_record
TN:
SF:src/components/Card.tsx
FN:1,(anonymous_0)
FN:19,(anonymous_1)
FN:50,(anonymous_2)
FN:59,Cards
FNF:4
FNH:1
FNDA:12,(anonymous_0)
FNDA:0,(anonymous_1)
FNDA:0,(anonymous_2)
FNDA:0,Cards
DA:1,26
DA:18,2
DA:19,0
DA:41,2
DA:43,2
DA:47,2
DA:49,2
DA:50,0
DA:57,2
DA:59,12
DA:60,0
DA:79,2
LF:12
LH:9
BRDA:1,0,0,4
BRDA:1,0,1,2
BRDA:1,1,0,2
BRDA:20,2,0,0
BRDA:20,2,1,0
BRDA:21,3,0,0
BRDA:21,3,1,0
BRDA:22,4,0,0
BRDA:22,4,1,0
BRDA:23,5,0,0
BRDA:23,5,1,0
BRDA:24,6,0,0
BRDA:24,6,1,0
BRDA:24,7,0,0
BRDA:24,7,1,0
BRDA:32,8,0,0
BRDA:32,8,1,0
BRDA:34,9,0,0
BRDA:34,9,1,0
BRDA:36,10,0,0
BRDA:36,10,1,0
BRDA:36,11,0,0
BRDA:36,11,1,0
BRDA:72,12,0,0
BRDA:72,12,1,0
BRF:25
BRH:3
end_of_record
TN:
SF:src/components/DeleteAccount.tsx
FN:1,(anonymous_0)
FN:10,(anonymous_1)
FN:17,(anonymous_2)
FN:10,(anonymous_3)
FNF:4
FNH:1
FNDA:2,(anonymous_0)
FNDA:0,(anonymous_1)
FNDA:0,(anonymous_2)
FNDA:0,(anonymous_3)
DA:1,34
DA:3,0
DA:10,2
DA:11,0
DA:12,0
DA:13,0
DA:14,2
DA:16,0
DA:17,0
DA:18,0
DA:19,0
DA:22,0
DA:28,2
DA:30,2
LF:14
LH:5
BRDA:1,0,0,4
BRDA:1,0,1,2
BRDA:1,1,0,2
BRDA:16,2,0,0
BRDA:1,3,0,0
BRF:5
BRH:3
end_of_record
TN:
SF:src/components/EditProfile.tsx
FN:1,(anonymous_0)
FN:7,(anonymous_1)
FN:59,(anonymous_2)
FN:64,(anonymous_3)
FN:77,(anonymous_4)
FN:81,(anonymous_5)
FN:82,(anonymous_6)
FN:83,(anonymous_7)
FN:84,(anonymous_8)
FN:85,(anonymous_9)
FN:7,(anonymous_10)
FN:41,(anonymous_1)
FN:44,(anonymous_2)
FN:60,(anonymous_3)
FN:67,(anonymous_4)
FN:72,(anonymous_5)
FN:76,(anonymous_6)
FN:77,(anonymous_7)
FN:81,(anonymous_8)
FNF:19
FNH:1
FNDA:2,(anonymous_0)
FNDA:0,(anonymous_1)
FNDA:0,(anonymous_2)
FNDA:0,(anonymous_3)
FNDA:0,(anonymous_4)
FNDA:0,(anonymous_5)
FNDA:0,(anonymous_6)
FNDA:0,(anonymous_7)
FNDA:0,(anonymous_8)
FNDA:0,(anonymous_9)
FNDA:0,(anonymous_10)
FNDA:0,(anonymous_1)
FNDA:0,(anonymous_2)
FNDA:0,(anonymous_3)
FNDA:0,(anonymous_4)
FNDA:0,(anonymous_5)
FNDA:0,(anonymous_6)
FNDA:0,(anonymous_7)
FNDA:0,(anonymous_8)
DA:1,28
DA:7,2
DA:8,0
DA:9,2
DA:11,2
DA:12,2
DA:15,0
DA:16,0
DA:19,0
DA:20,0
DA:38,0
DA:41,0
DA:42,0
DA:44,0
DA:45,0
DA:49,0
DA:50,0
DA:52,0
DA:56,0
DA:59,0
DA:60,0
DA:62,0
DA:64,0
DA:65,0
DA:67,0
DA:70,0
DA:71,0
DA:72,0
DA:74,0
DA:76,0
DA:77,0
DA:81,0
DA:82,0
DA:83,0
DA:84,0
DA:85,0
DA:96,2
DA:98,2
LF:38
LH:7
BRDA:1,0,0,2
BRDA:1,0,1,0
BRDA:1,1,0,4
BRDA:1,2,0,2
BRDA:1,2,1,2
BRDA:11,3,0,0
BRDA:15,4,0,0
BRDA:19,5,0,0
BRDA:1,6,0,0
BRDA:11,7,0,0
BRF:10
BRH:4
end_of_record
TN:
SF:src/components/GameLobby.tsx
FN:1,(anonymous_0)
FN:12,(anonymous_1)
FN:27,(anonymous_2)
FN:34,(anonymous_3)
FN:38,(anonymous_4)
FN:52,(anonymous_5)
FN:55,(anonymous_6)
FN:58,(anonymous_7)
FN:79,(anonymous_8)
FN:87,(anonymous_9)
FN:95,(anonymous_10)
FN:12,(anonymous_11)
FNF:12
FNH:1
FNDA:4,(anonymous_0)
FNDA:0,(anonymous_1)
FNDA:0,(anonymous_2)
FNDA:0,(anonymous_3)
FNDA:0,(anonymous_4)
FNDA:0,(anonymous_5)
FNDA:0,(anonymous_6)
FNDA:0,(anonymous_7)
FNDA:0,(anonymous_8)
FNDA:0,(anonymous_9)
FNDA:0,(anonymous_10)
FNDA:0,(anonymous_11)
DA:1,18
DA:7,2
DA:10,2
DA:12,2
DA:24,2
DA:25,0
DA:27,0
DA:28,0
DA:29,0
DA:30,0
DA:34,0
DA:35,0
DA:38,0
DA:39,0
DA:40,0
DA:41,0
DA:45,0
DA:52,0
DA:55,0
DA:58,0
DA:80,0
DA:81,0
DA:88,0
DA:89,0
DA:96,0
DA:97,0
DA:110,2
DA:112,4
LF:28
LH:7
BRDA:1,0,0,2
BRDA:1,0,1,0
BRDA:1,1,0,2
BRDA:1,2,0,2
BRDA:1,2,1,2
BRDA:29,3,0,0
BRDA:29,4,0,0
BRDA:29,4,1,0
BRDA:40,5,0,0
BRDA:49,6,0,0
BRDA:49,6,1,0
BRDA:63,7,0,0
BRDA:63,7,1,0
BRDA:70,8,0,0
BRDA:70,8,1,0
BRDA:80,9,0,0
BRDA:88,10,0,0
BRDA:96,11,0,0
BRF:18
BRH:4
end_of_record
TN:
SF:src/components/HomeScreen.tsx
FN:1,(anonymous_0)
FN:16,(anonymous_1)
FN:29,(anonymous_2)
FN:38,(anonymous_3)
FN:16,(anonymous_4)
FN:20,(anonymous_1)
FN:33,(anonymous_2)
FNF:7
FNH:1
FNDA:4,(anonymous_0)
FNDA:0,(anonymous_1)
FNDA:0,(anonymous_2)
FNDA:0,(anonymous_3)
FNDA:0,(anonymous_4)
FNDA:0,(anonymous_1)
FNDA:0,(anonymous_2)
DA:1,34
DA:2,0
DA:7,4
DA:14,2
DA:16,2
DA:17,2
DA:18,2
DA:20,0
DA:21,2
DA:24,0
DA:25,0
DA:28,0
DA:29,0
DA:30,0
DA:32,0
DA:33,0
DA:38,0
DA:45,2
DA:47,4
LF:19
LH:9
BRDA:1,0,0,4
BRDA:1,0,1,2
BRDA:1,1,0,2
BRDA:20,2,0,0
BRDA:24,3,0,0
BRDA:28,4,0,0
BRDA:1,5,0,0
BRDA:7,6,0,0
BRDA:18,7,0,0
BRF:9
BRH:3
end_of_record
TN:
SF:src/components/LogoutButton.tsx
FN:1,(anonymous_0)
FN:8,(anonymous_1)
FN:13,(anonymous_2)
FN:8,(anonymous_3)
FNF:4
FNH:1
FNDA:2,(anonymous_0)
FNDA:0,(anonymous_1)
FNDA:0,(anonymous_2)
FNDA:0,(anonymous_3)
DA:1,36
DA:8,2
DA:9,0
DA:10,0
DA:11,2
DA:13,0
DA:14,0
DA:15,0
DA:18,0
DA:19,2
DA:21,2
LF:11
LH:5
BRDA:1,0,0,2
BRDA:1,0,1,0
BRDA:1,1,0,2
BRDA:1,2,0,2
BRDA:1,2,1,2
BRF:5
BRH:4
end_of_record
TN:
SF:src/components/Navbar.tsx
FN:1,(anonymous_0)
FN:21,Navbar
FN:26,(anonymous_2)
FN:30,(anonymous_3)
FN:32,(anonymous_4)
FN:35,(anonymous_5)
FN:39,(anonymous_6)
FN:40,handleClickOutside
FN:47,(anonymous_8)
FN:57,(anonymous_9)
FN:60,(anonymous_10)
FN:63,(anonymous_11)
FN:68,(anonymous_12)
FN:21,(anonymous_13)
FN:7,(anonymous_1)
FN:7,(anonymous_2)
FN:15,(anonymous_4)
FN:15,(anonymous_5)
FN:24,(anonymous_7)
FN:31,(anonymous_8)
FN:36,(anonymous_9)
FN:42,(anonymous_10)
FN:60,(anonymous_11)
FNF:23
FNH:20
FNDA:8,(anonymous_0)
FNDA:2,Navbar
FNDA:2,(anonymous_2)
FNDA:4,(anonymous_3)
FNDA:2,(anonymous_4)
FNDA:2,(anonymous_5)
FNDA:4,(anonymous_6)
FNDA:2,handleClickOutside
FNDA:2,(anonymous_8)
FNDA:2,(anonymous_9)
FNDA:2,(anonymous_10)
FNDA:2,(anonymous_11)
FNDA:2,(anonymous_12)
FNDA:2,(anonymous_13)
FNDA:0,(anonymous_1)
FNDA:2,(anonymous_2)
FNDA:0,(anonymous_4)
FNDA:2,(anonymous_5)
FNDA:2,(anonymous_7)
FNDA:2,(anonymous_8)
FNDA:2,(anonymous_9)
FNDA:0,(anonymous_10)
FNDA:2,(anonymous_11)
DA:1,36
DA:2,2
DA:3,2
DA:5,2
DA:7,6
DA:13,4
DA:15,2
DA:19,4
DA:21,2
DA:22,4
DA:23,4
DA:24,4
DA:26,4
DA:27,2
DA:30,4
DA:31,4
DA:32,2
DA:33,2
DA:35,2
DA:36,2
DA:39,4
DA:41,2
DA:42,2
DA:46,4
DA:47,4
DA:48,2
DA:52,2
DA:57,2
DA:60,2
DA:63,2
DA:68,2
DA:75,2
DA:77,6
LF:33
LH:33
BRDA:1,0,0,2
BRDA:1,0,1,0
BRDA:1,1,0,2
BRDA:1,2,0,2
BRDA:1,2,1,2
BRDA:31,3,0,0
BRDA:41,4,0,0
BRDA:41,5,0,0
BRDA:41,5,1,2
BRDA:55,6,0,0
BRDA:55,6,1,2
BRDA:7,7,0,0
BRDA:15,8,0,0
BRDA:15,9,0,0
BRDA:15,9,1,0
BRDA:30,10,0,0
BRDA:30,10,1,2
BRF:17
BRH:7
end_of_record
TN:
SF:src/components/Sequence.tsx
FN:1,(anonymous_0)
FN:21,Sequence
FN:48,(anonymous_2)
FN:54,(anonymous_3)
FN:61,selectCard
FN:66,(anonymous_5)
FN:67,(anonymous_6)
FN:79,(anonymous_7)
FN:80,(anonymous_8)
FN:92,(anonymous_9)
FN:93,(anonymous_10)
FN:110,(anonymous_11)
FN:111,(anonymous_12)
FN:121,(anonymous_13)
FN:128,placeMarker
FN:136,(anonymous_15)
FN:137,(anonymous_16)
FN:156,(anonymous_17)
FN:160,(anonymous_18)
FN:184,(anonymous_19)
FN:185,(anonymous_20)
FN:192,(anonymous_21)
FN:205,(anonymous_22)
FN:221,(anonymous_23)
FN:225,(anonymous_24)
FN:244,(anonymous_25)
FN:21,(anonymous_26)
FNF:27
FNH:1
FNDA:2,(anonymous_0)
FNDA:0,Sequence
FNDA:0,(anonymous_2)
FNDA:0,(anonymous_3)
FNDA:0,selectCard
FNDA:0,(anonymous_5)
FNDA:0,(anonymous_6)
FNDA:0,(anonymous_7)
FNDA:0,(anonymous_8)
FNDA:0,(anonymous_9)
FNDA:0,(anonymous_10)
FNDA:0,(anonymous_11)
FNDA:0,(anonymous_12)
FNDA:0,(anonymous_13)
FNDA:0,placeMarker
FNDA:0,(anonymous_15)
FNDA:0,(anonymous_16)
FNDA:0,(anonymous_17)
FNDA:0,(anonymous_18)
FNDA:0,(anonymous_19)
FNDA:0,(anonymous_20)
FNDA:0,(anonymous_21)
FNDA:0,(anonymous_22)
FNDA:0,(anonymous_23)
FNDA:0,(anonymous_24)
FNDA:0,(anonymous_25)
FNDA:0,(anonymous_26)
DA:1,18
DA:21,0
DA:37,0
DA:39,0
DA:40,0
DA:41,0
DA:43,0
DA:44,0
DA:46,2
DA:48,0
DA:49,0
DA:50,0
DA:54,0
DA:55,0
DA:56,0
DA:60,0
DA:62,0
DA:63,0
DA:64,0
DA:65,0
DA:66,0
DA:67,0
DA:68,0
DA:69,0
DA:70,0
DA:71,0
DA:73,0
DA:77,0
DA:78,0
DA:79,0
DA:80,0
DA:81,0
DA:82,0
DA:83,0
DA:84,0
DA:86,0
DA:90,0
DA:91,0
DA:92,0
DA:93,0
DA:94,0
DA:98,0
DA:99,0
DA:100,0
DA:101,0
DA:102,0
DA:104,0
DA:108,0
DA:110,0
DA:111,0
DA:114,0
DA:115,0
DA:117,0
DA:121,0
DA:122,0
DA:123,0
DA:125,0
DA:126,0
DA:129,0
DA:130,0
DA:134,0
DA:135,0
DA:136,0
DA:137,0
DA:138,0
DA:139,0
DA:140,0
DA:141,0
DA:142,0
DA:143,0
DA:144,0
DA:145,0
DA:147,0
DA:151,0
DA:152,0
DA:156,0
DA:157,0
DA:160,0
DA:161,0
DA:162,0
DA:163,0
DA:164,0
DA:166,0
DA:171,0
DA:185,0
DA:186,0
DA:192,0
DA:222,0
DA:225,0
DA:245,0
DA:264,2
DA:266,2
LF:92
LH:4
BRDA:1,0,0,4
BRDA:1,0,1,2
BRDA:1,1,0,2
BRDA:49,2,0,0
BRDA:55,3,0,0
BRDA:63,4,0,0
BRDA:63,4,1,0
BRDA:63,4,2,0
BRDA:64,5,0,0
BRDA:64,5,1,0
BRDA:64,5,2,0
BRDA:65,6,0,0
BRDA:65,6,1,0
BRDA:65,7,0,0
BRDA:65,7,1,0
BRDA:68,8,0,0
BRDA:68,8,1,0
BRDA:70,9,0,0
BRDA:70,9,1,0
BRDA:70,10,0,0
BRDA:70,10,1,0
BRDA:78,11,0,0
BRDA:78,11,1,0
BRDA:78,12,0,0
BRDA:78,12,1,0
BRDA:81,13,0,0
BRDA:81,13,1,0
BRDA:83,14,0,0
BRDA:83,14,1,0
BRDA:91,15,0,0
BRDA:94,16,0,0
BRDA:94,16,1,0
BRDA:94,17,0,0
BRDA:94,17,1,0
BRDA:94,17,2,0
BRDA:94,17,3,0
BRDA:99,18,0,0
BRDA:99,18,1,0
BRDA:101,19,0,0
BRDA:101,19,1,0
BRDA:114,20,0,0
BRDA:114,20,1,0
BRDA:114,21,0,0
BRDA:114,21,1,0
BRDA:122,22,0,0
BRDA:130,23,0,0
BRDA:131,24,0,0
BRDA:131,24,1,0
BRDA:131,24,2,0
BRDA:131,24,3,0
BRDA:135,25,0,0
BRDA:138,26,0,0
BRDA:138,26,1,0
BRDA:138,27,0,0
BRDA:138,27,1,0
BRDA:140,28,0,0
BRDA:140,28,1,0
BRDA:142,29,0,0
BRDA:142,29,1,0
BRDA:144,30,0,0
BRDA:144,30,1,0
BRDA:161,31,0,0
BRDA:161,32,0,0
BRDA:161,32,1,0
BRDA:163,33,0,0
BRDA:163,33,1,0
BRDA:173,34,0,0
BRDA:173,34,1,0
BRDA:182,35,0,0
BRDA:182,35,1,0
BRDA:205,36,0,0
BRDA:205,36,1,0
BRDA:206,37,0,0
BRDA:206,37,1,0
BRDA:214,38,0,0
BRDA:214,38,1,0
BRDA:219,39,0,0
BRDA:219,39,1,0
BRDA:219,39,2,0
BRDA:225,40,0,0
BRDA:225,40,1,0
BRDA:236,41,0,0
BRDA:236,41,1,0
BRDA:243,42,0,0
BRDA:243,42,1,0
BRF:85
BRH:3
end_of_record
TN:
SF:src/components/SequenceGame/Card.tsx
FN:19,(anonymous_0)
FN:50,(anonymous_1)
FN:59,Cards
FNF:3
FNH:0
FNDA:0,(anonymous_0)
FNDA:0,(anonymous_1)
FNDA:0,Cards
DA:18,4
DA:19,0
DA:43,4
DA:49,4
DA:50,0
DA:60,0
LF:6
LH:3
BRDA:20,0,0,0
BRDA:20,0,1,0
BRDA:21,1,0,0
BRDA:21,1,1,0
BRDA:22,2,0,0
BRDA:22,2,1,0
BRDA:23,3,0,0
BRDA:23,3,1,0
BRDA:24,4,0,0
BRDA:24,4,1,0
BRDA:24,5,0,0
BRDA:24,5,1,0
BRDA:32,6,0,0
BRDA:32,6,1,0
BRDA:34,7,0,0
BRDA:34,7,1,0
BRDA:36,8,0,0
BRDA:36,8,1,0
BRDA:36,9,0,0
BRDA:36,9,1,0
BRDA:72,10,0,0
BRDA:72,10,1,0
BRF:22
BRH:0
end_of_record
TN:
SF:src/components/SequenceGame/GameLobby.tsx
FN:7,(anonymous_0)
FN:22,(anonymous_1)
FN:29,(anonymous_2)
FN:33,(anonymous_3)
FN:49,(anonymous_4)
FN:50,(anonymous_5)
FN:70,(anonymous_6)
FN:73,(anonymous_7)
FNF:8
FNH:4
FNDA:2,(anonymous_0)
FNDA:2,(anonymous_1)
FNDA:0,(anonymous_2)
FNDA:0,(anonymous_3)
FNDA:6,(anonymous_4)
FNDA:0,(anonymous_5)
FNDA:6,(anonymous_6)
FNDA:0,(anonymous_7)
DA:7,4
DA:19,2
DA:20,2
DA:22,2
DA:23,2
DA:24,2
DA:25,0
DA:29,2
DA:30,0
DA:33,2
DA:34,0
DA:35,0
DA:36,0
DA:40,2
DA:42,2
DA:50,6
DA:71,6
DA:74,0
DA:75,0
DA:77,0
LF:20
LH:12
BRDA:24,0,0,0
BRDA:24,1,0,2
BRDA:24,1,1,0
BRDA:35,2,0,0
BRDA:46,3,0,2
BRDA:46,3,1,2
BRDA:56,4,0,2
BRDA:56,4,1,0
BRDA:63,5,0,2
BRDA:63,5,1,0
BRDA:74,6,0,0
BRF:11
BRH:5
end_of_record
TN:
SF:src/components/SequenceGame/Sequence.tsx
FN:21,Sequence
FN:48,(anonymous_1)
FN:54,(anonymous_2)
FN:61,selectCard
FN:66,(anonymous_4)
FN:67,(anonymous_5)
FN:79,(anonymous_6)
FN:80,(anonymous_7)
FN:92,(anonymous_8)
FN:93,(anonymous_9)
FN:110,(anonymous_10)
FN:111,(anonymous_11)
FN:121,(anonymous_12)
FN:128,placeMarker
FN:136,(anonymous_14)
FN:137,(anonymous_15)
FN:156,(anonymous_16)
FN:160,(anonymous_17)
FN:182,(anonymous_18)
FN:183,(anonymous_19)
FN:190,(anonymous_20)
FN:203,(anonymous_21)
FN:219,(anonymous_22)
FN:223,(anonymous_23)
FN:242,(anonymous_24)
FNF:25
FNH:0
FNDA:0,Sequence
FNDA:0,(anonymous_1)
FNDA:0,(anonymous_2)
FNDA:0,selectCard
FNDA:0,(anonymous_4)
FNDA:0,(anonymous_5)
FNDA:0,(anonymous_6)
FNDA:0,(anonymous_7)
FNDA:0,(anonymous_8)
FNDA:0,(anonymous_9)
FNDA:0,(anonymous_10)
FNDA:0,(anonymous_11)
FNDA:0,(anonymous_12)
FNDA:0,placeMarker
FNDA:0,(anonymous_14)
FNDA:0,(anonymous_15)
FNDA:0,(anonymous_16)
FNDA:0,(anonymous_17)
FNDA:0,(anonymous_18)
FNDA:0,(anonymous_19)
FNDA:0,(anonymous_20)
FNDA:0,(anonymous_21)
FNDA:0,(anonymous_22)
FNDA:0,(anonymous_23)
FNDA:0,(anonymous_24)
DA:37,0
DA:39,0
DA:40,0
DA:41,0
DA:43,0
DA:44,0
DA:46,0
DA:48,0
DA:49,0
DA:50,0
DA:54,0
DA:55,0
DA:56,0
DA:60,0
DA:62,0
DA:63,0
DA:64,0
DA:65,0
DA:66,0
DA:67,0
DA:68,0
DA:69,0
DA:70,0
DA:71,0
DA:73,0
DA:77,0
DA:78,0
DA:79,0
DA:80,0
DA:81,0
DA:82,0
DA:83,0
DA:84,0
DA:86,0
DA:90,0
DA:91,0
DA:92,0
DA:93,0
DA:94,0
DA:98,0
DA:99,0
DA:100,0
DA:101,0
DA:102,0
DA:104,0
DA:108,0
DA:110,0
DA:111,0
DA:114,0
DA:115,0
DA:117,0
DA:121,0
DA:122,0
DA:123,0
DA:125,0
DA:126,0
DA:129,0
DA:130,0
DA:134,0
DA:135,0
DA:136,0
DA:137,0
DA:138,0
DA:139,0
DA:140,0
DA:141,0
DA:142,0
DA:143,0
DA:144,0
DA:145,0
DA:147,0
DA:151,0
DA:152,0
DA:156,0
DA:157,0
DA:160,0
DA:161,0
DA:162,0
DA:163,0
DA:164,0
DA:169,0
DA:183,0
DA:184,0
DA:190,0
DA:220,0
DA:223,0
DA:243,0
LF:87
LH:0
BRDA:49,0,0,0
BRDA:55,1,0,0
BRDA:63,2,0,0
BRDA:63,2,1,0
BRDA:63,2,2,0
BRDA:64,3,0,0
BRDA:64,3,1,0
BRDA:64,3,2,0
BRDA:65,4,0,0
BRDA:65,4,1,0
BRDA:65,5,0,0
BRDA:65,5,1,0
BRDA:68,6,0,0
BRDA:68,6,1,0
BRDA:70,7,0,0
BRDA:70,7,1,0
BRDA:70,8,0,0
BRDA:70,8,1,0
BRDA:78,9,0,0
BRDA:78,9,1,0
BRDA:78,10,0,0
BRDA:78,10,1,0
BRDA:81,11,0,0
BRDA:81,11,1,0
BRDA:83,12,0,0
BRDA:83,12,1,0
BRDA:91,13,0,0
BRDA:94,14,0,0
BRDA:94,14,1,0
BRDA:94,15,0,0
BRDA:94,15,1,0
BRDA:94,15,2,0
BRDA:94,15,3,0
BRDA:99,16,0,0
BRDA:99,16,1,0
BRDA:101,17,0,0
BRDA:101,17,1,0
BRDA:114,18,0,0
BRDA:114,18,1,0
BRDA:114,19,0,0
BRDA:114,19,1,0
BRDA:122,20,0,0
BRDA:130,21,0,0
BRDA:131,22,0,0
BRDA:131,22,1,0
BRDA:131,22,2,0
BRDA:131,22,3,0
BRDA:135,23,0,0
BRDA:138,24,0,0
BRDA:138,24,1,0
BRDA:138,25,0,0
BRDA:138,25,1,0
BRDA:140,26,0,0
BRDA:140,26,1,0
BRDA:142,27,0,0
BRDA:142,27,1,0
BRDA:144,28,0,0
BRDA:144,28,1,0
BRDA:161,29,0,0
BRDA:161,30,0,0
BRDA:161,30,1,0
BRDA:163,31,0,0
BRDA:171,32,0,0
BRDA:171,32,1,0
BRDA:180,33,0,0
BRDA:180,33,1,0
BRDA:203,34,0,0
BRDA:203,34,1,0
BRDA:204,35,0,0
BRDA:204,35,1,0
BRDA:212,36,0,0
BRDA:212,36,1,0
BRDA:217,37,0,0
BRDA:217,37,1,0
BRDA:217,37,2,0
BRDA:223,38,0,0
BRDA:223,38,1,0
BRDA:234,39,0,0
BRDA:234,39,1,0
BRDA:241,40,0,0
BRDA:241,40,1,0
BRF:81
BRH:0
end_of_record
TN:
SF:src/components/SigninSignup/Signin.tsx
FN:1,(anonymous_0)
FN:8,(anonymous_1)
FN:20,(anonymous_2)
FN:8,(anonymous_3)
FNF:4
FNH:3
FNDA:6,(anonymous_0)
FNDA:2,(anonymous_1)
FNDA:0,(anonymous_2)
FNDA:2,(anonymous_3)
DA:1,42
DA:2,2
DA:8,2
DA:9,2
DA:10,2
DA:12,2
DA:17,2
DA:20,0
DA:23,2
DA:24,2
DA:25,2
LF:11
LH:10
BRDA:1,0,0,2
BRDA:1,0,1,0
BRDA:1,1,0,2
BRDA:1,2,0,2
BRDA:1,2,1,2
BRF:5
BRH:4
end_of_record
TN:
SF:src/components/SigninSignup/Signup.tsx
FN:1,(anonymous_0)
FN:8,(anonymous_1)
FN:23,(anonymous_2)
FN:8,(anonymous_3)
FN:4,(anonymous_1)
FNF:5
FNH:1
FNDA:2,(anonymous_0)
FNDA:0,(anonymous_1)
FNDA:0,(anonymous_2)
FNDA:0,(anonymous_3)
FNDA:0,(anonymous_1)
DA:1,24
DA:4,0
DA:6,0
DA:8,2
DA:9,2
DA:10,2
DA:12,0
DA:20,0
DA:23,0
DA:26,0
DA:27,2
DA:28,2
LF:12
LH:6
BRDA:1,0,0,2
BRDA:1,0,1,0
BRDA:1,1,0,2
BRDA:1,2,0,2
BRDA:1,2,1,2
BRF:5
BRH:4
end_of_record
TN:
SF:src/components/SigninSignup/index.tsx
FN:1,(anonymous_0)
FN:39,SigninSignup
FN:48,(anonymous_2)
FN:16,SigninSignup
FN:28,(anonymous_1)
FNF:5
FNH:3
FNDA:10,(anonymous_0)
FNDA:2,SigninSignup
FNDA:0,(anonymous_2)
FNDA:2,SigninSignup
FNDA:0,(anonymous_1)
DA:1,44
DA:2,2
DA:7,2
DA:14,4
DA:16,2
DA:20,2
DA:22,4
DA:26,4
DA:28,4
DA:37,4
DA:39,4
DA:40,4
DA:42,2
DA:48,0
DA:54,2
DA:56,10
LF:16
LH:15
BRDA:1,0,0,4
BRDA:1,0,1,2
BRDA:1,1,0,2
BRDA:44,2,0,2
BRDA:44,2,1,0
BRDA:45,3,0,2
BRDA:45,3,1,0
BRDA:47,4,0,2
BRDA:47,4,1,0
BRDA:49,5,0,2
BRDA:49,5,1,0
BRDA:22,6,0,2
BRDA:22,6,1,0
BRDA:26,7,0,2
BRDA:26,7,1,0
BRDA:28,8,0,2
BRDA:28,8,1,0
BRDA:28,9,0,2
BRDA:28,9,1,0
BRF:19
BRH:11
end_of_record
TN:
SF:src/constants/Context.ts
FN:10,(anonymous_0)
FNF:1
FNH:0
FNDA:0,(anonymous_0)
LF:0
LH:0
BRF:0
BRH:0
end_of_record
TN:
SF:src/constants/Deck.tsx
FNF:0
FNH:0
LF:0
LH:0
BRF:0
BRH:0
end_of_record
TN:
SF:src/constants/baseUrl.ts
FNF:0
FNH:0
DA:4,6
LF:1
LH:1
BRF:0
BRH:0
end_of_record
TN:
SF:src/constants/queryKeys.ts
FNF:0
FNH:0
LF:0
LH:0
BRF:0
BRH:0
end_of_record
TN:
SF:src/context/Context.ts
FN:10,(anonymous_0)
FNF:1
FNH:0
FNDA:0,(anonymous_0)
LF:0
LH:0
BRF:0
BRH:0
end_of_record
TN:
SF:src/context/GameContext.tsx
FN:52,(anonymous_0)
FN:73,(anonymous_1)
FN:80,(anonymous_2)
FN:83,(anonymous_3)
FN:85,(anonymous_4)
FN:90,(anonymous_5)
FN:94,(anonymous_6)
FN:98,(anonymous_7)
FN:112,(anonymous_8)
FN:116,(anonymous_9)
FN:120,(anonymous_10)
FN:124,(anonymous_11)
FN:128,(anonymous_12)
FN:130,(anonymous_13)
FN:134,(anonymous_14)
FN:147,(anonymous_15)
FN:148,(anonymous_16)
FN:160,(anonymous_17)
FN:171,(anonymous_18)
FN:175,(anonymous_19)
FN:180,(anonymous_20)
FN:184,(anonymous_21)
FN:185,(anonymous_22)
FN:191,(anonymous_23)
FN:198,(anonymous_24)
FN:202,(anonymous_25)
FN:207,(anonymous_26)
FN:208,(anonymous_27)
FN:214,(anonymous_28)
FN:220,(anonymous_29)
FNF:30
FNH:7
FNDA:4,(anonymous_0)
FNDA:4,(anonymous_1)
FNDA:4,(anonymous_2)
FNDA:2,(anonymous_3)
FNDA:0,(anonymous_4)
FNDA:0,(anonymous_5)
FNDA:0,(anonymous_6)
FNDA:0,(anonymous_7)
FNDA:0,(anonymous_8)
FNDA:0,(anonymous_9)
FNDA:0,(anonymous_10)
FNDA:0,(anonymous_11)
FNDA:0,(anonymous_12)
FNDA:0,(anonymous_13)
FNDA:2,(anonymous_14)
FNDA:2,(anonymous_15)
FNDA:2,(anonymous_16)
FNDA:0,(anonymous_17)
FNDA:0,(anonymous_18)
FNDA:0,(anonymous_19)
FNDA:0,(anonymous_20)
FNDA:0,(anonymous_21)
FNDA:0,(anonymous_22)
FNDA:0,(anonymous_23)
FNDA:0,(anonymous_24)
FNDA:0,(anonymous_25)
FNDA:0,(anonymous_26)
FNDA:0,(anonymous_27)
FNDA:0,(anonymous_28)
FNDA:0,(anonymous_29)
DA:46,4
DA:52,4
DA:53,4
DA:56,4
DA:57,4
DA:58,4
DA:59,4
DA:60,4
DA:61,4
DA:62,4
DA:63,4
DA:65,4
DA:66,4
DA:67,4
DA:69,4
DA:71,4
DA:73,4
DA:74,4
DA:75,2
DA:80,4
DA:81,4
DA:83,4
DA:85,4
DA:86,0
DA:87,0
DA:90,4
DA:91,0
DA:94,4
DA:95,0
DA:98,4
DA:99,0
DA:100,0
DA:101,0
DA:102,0
DA:106,0
DA:109,0
DA:112,4
DA:113,0
DA:116,4
DA:117,0
DA:120,4
DA:121,0
DA:124,4
DA:125,0
DA:128,4
DA:129,0
DA:130,0
DA:134,4
DA:135,2
DA:136,2
DA:137,2
DA:138,2
DA:139,2
DA:140,2
DA:141,2
DA:142,2
DA:143,2
DA:147,4
DA:148,2
DA:149,2
DA:150,2
DA:151,0
DA:152,0
DA:153,0
DA:154,0
DA:155,0
DA:157,2
DA:158,0
DA:159,0
DA:160,0
DA:162,0
DA:163,0
DA:164,0
DA:168,2
DA:171,4
DA:172,0
DA:175,4
DA:176,0
DA:177,0
DA:180,4
DA:181,0
DA:184,4
DA:185,0
DA:186,0
DA:188,0
DA:191,4
DA:192,0
DA:198,0
DA:199,0
DA:202,0
DA:203,0
DA:207,4
DA:208,0
DA:209,0
DA:211,0
DA:214,4
DA:215,0
DA:216,0
DA:217,0
DA:220,4
DA:221,0
DA:222,0
DA:225,4
LF:103
LH:56
BRDA:74,0,0,2
BRDA:99,1,0,0
BRDA:99,1,1,0
BRDA:129,2,0,0
BRDA:150,3,0,0
BRDA:157,4,0,0
BRDA:162,5,0,0
BRF:7
BRH:1
end_of_record
TN:
SF:src/context/UserContext.tsx
FN:14,(anonymous_0)
FNF:1
FNH:1
FNDA:8,(anonymous_0)
DA:8,4
DA:14,4
DA:15,8
DA:17,8
DA:19,8
DA:20,2
DA:23,8
LF:7
LH:7
BRDA:19,0,0,2
BRDA:19,1,0,8
BRDA:19,1,1,4
BRF:3
BRH:3
end_of_record
TN:
SF:src/helpers/AuthForm.tsx
FN:1,(anonymous_0)
FN:5,(anonymous_1)
FN:7,(anonymous_2)
FN:10,(anonymous_3)
FN:17,(anonymous_4)
FN:25,(anonymous_5)
FNF:6
FNH:4
FNDA:2,(anonymous_0)
FNDA:2,(anonymous_1)
FNDA:4,(anonymous_2)
FNDA:0,(anonymous_3)
FNDA:0,(anonymous_4)
FNDA:4,(anonymous_5)
DA:1,16
DA:5,2
DA:6,2
DA:7,4
DA:10,2
DA:11,0
DA:17,2
DA:18,0
DA:19,0
DA:22,2
DA:26,4
DA:43,2
DA:45,2
LF:13
LH:10
BRDA:1,0,0,2
BRDA:1,0,1,0
BRDA:1,1,0,2
BRDA:1,2,0,2
BRDA:1,2,1,2
BRDA:7,3,0,4
BRDA:7,3,1,4
BRDA:26,4,0,4
BRDA:26,4,1,4
BRF:9
BRH:8
end_of_record
TN:
SF:src/hooks/useGame.tsx
FN:4,(anonymous_0)
FNF:1
FNH:1
FNDA:6,(anonymous_0)
DA:4,4
DA:5,6
DA:6,6
DA:7,0
DA:9,6
LF:5
LH:4
BRDA:6,0,0,0
BRF:1
BRH:0
end_of_record
TN:
SF:src/hooks/useSignIn.tsx
FNF:0
FNH:0
LF:0
LH:0
BRF:0
BRH:0
end_of_record
TN:
SF:src/hooks/useUser.ts
FN:6,(anonymous_0)
FNF:1
FNH:1
FNDA:18,(anonymous_0)
DA:6,6
DA:7,18
DA:9,18
LF:3
LH:3
BRF:0
BRH:0
end_of_record
TN:
SF:src/hooks/useUsername.tsx
FN:4,(anonymous_0)
FNF:1
FNH:1
FNDA:4,(anonymous_0)
DA:4,4
DA:5,4
DA:6,4
DA:7,0
DA:9,4
LF:5
LH:4
BRDA:6,0,0,0
BRF:1
BRH:0
end_of_record
TN:
SF:src/utils/GameContext.tsx
FN:1,(anonymous_0)
FN:52,(anonymous_1)
FN:73,(anonymous_2)
FN:80,(anonymous_3)
FN:83,(anonymous_4)
FN:85,(anonymous_5)
FN:90,(anonymous_6)
FN:94,(anonymous_7)
FN:98,(anonymous_8)
FN:112,(anonymous_9)
FN:116,(anonymous_10)
FN:120,(anonymous_11)
FN:124,(anonymous_12)
FN:128,(anonymous_13)
FN:130,(anonymous_14)
FN:134,(anonymous_15)
FN:147,(anonymous_16)
FN:148,(anonymous_17)
FN:160,(anonymous_18)
FN:171,(anonymous_19)
FN:175,(anonymous_20)
FN:180,(anonymous_21)
FN:184,(anonymous_22)
FN:185,(anonymous_23)
FN:191,(anonymous_24)
FN:198,(anonymous_25)
FN:202,(anonymous_26)
FN:207,(anonymous_27)
FN:208,(anonymous_28)
FN:231,(anonymous_29)
FN:237,(anonymous_30)
FN:52,(anonymous_31)
FNF:32
FNH:1
FNDA:2,(anonymous_0)
FNDA:0,(anonymous_1)
FNDA:0,(anonymous_2)
FNDA:0,(anonymous_3)
FNDA:0,(anonymous_4)
FNDA:0,(anonymous_5)
FNDA:0,(anonymous_6)
FNDA:0,(anonymous_7)
FNDA:0,(anonymous_8)
FNDA:0,(anonymous_9)
FNDA:0,(anonymous_10)
FNDA:0,(anonymous_11)
FNDA:0,(anonymous_12)
FNDA:0,(anonymous_13)
FNDA:0,(anonymous_14)
FNDA:0,(anonymous_15)
FNDA:0,(anonymous_16)
FNDA:0,(anonymous_17)
FNDA:0,(anonymous_18)
FNDA:0,(anonymous_19)
FNDA:0,(anonymous_20)
FNDA:0,(anonymous_21)
FNDA:0,(anonymous_22)
FNDA:0,(anonymous_23)
FNDA:0,(anonymous_24)
FNDA:0,(anonymous_25)
FNDA:0,(anonymous_26)
FNDA:0,(anonymous_27)
FNDA:0,(anonymous_28)
FNDA:0,(anonymous_29)
FNDA:0,(anonymous_30)
FNDA:0,(anonymous_31)
DA:1,16
DA:46,2
DA:52,2
DA:53,2
DA:56,0
DA:57,0
DA:58,0
DA:59,0
DA:60,0
DA:61,0
DA:62,0
DA:63,0
DA:65,0
DA:66,0
DA:67,0
DA:69,0
DA:71,0
DA:73,0
DA:74,0
DA:75,0
DA:80,0
DA:81,0
DA:83,0
DA:85,0
DA:86,0
DA:87,0
DA:90,0
DA:91,0
DA:94,0
DA:95,0
DA:98,0
DA:99,0
DA:100,0
DA:101,0
DA:102,0
DA:106,0
DA:109,0
DA:112,0
DA:113,0
DA:116,0
DA:117,0
DA:120,0
DA:121,0
DA:124,0
DA:125,0
DA:128,0
DA:129,0
DA:130,0
DA:134,0
DA:135,0
DA:136,0
DA:137,0
DA:138,0
DA:139,0
DA:140,0
DA:141,0
DA:142,0
DA:143,0
DA:147,0
DA:148,0
DA:149,0
DA:150,0
DA:151,0
DA:152,0
DA:153,0
DA:154,0
DA:155,0
DA:157,0
DA:158,0
DA:159,0
DA:160,0
DA:162,0
DA:163,0
DA:164,0
DA:168,0
DA:171,0
DA:172,0
DA:175,0
DA:176,0
DA:177,0
DA:180,0
DA:181,0
DA:184,0
DA:185,0
DA:186,0
DA:188,0
DA:191,0
DA:192,0
DA:198,0
DA:199,0
DA:202,0
DA:203,0
DA:207,0
DA:208,0
DA:209,0
DA:228,0
DA:231,0
DA:232,0
DA:233,0
DA:234,0
DA:237,0
DA:238,0
DA:239,0
DA:242,0
DA:274,2
LF:105
LH:5
BRDA:1,0,0,2
BRDA:1,0,1,0
BRDA:1,1,0,2
BRDA:1,2,0,2
BRDA:1,2,1,2
BRDA:74,3,0,0
BRDA:99,4,0,0
BRDA:99,4,1,0
BRDA:129,5,0,0
BRDA:150,6,0,0
BRDA:157,7,0,0
BRDA:162,8,0,0
BRF:12
BRH:4
end_of_record
TN:
SF:src/utils/UserContext.tsx
FN:1,(anonymous_0)
FN:14,(anonymous_1)
FN:14,(anonymous_2)
FNF:3
FNH:3
FNDA:2,(anonymous_0)
FNDA:2,(anonymous_1)
FNDA:2,(anonymous_2)
DA:1,16
DA:8,2
DA:14,2
DA:15,2
DA:17,2
DA:19,2
DA:20,0
DA:23,2
DA:32,2
LF:9
LH:8
BRDA:1,0,0,2
BRDA:1,0,1,0
BRDA:1,1,0,2
BRDA:1,2,0,2
BRDA:1,2,1,2
BRDA:19,3,0,0
BRDA:19,4,0,2
BRDA:19,4,1,0
BRF:8
BRH:5
end_of_record
TN:
SF:src/utils/types.ts
FNF:0
FNH:0
LF:0
LH:0
BRF:0
BRH:0
end_of_record
TN:
SF:src/utils/useGame.tsx
FN:1,(anonymous_0)
FN:4,(anonymous_1)
FNF:2
FNH:0
FNDA:0,(anonymous_0)
FNDA:0,(anonymous_1)
DA:1,16
DA:4,2
DA:5,0
DA:6,0
DA:7,0
DA:9,0
DA:10,2
LF:7
LH:3
BRDA:1,0,0,4
BRDA:1,0,1,2
BRDA:1,1,0,2
BRDA:6,2,0,0
BRF:4
BRH:3
end_of_record
TN:
SF:src/utils/useUsername.tsx
FN:1,(anonymous_0)
FN:4,(anonymous_1)
FNF:2
FNH:0
FNDA:0,(anonymous_0)
FNDA:0,(anonymous_1)
DA:1,16
DA:4,2
DA:5,0
DA:6,0
DA:7,0
DA:9,0
DA:10,2
LF:7
LH:3
BRDA:1,0,0,4
BRDA:1,0,1,2
BRDA:1,1,0,2
BRDA:6,2,0,0
BRF:4
BRH:3
end_of_record
TN:
SF:src/views/Game.tsx
FN:1,(anonymous_0)
FN:12,(anonymous_1)
FN:12,(anonymous_2)
FN:44,(anonymous_3)
FN:34,(anonymous_1)
FNF:5
FNH:2
FNDA:12,(anonymous_0)
FNDA:0,(anonymous_1)
FNDA:0,(anonymous_2)
FNDA:0,(anonymous_3)
FNDA:2,(anonymous_1)
DA:1,58
DA:2,2
DA:12,2
DA:13,2
DA:14,2
DA:15,2
DA:16,2
DA:17,2
DA:19,4
DA:20,4
DA:23,2
DA:24,4
DA:27,2
DA:33,0
DA:34,6
DA:37,0
DA:38,2
DA:39,2
DA:40,0
DA:42,2
DA:44,2
DA:45,0
DA:50,2
DA:52,4
LF:24
LH:20
BRDA:1,0,0,2
BRDA:1,0,1,0
BRDA:1,1,0,2
BRDA:1,2,0,2
BRDA:1,2,1,2
BRDA:19,3,0,0
BRDA:22,4,0,0
BRDA:22,4,1,0
BRDA:33,5,0,0
BRDA:37,6,0,0
BRDA:1,7,0,2
BRDA:2,8,0,0
BRDA:2,8,1,2
BRDA:24,9,0,2
BRDA:23,10,0,0
BRF:15
BRH:7
end_of_record
TN:
SF:src/views/Home.tsx
FN:1,(anonymous_0)
FN:7,Home
FN:12,(anonymous_2)
FN:7,(anonymous_3)
FNF:4
FNH:4
FNDA:8,(anonymous_0)
FNDA:2,Home
FNDA:4,(anonymous_2)
FNDA:2,(anonymous_3)
DA:1,40
DA:4,2
DA:5,2
DA:7,4
DA:8,4
DA:9,4
DA:10,2
DA:12,2
DA:13,2
DA:16,2
DA:17,0
DA:20,2
DA:21,2
DA:24,0
DA:25,2
DA:27,2
LF:16
LH:14
BRDA:1,0,0,4
BRDA:1,0,1,2
BRDA:1,1,0,2
BRDA:16,2,0,0
BRDA:20,3,0,2
BRDA:20,4,0,2
BRDA:20,4,1,2
BRDA:1,5,0,0
BRDA:4,6,0,2
BRDA:4,7,0,2
BRDA:4,7,1,2
BRF:11
BRH:9
end_of_record
TN:
SF:src/views/Profile.tsx
FN:1,(anonymous_0)
FN:5,Profile
FNF:2
FNH:1
FNDA:2,(anonymous_0)
FNDA:0,Profile
DA:1,16
DA:6,0
DA:13,2
DA:15,2
LF:4
LH:3
BRDA:1,0,0,4
BRDA:1,0,1,2
BRDA:1,1,0,2
BRF:3
BRH:3
end_of_record
