{
  "/home/amelie/Documents/Skola/Testing/CardGame/frontend/src/constants/baseUrl.ts": {
    "path": "/home/amelie/Documents/Skola/Testing/CardGame/frontend/src/constants/baseUrl.ts",
    "statementMap": {
      "0": {
        "start": {
          "line": 1,
          "column": 24
        },
        "end": {
          "line": 1,
          "column": 49
        }
      }
    },
    "fnMap": {},
    "branchMap": {},
    "s": {
      "0": 2
    },
    "f": {},
    "b": {},
    "inputSourceMap": {
      "version": 3,
      "sources": [
        "/home/amelie/Documents/Skola/Testing/CardGame/frontend/src/constants/baseUrl.ts"
      ],
      "mappings": "AAGO,aAAM,WAAW;",
      "names": []
    },
    "_coverageSchema": "1a1c01bbd47fc00a2c39e90264f33305004495a9",
    "hash": "6d6e6855c73c3e247fae6d1524e0008b0551c2c7"
  },
  "/home/amelie/Documents/Skola/Testing/CardGame/frontend/src/api/user.tsx": {
    "path": "/home/amelie/Documents/Skola/Testing/CardGame/frontend/src/api/user.tsx",
    "statementMap": {
      "0": {
        "start": {
          "line": 2,
          "column": 20
        },
        "end": {
          "line": 2,
          "column": 97
        }
      },
      "1": {
        "start": {
          "line": 5,
          "column": 0
        },
        "end": {
          "line": 15,
          "column": 1
        }
      },
      "2": {
        "start": {
          "line": 6,
          "column": 2
        },
        "end": {
          "line": 8,
          "column": 3
        }
      },
      "3": {
        "start": {
          "line": 7,
          "column": 4
        },
        "end": {
          "line": 7,
          "column": 165
        }
      },
      "4": {
        "start": {
          "line": 9,
          "column": 2
        },
        "end": {
          "line": 9,
          "column": 39
        }
      },
      "5": {
        "start": {
          "line": 10,
          "column": 2
        },
        "end": {
          "line": 10,
          "column": 39
        }
      },
      "6": {
        "start": {
          "line": 11,
          "column": 2
        },
        "end": {
          "line": 13,
          "column": 4
        }
      },
      "7": {
        "start": {
          "line": 12,
          "column": 4
        },
        "end": {
          "line": 12,
          "column": 115
        }
      },
      "8": {
        "start": {
          "line": 14,
          "column": 2
        },
        "end": {
          "line": 14,
          "column": 75
        }
      },
      "9": {
        "start": {
          "line": 18,
          "column": 23
        },
        "end": {
          "line": 32,
          "column": 1
        }
      },
      "10": {
        "start": {
          "line": 19,
          "column": 22
        },
        "end": {
          "line": 19,
          "column": 57
        }
      },
      "11": {
        "start": {
          "line": 20,
          "column": 2
        },
        "end": {
          "line": 31,
          "column": 3
        }
      },
      "12": {
        "start": {
          "line": 21,
          "column": 21
        },
        "end": {
          "line": 25,
          "column": 6
        }
      },
      "13": {
        "start": {
          "line": 26,
          "column": 4
        },
        "end": {
          "line": 26,
          "column": 22
        }
      },
      "14": {
        "start": {
          "line": 27,
          "column": 4
        },
        "end": {
          "line": 27,
          "column": 16
        }
      },
      "15": {
        "start": {
          "line": 29,
          "column": 4
        },
        "end": {
          "line": 29,
          "column": 46
        }
      },
      "16": {
        "start": {
          "line": 30,
          "column": 4
        },
        "end": {
          "line": 30,
          "column": 40
        }
      },
      "17": {
        "start": {
          "line": 33,
          "column": 0
        },
        "end": {
          "line": 33,
          "column": 13
        }
      },
      "18": {
        "start": {
          "line": 34,
          "column": 25
        },
        "end": {
          "line": 49,
          "column": 1
        }
      },
      "19": {
        "start": {
          "line": 35,
          "column": 35
        },
        "end": {
          "line": 35,
          "column": 39
        }
      },
      "20": {
        "start": {
          "line": 36,
          "column": 2
        },
        "end": {
          "line": 48,
          "column": 3
        }
      },
      "21": {
        "start": {
          "line": 37,
          "column": 21
        },
        "end": {
          "line": 40,
          "column": 6
        }
      },
      "22": {
        "start": {
          "line": 41,
          "column": 4
        },
        "end": {
          "line": 41,
          "column": 46
        }
      },
      "23": {
        "start": {
          "line": 42,
          "column": 4
        },
        "end": {
          "line": 42,
          "column": 67
        }
      },
      "24": {
        "start": {
          "line": 43,
          "column": 4
        },
        "end": {
          "line": 43,
          "column": 58
        }
      },
      "25": {
        "start": {
          "line": 44,
          "column": 4
        },
        "end": {
          "line": 44,
          "column": 25
        }
      },
      "26": {
        "start": {
          "line": 46,
          "column": 4
        },
        "end": {
          "line": 46,
          "column": 46
        }
      },
      "27": {
        "start": {
          "line": 47,
          "column": 4
        },
        "end": {
          "line": 47,
          "column": 40
        }
      },
      "28": {
        "start": {
          "line": 50,
          "column": 0
        },
        "end": {
          "line": 50,
          "column": 16
        }
      },
      "29": {
        "start": {
          "line": 51,
          "column": 26
        },
        "end": {
          "line": 61,
          "column": 1
        }
      },
      "30": {
        "start": {
          "line": 52,
          "column": 2
        },
        "end": {
          "line": 60,
          "column": 3
        }
      },
      "31": {
        "start": {
          "line": 53,
          "column": 4
        },
        "end": {
          "line": 55,
          "column": 7
        }
      },
      "32": {
        "start": {
          "line": 56,
          "column": 4
        },
        "end": {
          "line": 56,
          "column": 99
        }
      },
      "33": {
        "start": {
          "line": 58,
          "column": 4
        },
        "end": {
          "line": 58,
          "column": 46
        }
      },
      "34": {
        "start": {
          "line": 59,
          "column": 4
        },
        "end": {
          "line": 59,
          "column": 40
        }
      },
      "35": {
        "start": {
          "line": 62,
          "column": 0
        },
        "end": {
          "line": 62,
          "column": 17
        }
      },
      "36": {
        "start": {
          "line": 63,
          "column": 26
        },
        "end": {
          "line": 68,
          "column": 1
        }
      },
      "37": {
        "start": {
          "line": 64,
          "column": 2
        },
        "end": {
          "line": 64,
          "column": 22
        }
      },
      "38": {
        "start": {
          "line": 65,
          "column": 2
        },
        "end": {
          "line": 65,
          "column": 23
        }
      },
      "39": {
        "start": {
          "line": 66,
          "column": 2
        },
        "end": {
          "line": 66,
          "column": 25
        }
      },
      "40": {
        "start": {
          "line": 67,
          "column": 2
        },
        "end": {
          "line": 67,
          "column": 23
        }
      },
      "41": {
        "start": {
          "line": 69,
          "column": 0
        },
        "end": {
          "line": 69,
          "column": 17
        }
      },
      "42": {
        "start": {
          "line": 70,
          "column": 24
        },
        "end": {
          "line": 78,
          "column": 1
        }
      },
      "43": {
        "start": {
          "line": 71,
          "column": 2
        },
        "end": {
          "line": 77,
          "column": 3
        }
      },
      "44": {
        "start": {
          "line": 72,
          "column": 4
        },
        "end": {
          "line": 72,
          "column": 51
        }
      },
      "45": {
        "start": {
          "line": 73,
          "column": 4
        },
        "end": {
          "line": 73,
          "column": 58
        }
      },
      "46": {
        "start": {
          "line": 75,
          "column": 4
        },
        "end": {
          "line": 75,
          "column": 48
        }
      },
      "47": {
        "start": {
          "line": 76,
          "column": 4
        },
        "end": {
          "line": 76,
          "column": 42
        }
      },
      "48": {
        "start": {
          "line": 79,
          "column": 0
        },
        "end": {
          "line": 79,
          "column": 15
        }
      },
      "49": {
        "start": {
          "line": 80,
          "column": 32
        },
        "end": {
          "line": 88,
          "column": 1
        }
      },
      "50": {
        "start": {
          "line": 81,
          "column": 2
        },
        "end": {
          "line": 87,
          "column": 3
        }
      },
      "51": {
        "start": {
          "line": 82,
          "column": 4
        },
        "end": {
          "line": 82,
          "column": 59
        }
      },
      "52": {
        "start": {
          "line": 83,
          "column": 4
        },
        "end": {
          "line": 83,
          "column": 58
        }
      },
      "53": {
        "start": {
          "line": 85,
          "column": 4
        },
        "end": {
          "line": 85,
          "column": 57
        }
      },
      "54": {
        "start": {
          "line": 86,
          "column": 4
        },
        "end": {
          "line": 86,
          "column": 51
        }
      },
      "55": {
        "start": {
          "line": 89,
          "column": 0
        },
        "end": {
          "line": 89,
          "column": 23
        }
      },
      "56": {
        "start": {
          "line": 90,
          "column": 26
        },
        "end": {
          "line": 100,
          "column": 1
        }
      },
      "57": {
        "start": {
          "line": 91,
          "column": 2
        },
        "end": {
          "line": 99,
          "column": 3
        }
      },
      "58": {
        "start": {
          "line": 92,
          "column": 4
        },
        "end": {
          "line": 94,
          "column": 7
        }
      },
      "59": {
        "start": {
          "line": 95,
          "column": 4
        },
        "end": {
          "line": 95,
          "column": 44
        }
      },
      "60": {
        "start": {
          "line": 97,
          "column": 4
        },
        "end": {
          "line": 97,
          "column": 49
        }
      },
      "61": {
        "start": {
          "line": 98,
          "column": 4
        },
        "end": {
          "line": 98,
          "column": 43
        }
      },
      "62": {
        "start": {
          "line": 101,
          "column": 0
        },
        "end": {
          "line": 101,
          "column": 17
        }
      },
      "63": {
        "start": {
          "line": 103,
          "column": 0
        },
        "end": {
          "line": 103,
          "column": 28
        }
      },
      "64": {
        "start": {
          "line": 104,
          "column": 0
        },
        "end": {
          "line": 104,
          "column": 31
        }
      },
      "65": {
        "start": {
          "line": 105,
          "column": 0
        },
        "end": {
          "line": 105,
          "column": 32
        }
      },
      "66": {
        "start": {
          "line": 106,
          "column": 0
        },
        "end": {
          "line": 106,
          "column": 32
        }
      },
      "67": {
        "start": {
          "line": 107,
          "column": 0
        },
        "end": {
          "line": 107,
          "column": 30
        }
      },
      "68": {
        "start": {
          "line": 108,
          "column": 0
        },
        "end": {
          "line": 108,
          "column": 38
        }
      },
      "69": {
        "start": {
          "line": 109,
          "column": 0
        },
        "end": {
          "line": 109,
          "column": 32
        }
      },
      "70": {
        "start": {
          "line": 110,
          "column": 0
        },
        "end": {
          "line": 123,
          "column": 1
        }
      },
      "71": {
        "start": {
          "line": 111,
          "column": 2
        },
        "end": {
          "line": 111,
          "column": 39
        }
      },
      "72": {
        "start": {
          "line": 112,
          "column": 2
        },
        "end": {
          "line": 112,
          "column": 39
        }
      },
      "73": {
        "start": {
          "line": 113,
          "column": 2
        },
        "end": {
          "line": 122,
          "column": 5
        }
      },
      "74": {
        "start": {
          "line": 114,
          "column": 4
        },
        "end": {
          "line": 114,
          "column": 141
        }
      },
      "75": {
        "start": {
          "line": 115,
          "column": 4
        },
        "end": {
          "line": 121,
          "column": 7
        }
      },
      "76": {
        "start": {
          "line": 116,
          "column": 6
        },
        "end": {
          "line": 117,
          "column": 15
        }
      },
      "77": {
        "start": {
          "line": 117,
          "column": 8
        },
        "end": {
          "line": 117,
          "column": 15
        }
      },
      "78": {
        "start": {
          "line": 118,
          "column": 32
        },
        "end": {
          "line": 118,
          "column": 115
        }
      },
      "79": {
        "start": {
          "line": 119,
          "column": 6
        },
        "end": {
          "line": 120,
          "column": 54
        }
      },
      "80": {
        "start": {
          "line": 120,
          "column": 8
        },
        "end": {
          "line": 120,
          "column": 54
        }
      }
    },
    "fnMap": {
      "0": {
        "name": "(anonymous_0)",
        "decl": {
          "start": {
            "line": 11,
            "column": 24
          },
          "end": {
            "line": 11,
            "column": 25
          }
        },
        "loc": {
          "start": {
            "line": 11,
            "column": 38
          },
          "end": {
            "line": 13,
            "column": 3
          }
        },
        "line": 11
      },
      "1": {
        "name": "(anonymous_1)",
        "decl": {
          "start": {
            "line": 18,
            "column": 23
          },
          "end": {
            "line": 18,
            "column": 24
          }
        },
        "loc": {
          "start": {
            "line": 18,
            "column": 35
          },
          "end": {
            "line": 32,
            "column": 1
          }
        },
        "line": 18
      },
      "2": {
        "name": "(anonymous_2)",
        "decl": {
          "start": {
            "line": 34,
            "column": 25
          },
          "end": {
            "line": 34,
            "column": 26
          }
        },
        "loc": {
          "start": {
            "line": 34,
            "column": 70
          },
          "end": {
            "line": 49,
            "column": 1
          }
        },
        "line": 34
      },
      "3": {
        "name": "(anonymous_3)",
        "decl": {
          "start": {
            "line": 51,
            "column": 26
          },
          "end": {
            "line": 51,
            "column": 27
          }
        },
        "loc": {
          "start": {
            "line": 51,
            "column": 71
          },
          "end": {
            "line": 61,
            "column": 1
          }
        },
        "line": 51
      },
      "4": {
        "name": "(anonymous_4)",
        "decl": {
          "start": {
            "line": 63,
            "column": 26
          },
          "end": {
            "line": 63,
            "column": 27
          }
        },
        "loc": {
          "start": {
            "line": 63,
            "column": 65
          },
          "end": {
            "line": 68,
            "column": 1
          }
        },
        "line": 63
      },
      "5": {
        "name": "(anonymous_5)",
        "decl": {
          "start": {
            "line": 70,
            "column": 24
          },
          "end": {
            "line": 70,
            "column": 25
          }
        },
        "loc": {
          "start": {
            "line": 70,
            "column": 53
          },
          "end": {
            "line": 78,
            "column": 1
          }
        },
        "line": 70
      },
      "6": {
        "name": "(anonymous_6)",
        "decl": {
          "start": {
            "line": 80,
            "column": 32
          },
          "end": {
            "line": 80,
            "column": 33
          }
        },
        "loc": {
          "start": {
            "line": 80,
            "column": 61
          },
          "end": {
            "line": 88,
            "column": 1
          }
        },
        "line": 80
      },
      "7": {
        "name": "(anonymous_7)",
        "decl": {
          "start": {
            "line": 90,
            "column": 26
          },
          "end": {
            "line": 90,
            "column": 27
          }
        },
        "loc": {
          "start": {
            "line": 90,
            "column": 71
          },
          "end": {
            "line": 100,
            "column": 1
          }
        },
        "line": 90
      },
      "8": {
        "name": "(anonymous_8)",
        "decl": {
          "start": {
            "line": 113,
            "column": 52
          },
          "end": {
            "line": 113,
            "column": 53
          }
        },
        "loc": {
          "start": {
            "line": 113,
            "column": 72
          },
          "end": {
            "line": 122,
            "column": 3
          }
        },
        "line": 113
      },
      "9": {
        "name": "(anonymous_9)",
        "decl": {
          "start": {
            "line": 115,
            "column": 27
          },
          "end": {
            "line": 115,
            "column": 28
          }
        },
        "loc": {
          "start": {
            "line": 115,
            "column": 44
          },
          "end": {
            "line": 121,
            "column": 5
          }
        },
        "line": 115
      }
    },
    "branchMap": {
      "0": {
        "loc": {
          "start": {
            "line": 2,
            "column": 20
          },
          "end": {
            "line": 2,
            "column": 97
          }
        },
        "type": "binary-expr",
        "locations": [
          {
            "start": {
              "line": 2,
              "column": 20
            },
            "end": {
              "line": 2,
              "column": 60
            }
          },
          {
            "start": {
              "line": 2,
              "column": 64
            },
            "end": {
              "line": 2,
              "column": 97
            }
          }
        ],
        "line": 2
      },
      "1": {
        "loc": {
          "start": {
            "line": 5,
            "column": 0
          },
          "end": {
            "line": 15,
            "column": 1
          }
        },
        "type": "if",
        "locations": [
          {
            "start": {
              "line": 5,
              "column": 0
            },
            "end": {
              "line": 15,
              "column": 1
            }
          },
          {
            "start": {},
            "end": {}
          }
        ],
        "line": 5
      },
      "2": {
        "loc": {
          "start": {
            "line": 5,
            "column": 4
          },
          "end": {
            "line": 5,
            "column": 35
          }
        },
        "type": "binary-expr",
        "locations": [
          {
            "start": {
              "line": 5,
              "column": 4
            },
            "end": {
              "line": 5,
              "column": 19
            }
          },
          {
            "start": {
              "line": 5,
              "column": 23
            },
            "end": {
              "line": 5,
              "column": 35
            }
          }
        ],
        "line": 5
      },
      "3": {
        "loc": {
          "start": {
            "line": 6,
            "column": 2
          },
          "end": {
            "line": 8,
            "column": 3
          }
        },
        "type": "if",
        "locations": [
          {
            "start": {
              "line": 6,
              "column": 2
            },
            "end": {
              "line": 8,
              "column": 3
            }
          },
          {
            "start": {},
            "end": {}
          }
        ],
        "line": 6
      },
      "4": {
        "loc": {
          "start": {
            "line": 110,
            "column": 0
          },
          "end": {
            "line": 123,
            "column": 1
          }
        },
        "type": "if",
        "locations": [
          {
            "start": {
              "line": 110,
              "column": 0
            },
            "end": {
              "line": 123,
              "column": 1
            }
          },
          {
            "start": {},
            "end": {}
          }
        ],
        "line": 110
      },
      "5": {
        "loc": {
          "start": {
            "line": 110,
            "column": 4
          },
          "end": {
            "line": 110,
            "column": 35
          }
        },
        "type": "binary-expr",
        "locations": [
          {
            "start": {
              "line": 110,
              "column": 4
            },
            "end": {
              "line": 110,
              "column": 19
            }
          },
          {
            "start": {
              "line": 110,
              "column": 23
            },
            "end": {
              "line": 110,
              "column": 35
            }
          }
        ],
        "line": 110
      },
      "6": {
        "loc": {
          "start": {
            "line": 116,
            "column": 6
          },
          "end": {
            "line": 117,
            "column": 15
          }
        },
        "type": "if",
        "locations": [
          {
            "start": {
              "line": 116,
              "column": 6
            },
            "end": {
              "line": 117,
              "column": 15
            }
          },
          {
            "start": {},
            "end": {}
          }
        ],
        "line": 116
      },
      "7": {
        "loc": {
          "start": {
            "line": 119,
            "column": 6
          },
          "end": {
            "line": 120,
            "column": 54
          }
        },
        "type": "if",
        "locations": [
          {
            "start": {
              "line": 119,
              "column": 6
            },
            "end": {
              "line": 120,
              "column": 54
            }
          },
          {
            "start": {},
            "end": {}
          }
        ],
        "line": 119
      }
    },
    "s": {
      "0": 2,
      "1": 2,
      "2": 2,
      "3": 0,
      "4": 2,
      "5": 2,
      "6": 2,
      "7": 14,
      "8": 2,
      "9": 2,
      "10": 0,
      "11": 0,
      "12": 0,
      "13": 0,
      "14": 0,
      "15": 0,
      "16": 0,
      "17": 2,
      "18": 2,
      "19": 0,
      "20": 0,
      "21": 0,
      "22": 0,
      "23": 0,
      "24": 0,
      "25": 0,
      "26": 0,
      "27": 0,
      "28": 2,
      "29": 2,
      "30": 0,
      "31": 0,
      "32": 0,
      "33": 0,
      "34": 0,
      "35": 2,
      "36": 2,
      "37": 0,
      "38": 0,
      "39": 0,
      "40": 0,
      "41": 2,
      "42": 2,
      "43": 0,
      "44": 0,
      "45": 0,
      "46": 0,
      "47": 0,
      "48": 2,
      "49": 2,
      "50": 0,
      "51": 0,
      "52": 0,
      "53": 0,
      "54": 0,
      "55": 2,
      "56": 2,
      "57": 0,
      "58": 0,
      "59": 0,
      "60": 0,
      "61": 0,
      "62": 2,
      "63": 2,
      "64": 2,
      "65": 2,
      "66": 2,
      "67": 2,
      "68": 2,
      "69": 2,
      "70": 2,
      "71": 2,
      "72": 2,
      "73": 2,
      "74": 2,
      "75": 2,
      "76": 0,
      "77": 0,
      "78": 0,
      "79": 0,
      "80": 0
    },
    "f": {
      "0": 14,
      "1": 0,
      "2": 0,
      "3": 0,
      "4": 0,
      "5": 0,
      "6": 0,
      "7": 0,
      "8": 2,
      "9": 0
    },
    "b": {
      "0": [
        2,
        0
      ],
      "1": [
        2,
        0
      ],
      "2": [
        2,
        2
      ],
      "3": [
        0,
        2
      ],
      "4": [
        2,
        0
      ],
      "5": [
        2,
        2
      ],
      "6": [
        0,
        0
      ],
      "7": [
        0,
        0
      ]
    },
    "inputSourceMap": {
      "version": 3,
      "mappings": "AAAA;AAAA;AAAA;AAAA;AAAA;AAAA;AAAA;AAAA;AAAA;AAAA;AAAA;AAAA;AAAA;AAAA;AAAA;AAQA,OAAOA,WAAW;AAClB,SAASC,gBAAgB;AAGlB,aAAMC,UAAU,YAAmC;AACxD,QAAMC,cAAcC,aAAaC,QAAQ,aAAa;AAEtD,MAAI;AACF,UAAM,EAAEC,KAAK,IAAI,MAAMN,MAAMO,IAAmB,GAAEN,QAAS,cAAa;AAAA,MACtEO,SAAS;AAAA,QACPC,eAAgB,UAASN,WAAY;AAAA,MACvC;AAAA,IACF,CAAC;AACDO,YAAQC,IAAIL,IAAI;AAChB,WAAOA;AAAAA,EACT,SAASM,OAAO;AACdF,YAAQE,MAAM,qBAAqBA,KAAK;AACxC,UAAM,IAAIC,MAAM,kBAAkB;AAAA,EACpC;AACF;AAACC,KAfYZ;AAiBN,aAAMa,YAAY,OACvBC,MACAC,aACAC,mBACkB;AAClB,QAAM,EAAEC,YAAYC,SAAS,IAAIJ;AAEjC,MAAI;AACF,UAAMK,WAAW,MAAMrB,MAAMsB,KAAY,GAAErB,QAAS,eAAc;AAAA,MAChEkB;AAAAA,MACAC;AAAAA,IACF,CAAC;AACDF,mBAAeG,SAASf,KAAKH,WAAW;AACxCC,iBAAamB,QAAQ,eAAeF,SAASf,KAAKH,WAAW;AAC7Dc,gBAAYO,kBAAkB,EAAEC,UAAU,CAAC,MAAM,EAAE,CAAC;AACpD,WAAOJ,SAASf;AAAAA,EAClB,SAASM,OAAO;AACdF,YAAQE,MAAM,qBAAqBA,KAAK;AACxC,UAAM,IAAIC,MAAM,kBAAkB;AAAA,EACpC;AACF;AAACa,MApBYX;AAsBN,aAAMY,aAAa,OACxBX,MACAC,aACAC,mBACkB;AAClB,MAAI;AACF,UAAMlB,MAAMsB,KAAY,GAAErB,QAAS,gBAAe;AAAA,MAChDe;AAAAA,IACF,CAAC;AACDD,cAAU,EAAEI,YAAYH,KAAKY,UAAUR,UAAUJ,KAAKI,SAAS,GAAGH,aAAaC,cAAc;AAAA,EAC/F,SAASN,OAAO;AACdF,YAAQE,MAAM,qBAAqBA,KAAK;AACxC,UAAM,IAAIC,MAAM,kBAAkB;AAAA,EACpC;AACF;AAACgB,MAdYF;AAgBN,aAAMG,aAAa,OACxBb,aACAC,mBACkB;AAClBD,cAAYc,MAAM;AAClB3B,eAAa2B,MAAM;AACnBC,iBAAeD,MAAM;AACrBb,iBAAe,IAAI;AACrB;AAACe,MARYH;AAUN,aAAMI,WAAW,OAAOlB,MAAYC,gBAA4C;AACrF,MAAI;AACF,UAAMjB,MAAMmC,IAAW,GAAElC,QAAS,cAAae,IAAI;AACnDC,gBAAYO,kBAAkB,EAAEC,UAAU,CAAC,MAAM,EAAE,CAAC;AAAA,EACtD,SAASb,OAAO;AACdF,YAAQE,MAAM,uBAAuBA,KAAK;AAC1C,UAAM,IAAIC,MAAM,oBAAoB;AAAA,EACtC;AACF;AAACuB,MARYF;AAUN,aAAMG,mBAAmB,OAC9BrB,MACAC,gBACkB;AAClB,MAAI;AACF,UAAMjB,MAAMmC,IAAmB,GAAElC,QAAS,sBAAqBe,IAAI;AACnEC,gBAAYO,kBAAkB,EAAEC,UAAU,CAAC,MAAM,EAAE,CAAC;AAAA,EACtD,SAASb,OAAO;AACdF,YAAQE,MAAM,gCAAgCA,KAAK;AACnD,UAAM,IAAIC,MAAM,6BAA6B;AAAA,EAC/C;AACF;AAACyB,MAXYD;AAaN,aAAME,aAAa,OACxBvB,MACAC,aACAC,mBACkB;AAClB,MAAI;AACF,UAAMlB,MAAMwC,OAAgB,GAAEvC,QAAS,SAAQ;AAAA,MAC7CK,MAAM,EAAEmC,IAAIzB,KAAKyB,GAAG;AAAA,IACtB,CAAC;AACDX,eAAWb,aAAaC,cAAc;AAAA,EACxC,SAASN,OAAO;AACdF,YAAQE,MAAM,wBAAwBA,KAAK;AAC3C,UAAM,IAAIC,MAAM,qBAAqB;AAAA,EACvC;AACF;AAAC6B,MAdYH;AAAU,IAAAzB,IAAAY,KAAAG,KAAAI,KAAAG,KAAAE,KAAAI;AAAAC,aAAA7B,IAAA;AAAA6B,aAAAjB,KAAA;AAAAiB,aAAAd,KAAA;AAAAc,aAAAV,KAAA;AAAAU,aAAAP,KAAA;AAAAO,aAAAL,KAAA;AAAAK,aAAAD,KAAA",
      "names": [
        "axios",
        "BASE_URL",
        "GetUser",
        "accessToken",
        "localStorage",
        "getItem",
        "data",
        "get",
        "headers",
        "Authorization",
        "console",
        "log",
        "error",
        "Error",
        "_c",
        "LoginUser",
        "user",
        "queryClient",
        "setAccessToken",
        "identifier",
        "password",
        "response",
        "post",
        "setItem",
        "invalidateQueries",
        "queryKey",
        "_c2",
        "SignupUser",
        "username",
        "_c3",
        "LogoutUser",
        "clear",
        "sessionStorage",
        "_c4",
        "EditUser",
        "put",
        "_c5",
        "EditUserSettings",
        "_c6",
        "DeleteUser",
        "delete",
        "id",
        "_c7",
        "$RefreshReg$"
      ],
      "sources": [
        "/home/amelie/Documents/Skola/Testing/CardGame/frontend/src/api/user.tsx"
      ],
      "file": "/home/amelie/Documents/Skola/Testing/CardGame/frontend/src/api/user.tsx"
    },
    "_coverageSchema": "1a1c01bbd47fc00a2c39e90264f33305004495a9",
    "hash": "df521decad255da40fcb319800ad51c6eaea0dd8"
  },
  "/home/amelie/Documents/Skola/Testing/CardGame/frontend/src/constants/Context.ts": {
    "path": "/home/amelie/Documents/Skola/Testing/CardGame/frontend/src/constants/Context.ts",
    "statementMap": {},
    "fnMap": {
      "0": {
        "name": "(anonymous_0)",
        "decl": {
          "start": {
            "line": 4,
            "column": 18
          },
          "end": {
            "line": 4,
            "column": 19
          }
        },
        "loc": {
          "start": {
            "line": 4,
            "column": 24
          },
          "end": {
            "line": 5,
            "column": 3
          }
        },
        "line": 4
      }
    },
    "branchMap": {},
    "s": {},
    "f": {
      "0": 0
    },
    "b": {},
    "inputSourceMap": {
      "version": 3,
      "sources": [
        "/home/amelie/Documents/Skola/Testing/CardGame/frontend/src/constants/Context.ts"
      ],
      "mappings": "AAAA,SAAS,qBAA+C;AAOxD,eAAe,cAAsC;AAAA,EACnD,aAAa,aAAa,QAAQ,aAAa;AAAA,EAC/C,gBAAgB,MAAM;AAAA,EAAC;AACzB,CAAC;",
      "names": []
    },
    "_coverageSchema": "1a1c01bbd47fc00a2c39e90264f33305004495a9",
    "hash": "3841cc0da24b7f401aa3d5901dd14037a2ac698b"
  },
  "/home/amelie/Documents/Skola/Testing/CardGame/frontend/src/hooks/useUser.ts": {
    "path": "/home/amelie/Documents/Skola/Testing/CardGame/frontend/src/hooks/useUser.ts",
    "statementMap": {
      "0": {
        "start": {
          "line": 5,
          "column": 16
        },
        "end": {
          "line": 12,
          "column": 1
        }
      },
      "1": {
        "start": {
          "line": 6,
          "column": 26
        },
        "end": {
          "line": 6,
          "column": 45
        }
      },
      "2": {
        "start": {
          "line": 7,
          "column": 2
        },
        "end": {
          "line": 11,
          "column": 5
        }
      }
    },
    "fnMap": {
      "0": {
        "name": "(anonymous_0)",
        "decl": {
          "start": {
            "line": 5,
            "column": 16
          },
          "end": {
            "line": 5,
            "column": 17
          }
        },
        "loc": {
          "start": {
            "line": 5,
            "column": 22
          },
          "end": {
            "line": 12,
            "column": 1
          }
        },
        "line": 5
      }
    },
    "branchMap": {},
    "s": {
      "0": 2,
      "1": 0,
      "2": 0
    },
    "f": {
      "0": 0
    },
    "b": {},
    "inputSourceMap": {
      "version": 3,
      "sources": [
        "/home/amelie/Documents/Skola/Testing/CardGame/frontend/src/hooks/useUser.ts"
      ],
      "mappings": "AAAA,SAAS,gBAAgB;AACzB,SAAS,eAAe;AACxB,SAAS,kBAAkB;AAC3B,OAAO,aAAa;AAEpB,MAAM,UAAU,MAAM;AACpB,QAAM,EAAE,YAAY,IAAI,WAAW,OAAO;AAE1C,SAAO,SAAS;AAAA,IACd,UAAU,CAAC,QAAQ,WAAW;AAAA,IAC9B,SAAS;AAAA,IACT,SAAS,CAAC,CAAC;AAAA,EACb,CAAC;AACH;AAEA,eAAe;",
      "names": []
    },
    "_coverageSchema": "1a1c01bbd47fc00a2c39e90264f33305004495a9",
    "hash": "a7238d075b7b561349a9e8fd275b39551ab40e1f"
  },
  "/home/amelie/Documents/Skola/Testing/CardGame/frontend/src/utils/UserContext.tsx": {
    "path": "/home/amelie/Documents/Skola/Testing/CardGame/frontend/src/utils/UserContext.tsx",
    "statementMap": {
      "0": {
        "start": {
          "line": 3,
          "column": 20
        },
        "end": {
          "line": 3,
          "column": 97
        }
      },
      "1": {
        "start": {
          "line": 6,
          "column": 0
        },
        "end": {
          "line": 16,
          "column": 1
        }
      },
      "2": {
        "start": {
          "line": 7,
          "column": 2
        },
        "end": {
          "line": 9,
          "column": 3
        }
      },
      "3": {
        "start": {
          "line": 8,
          "column": 4
        },
        "end": {
          "line": 8,
          "column": 165
        }
      },
      "4": {
        "start": {
          "line": 10,
          "column": 2
        },
        "end": {
          "line": 10,
          "column": 39
        }
      },
      "5": {
        "start": {
          "line": 11,
          "column": 2
        },
        "end": {
          "line": 11,
          "column": 39
        }
      },
      "6": {
        "start": {
          "line": 12,
          "column": 2
        },
        "end": {
          "line": 14,
          "column": 4
        }
      },
      "7": {
        "start": {
          "line": 13,
          "column": 4
        },
        "end": {
          "line": 13,
          "column": 124
        }
      },
      "8": {
        "start": {
          "line": 15,
          "column": 2
        },
        "end": {
          "line": 15,
          "column": 75
        }
      },
      "9": {
        "start": {
          "line": 17,
          "column": 9
        },
        "end": {
          "line": 17,
          "column": 23
        }
      },
      "10": {
        "start": {
          "line": 20,
          "column": 27
        },
        "end": {
          "line": 20,
          "column": 48
        }
      },
      "11": {
        "start": {
          "line": 21,
          "column": 28
        },
        "end": {
          "line": 45,
          "column": 1
        }
      },
      "12": {
        "start": {
          "line": 22,
          "column": 2
        },
        "end": {
          "line": 22,
          "column": 7
        }
      },
      "13": {
        "start": {
          "line": 23,
          "column": 34
        },
        "end": {
          "line": 23,
          "column": 46
        }
      },
      "14": {
        "start": {
          "line": 24,
          "column": 25
        },
        "end": {
          "line": 24,
          "column": 34
        }
      },
      "15": {
        "start": {
          "line": 25,
          "column": 2
        },
        "end": {
          "line": 27,
          "column": 3
        }
      },
      "16": {
        "start": {
          "line": 26,
          "column": 4
        },
        "end": {
          "line": 26,
          "column": 31
        }
      },
      "17": {
        "start": {
          "line": 28,
          "column": 2
        },
        "end": {
          "line": 44,
          "column": 4
        }
      },
      "18": {
        "start": {
          "line": 46,
          "column": 0
        },
        "end": {
          "line": 48,
          "column": 3
        }
      },
      "19": {
        "start": {
          "line": 47,
          "column": 2
        },
        "end": {
          "line": 47,
          "column": 19
        }
      },
      "20": {
        "start": {
          "line": 49,
          "column": 0
        },
        "end": {
          "line": 49,
          "column": 18
        }
      },
      "21": {
        "start": {
          "line": 51,
          "column": 0
        },
        "end": {
          "line": 51,
          "column": 33
        }
      },
      "22": {
        "start": {
          "line": 52,
          "column": 0
        },
        "end": {
          "line": 65,
          "column": 1
        }
      },
      "23": {
        "start": {
          "line": 53,
          "column": 2
        },
        "end": {
          "line": 53,
          "column": 39
        }
      },
      "24": {
        "start": {
          "line": 54,
          "column": 2
        },
        "end": {
          "line": 54,
          "column": 39
        }
      },
      "25": {
        "start": {
          "line": 55,
          "column": 2
        },
        "end": {
          "line": 64,
          "column": 5
        }
      },
      "26": {
        "start": {
          "line": 56,
          "column": 4
        },
        "end": {
          "line": 56,
          "column": 150
        }
      },
      "27": {
        "start": {
          "line": 57,
          "column": 4
        },
        "end": {
          "line": 63,
          "column": 7
        }
      },
      "28": {
        "start": {
          "line": 58,
          "column": 6
        },
        "end": {
          "line": 59,
          "column": 15
        }
      },
      "29": {
        "start": {
          "line": 59,
          "column": 8
        },
        "end": {
          "line": 59,
          "column": 15
        }
      },
      "30": {
        "start": {
          "line": 60,
          "column": 32
        },
        "end": {
          "line": 60,
          "column": 115
        }
      },
      "31": {
        "start": {
          "line": 61,
          "column": 6
        },
        "end": {
          "line": 62,
          "column": 54
        }
      },
      "32": {
        "start": {
          "line": 62,
          "column": 8
        },
        "end": {
          "line": 62,
          "column": 54
        }
      }
    },
    "fnMap": {
      "0": {
        "name": "(anonymous_0)",
        "decl": {
          "start": {
            "line": 12,
            "column": 24
          },
          "end": {
            "line": 12,
            "column": 25
          }
        },
        "loc": {
          "start": {
            "line": 12,
            "column": 38
          },
          "end": {
            "line": 14,
            "column": 3
          }
        },
        "line": 12
      },
      "1": {
        "name": "(anonymous_1)",
        "decl": {
          "start": {
            "line": 21,
            "column": 28
          },
          "end": {
            "line": 21,
            "column": 29
          }
        },
        "loc": {
          "start": {
            "line": 21,
            "column": 46
          },
          "end": {
            "line": 45,
            "column": 1
          }
        },
        "line": 21
      },
      "2": {
        "name": "(anonymous_2)",
        "decl": {
          "start": {
            "line": 46,
            "column": 56
          },
          "end": {
            "line": 46,
            "column": 57
          }
        },
        "loc": {
          "start": {
            "line": 46,
            "column": 67
          },
          "end": {
            "line": 48,
            "column": 1
          }
        },
        "line": 46
      },
      "3": {
        "name": "(anonymous_3)",
        "decl": {
          "start": {
            "line": 55,
            "column": 52
          },
          "end": {
            "line": 55,
            "column": 53
          }
        },
        "loc": {
          "start": {
            "line": 55,
            "column": 72
          },
          "end": {
            "line": 64,
            "column": 3
          }
        },
        "line": 55
      },
      "4": {
        "name": "(anonymous_4)",
        "decl": {
          "start": {
            "line": 57,
            "column": 27
          },
          "end": {
            "line": 57,
            "column": 28
          }
        },
        "loc": {
          "start": {
            "line": 57,
            "column": 44
          },
          "end": {
            "line": 63,
            "column": 5
          }
        },
        "line": 57
      }
    },
    "branchMap": {
      "0": {
        "loc": {
          "start": {
            "line": 3,
            "column": 20
          },
          "end": {
            "line": 3,
            "column": 97
          }
        },
        "type": "binary-expr",
        "locations": [
          {
            "start": {
              "line": 3,
              "column": 20
            },
            "end": {
              "line": 3,
              "column": 60
            }
          },
          {
            "start": {
              "line": 3,
              "column": 64
            },
            "end": {
              "line": 3,
              "column": 97
            }
          }
        ],
        "line": 3
      },
      "1": {
        "loc": {
          "start": {
            "line": 6,
            "column": 0
          },
          "end": {
            "line": 16,
            "column": 1
          }
        },
        "type": "if",
        "locations": [
          {
            "start": {
              "line": 6,
              "column": 0
            },
            "end": {
              "line": 16,
              "column": 1
            }
          },
          {
            "start": {},
            "end": {}
          }
        ],
        "line": 6
      },
      "2": {
        "loc": {
          "start": {
            "line": 6,
            "column": 4
          },
          "end": {
            "line": 6,
            "column": 35
          }
        },
        "type": "binary-expr",
        "locations": [
          {
            "start": {
              "line": 6,
              "column": 4
            },
            "end": {
              "line": 6,
              "column": 19
            }
          },
          {
            "start": {
              "line": 6,
              "column": 23
            },
            "end": {
              "line": 6,
              "column": 35
            }
          }
        ],
        "line": 6
      },
      "3": {
        "loc": {
          "start": {
            "line": 7,
            "column": 2
          },
          "end": {
            "line": 9,
            "column": 3
          }
        },
        "type": "if",
        "locations": [
          {
            "start": {
              "line": 7,
              "column": 2
            },
            "end": {
              "line": 9,
              "column": 3
            }
          },
          {
            "start": {},
            "end": {}
          }
        ],
        "line": 7
      },
      "4": {
        "loc": {
          "start": {
            "line": 25,
            "column": 2
          },
          "end": {
            "line": 27,
            "column": 3
          }
        },
        "type": "if",
        "locations": [
          {
            "start": {
              "line": 25,
              "column": 2
            },
            "end": {
              "line": 27,
              "column": 3
            }
          },
          {
            "start": {},
            "end": {}
          }
        ],
        "line": 25
      },
      "5": {
        "loc": {
          "start": {
            "line": 25,
            "column": 6
          },
          "end": {
            "line": 25,
            "column": 29
          }
        },
        "type": "binary-expr",
        "locations": [
          {
            "start": {
              "line": 25,
              "column": 6
            },
            "end": {
              "line": 25,
              "column": 10
            }
          },
          {
            "start": {
              "line": 25,
              "column": 14
            },
            "end": {
              "line": 25,
              "column": 29
            }
          }
        ],
        "line": 25
      },
      "6": {
        "loc": {
          "start": {
            "line": 52,
            "column": 0
          },
          "end": {
            "line": 65,
            "column": 1
          }
        },
        "type": "if",
        "locations": [
          {
            "start": {
              "line": 52,
              "column": 0
            },
            "end": {
              "line": 65,
              "column": 1
            }
          },
          {
            "start": {},
            "end": {}
          }
        ],
        "line": 52
      },
      "7": {
        "loc": {
          "start": {
            "line": 52,
            "column": 4
          },
          "end": {
            "line": 52,
            "column": 35
          }
        },
        "type": "binary-expr",
        "locations": [
          {
            "start": {
              "line": 52,
              "column": 4
            },
            "end": {
              "line": 52,
              "column": 19
            }
          },
          {
            "start": {
              "line": 52,
              "column": 23
            },
            "end": {
              "line": 52,
              "column": 35
            }
          }
        ],
        "line": 52
      },
      "8": {
        "loc": {
          "start": {
            "line": 58,
            "column": 6
          },
          "end": {
            "line": 59,
            "column": 15
          }
        },
        "type": "if",
        "locations": [
          {
            "start": {
              "line": 58,
              "column": 6
            },
            "end": {
              "line": 59,
              "column": 15
            }
          },
          {
            "start": {},
            "end": {}
          }
        ],
        "line": 58
      },
      "9": {
        "loc": {
          "start": {
            "line": 61,
            "column": 6
          },
          "end": {
            "line": 62,
            "column": 54
          }
        },
        "type": "if",
        "locations": [
          {
            "start": {
              "line": 61,
              "column": 6
            },
            "end": {
              "line": 62,
              "column": 54
            }
          },
          {
            "start": {},
            "end": {}
          }
        ],
        "line": 61
      }
    },
    "s": {
      "0": 2,
      "1": 2,
      "2": 2,
      "3": 0,
      "4": 2,
      "5": 2,
      "6": 2,
      "7": 2,
      "8": 2,
      "9": 2,
      "10": 2,
      "11": 2,
      "12": 0,
      "13": 0,
      "14": 0,
      "15": 0,
      "16": 0,
      "17": 0,
      "18": 2,
      "19": 0,
      "20": 2,
      "21": 2,
      "22": 2,
      "23": 2,
      "24": 2,
      "25": 2,
      "26": 2,
      "27": 2,
      "28": 0,
      "29": 0,
      "30": 0,
      "31": 0,
      "32": 0
    },
    "f": {
      "0": 2,
      "1": 0,
      "2": 0,
      "3": 2,
      "4": 0
    },
    "b": {
      "0": [
        2,
        0
      ],
      "1": [
        2,
        0
      ],
      "2": [
        2,
        2
      ],
      "3": [
        0,
        2
      ],
      "4": [
        0,
        0
      ],
      "5": [
        0,
        0
      ],
      "6": [
        2,
        0
      ],
      "7": [
        2,
        2
      ],
      "8": [
        0,
        0
      ],
      "9": [
        0,
        0
      ]
    },
    "inputSourceMap": {
      "version": 3,
      "mappings": "AAuBI;2BAvBJ;AAAmBA,oBAAeC,OAAS,sBAAe;AAAA;AAAA;AAAA;AAAA;AAAA;AAAA;AAAA;AAAA;AAAA;AAAA;AAAA;AAAA;AAAA;AAAA;AAAA;AAC1D,OAAOC,aAAa;AAMb,aAAMC,cAAcH,cAA2CI,MAAS;AAMxE,aAAMC,eAA4CA,CAAC,EAAEC,SAAS,MAAM;AAAAC,KAAA;AACzE,QAAM,CAACC,UAAUC,WAAW,IAAIC,SAAiB,EAAE;AAEnD,QAAM,EAAEC,MAAMC,KAAK,IAAIV,QAAQ;AAE/B,MAAIU,QAAQJ,aAAa,IAAI;AAC3BC,gBAAYG,KAAKJ,QAAQ;AAAA,EAC3B;AAEA,SACE;AAAA,IAAC,YAAY;AAAA,IAAZ;AAAA,MACC,OAAO;AAAA,QACLA;AAAAA,MACF;AAAA,MAECF;AAAAA;AAAAA,IALH;AAAA;AAAA;AAAA;AAAA;AAAA;AAAA;AAAA;AAAA,EAMA;AAEJ;AAACC,GAlBYF,cAAyC;AAAA,UAG7BH,OAAO;AAAA;AAAAW,KAHnBR;AAAyC,IAAAQ;AAAAC,aAAAD,IAAA",
      "names": [
        "createContext",
        "ReactNode",
        "useUser",
        "UserContext",
        "undefined",
        "UserProvider",
        "children",
        "_s",
        "username",
        "setUsername",
        "useState",
        "data",
        "user",
        "_c",
        "$RefreshReg$"
      ],
      "sources": [
        "/home/amelie/Documents/Skola/Testing/CardGame/frontend/src/utils/UserContext.tsx"
      ],
      "file": "/home/amelie/Documents/Skola/Testing/CardGame/frontend/src/utils/UserContext.tsx"
    },
    "_coverageSchema": "1a1c01bbd47fc00a2c39e90264f33305004495a9",
    "hash": "7be0708bb67dc08b2335ad70b2d798a442a511ee"
  },
  "/home/amelie/Documents/Skola/Testing/CardGame/frontend/src/assets/colors.tsx": {
    "path": "/home/amelie/Documents/Skola/Testing/CardGame/frontend/src/assets/colors.tsx",
    "statementMap": {
      "0": {
        "start": {
          "line": 1,
          "column": 21
        },
        "end": {
          "line": 10,
          "column": 1
        }
      }
    },
    "fnMap": {},
    "branchMap": {},
    "s": {
      "0": 2
    },
    "f": {},
    "b": {},
    "inputSourceMap": {
      "version": 3,
      "mappings": "AAAO,aAAMA,QAAQ;AAAA,EACnBC,OAAO;AAAA,EACPC,WAAW;AAAA,EACXC,MAAM;AAAA,EACNC,UAAU;AAAA,EACVC,OAAO;AAAA,EAEPC,OAAO;AAAA,EACPC,KAAK;AAAA,EACLC,MAAM;AACR",
      "names": [
        "color",
        "white",
        "lightGray",
        "gray",
        "darkGray",
        "black",
        "green",
        "red",
        "blue"
      ],
      "sources": [
        "/home/amelie/Documents/Skola/Testing/CardGame/frontend/src/assets/colors.tsx"
      ],
      "file": "/home/amelie/Documents/Skola/Testing/CardGame/frontend/src/assets/colors.tsx"
    },
    "_coverageSchema": "1a1c01bbd47fc00a2c39e90264f33305004495a9",
    "hash": "8bfb639194de180e4837cd857d68034afb886379"
  },
  "/home/amelie/Documents/Skola/Testing/CardGame/frontend/src/assets/Cards/CardImages.ts": {
    "path": "/home/amelie/Documents/Skola/Testing/CardGame/frontend/src/assets/Cards/CardImages.ts",
    "statementMap": {
      "0": {
        "start": {
          "line": 62,
          "column": 26
        },
        "end": {
          "line": 124,
          "column": 1
        }
      }
    },
    "fnMap": {},
    "branchMap": {},
    "s": {
      "0": 2
    },
    "f": {},
    "b": {},
    "inputSourceMap": {
      "version": 3,
      "sources": [
        "/home/amelie/Documents/Skola/Testing/CardGame/frontend/src/assets/Cards/CardImages.ts"
      ],
      "mappings": "AAAA,OAAO,gBAAgB;AACvB,OAAO,mBAAmB;AAC1B,OAAO,iBAAiB;AACxB,OAAO,iBAAiB;AACxB,OAAO,kBAAkB;AACzB,OAAO,qBAAqB;AAC5B,OAAO,mBAAmB;AAC1B,OAAO,mBAAmB;AAC1B,OAAO,iBAAiB;AACxB,OAAO,oBAAoB;AAC3B,OAAO,kBAAkB;AACzB,OAAO,kBAAkB;AACzB,OAAO,iBAAiB;AACxB,OAAO,oBAAoB;AAC3B,OAAO,kBAAkB;AACzB,OAAO,kBAAkB;AACzB,OAAO,gBAAgB;AACvB,OAAO,mBAAmB;AAC1B,OAAO,iBAAiB;AACxB,OAAO,iBAAiB;AACxB,OAAO,kBAAkB;AACzB,OAAO,qBAAqB;AAC5B,OAAO,mBAAmB;AAC1B,OAAO,mBAAmB;AAC1B,OAAO,kBAAkB;AACzB,OAAO,qBAAqB;AAC5B,OAAO,mBAAmB;AAC1B,OAAO,mBAAmB;AAC1B,OAAO,iBAAiB;AACxB,OAAO,oBAAoB;AAC3B,OAAO,kBAAkB;AACzB,OAAO,kBAAkB;AACzB,OAAO,gBAAgB;AACvB,OAAO,mBAAmB;AAC1B,OAAO,iBAAiB;AACxB,OAAO,iBAAiB;AACxB,OAAO,iBAAiB;AACxB,OAAO,oBAAoB;AAC3B,OAAO,kBAAkB;AACzB,OAAO,kBAAkB;AACzB,OAAO,kBAAkB;AACzB,OAAO,qBAAqB;AAC5B,OAAO,mBAAmB;AAC1B,OAAO,mBAAmB;AAC1B,OAAO,iBAAiB;AACxB,OAAO,oBAAoB;AAC3B,OAAO,kBAAkB;AACzB,OAAO,kBAAkB;AACzB,OAAO,gBAAgB;AACvB,OAAO,mBAAmB;AAC1B,OAAO,iBAAiB;AACxB,OAAO,iBAAiB;AAExB,OAAO,gBAAgB;AACvB,OAAO,eAAe;AACtB,OAAO,eAAe;AACtB,OAAO,gBAAgB;AACvB,OAAO,iBAAiB;AACxB,OAAO,cAAc;AACrB,OAAO,iBAAiB;AAExB,OAAO,WAAW;AAClB,OAAO,aAAa;AAEb,aAAM,aAAa;AAAA,EACxB,MAAM;AAAA,EACN,MAAM;AAAA,EACN,MAAM;AAAA,EACN,MAAM;AAAA,EACN,MAAM;AAAA,EACN,MAAM;AAAA,EACN,MAAM;AAAA,EACN,MAAM;AAAA,EACN,MAAM;AAAA,EACN,MAAM;AAAA,EACN,MAAM;AAAA,EACN,MAAM;AAAA,EACN,MAAM;AAAA,EACN,MAAM;AAAA,EACN,MAAM;AAAA,EACN,MAAM;AAAA,EACN,MAAM;AAAA,EACN,MAAM;AAAA,EACN,MAAM;AAAA,EACN,MAAM;AAAA,EACN,MAAM;AAAA,EACN,MAAM;AAAA,EACN,MAAM;AAAA,EACN,MAAM;AAAA,EACN,MAAM;AAAA,EACN,MAAM;AAAA,EACN,MAAM;AAAA,EACN,MAAM;AAAA,EACN,MAAM;AAAA,EACN,MAAM;AAAA,EACN,MAAM;AAAA,EACN,MAAM;AAAA,EACN,OAAO;AAAA,EACP,OAAO;AAAA,EACP,OAAO;AAAA,EACP,OAAO;AAAA,EACP,IAAI;AAAA,EACJ,IAAI;AAAA,EACJ,IAAI;AAAA,EACJ,IAAI;AAAA,EACJ,IAAI;AAAA,EACJ,IAAI;AAAA,EACJ,IAAI;AAAA,EACJ,IAAI;AAAA,EACJ,IAAI;AAAA,EACJ,IAAI;AAAA,EACJ,IAAI;AAAA,EACJ,IAAI;AAAA,EACJ,IAAI;AAAA,EACJ,IAAI;AAAA,EACJ,IAAI;AAAA,EACJ,IAAI;AAAA,EACJ;AAAA,EACA;AAAA,EACA;AAAA,EACA;AAAA,EACA;AAAA,EACA;AAAA,EACA;AAAA,EACA;AAAA,EACA;AACF;",
      "names": []
    },
    "_coverageSchema": "1a1c01bbd47fc00a2c39e90264f33305004495a9",
    "hash": "1735504c41e6608a28d9dc5e8aaba901f2fc6027"
  },
  "/home/amelie/Documents/Skola/Testing/CardGame/frontend/src/assets/Markers/markers.ts": {
    "path": "/home/amelie/Documents/Skola/Testing/CardGame/frontend/src/assets/Markers/markers.ts",
    "statementMap": {
      "0": {
        "start": {
          "line": 10,
          "column": 17
        },
        "end": {
          "line": 26,
          "column": 1
        }
      },
      "1": {
        "start": {
          "line": 27,
          "column": 20
        },
        "end": {
          "line": 29,
          "column": 1
        }
      },
      "2": {
        "start": {
          "line": 28,
          "column": 2
        },
        "end": {
          "line": 28,
          "column": 30
        }
      },
      "3": {
        "start": {
          "line": 30,
          "column": 27
        },
        "end": {
          "line": 32,
          "column": 1
        }
      },
      "4": {
        "start": {
          "line": 31,
          "column": 2
        },
        "end": {
          "line": 31,
          "column": 31
        }
      },
      "5": {
        "start": {
          "line": 33,
          "column": 26
        },
        "end": {
          "line": 35,
          "column": 1
        }
      },
      "6": {
        "start": {
          "line": 34,
          "column": 2
        },
        "end": {
          "line": 34,
          "column": 30
        }
      }
    },
    "fnMap": {
      "0": {
        "name": "(anonymous_0)",
        "decl": {
          "start": {
            "line": 27,
            "column": 20
          },
          "end": {
            "line": 27,
            "column": 21
          }
        },
        "loc": {
          "start": {
            "line": 27,
            "column": 31
          },
          "end": {
            "line": 29,
            "column": 1
          }
        },
        "line": 27
      },
      "1": {
        "name": "(anonymous_1)",
        "decl": {
          "start": {
            "line": 30,
            "column": 27
          },
          "end": {
            "line": 30,
            "column": 28
          }
        },
        "loc": {
          "start": {
            "line": 30,
            "column": 38
          },
          "end": {
            "line": 32,
            "column": 1
          }
        },
        "line": 30
      },
      "2": {
        "name": "(anonymous_2)",
        "decl": {
          "start": {
            "line": 33,
            "column": 26
          },
          "end": {
            "line": 33,
            "column": 27
          }
        },
        "loc": {
          "start": {
            "line": 33,
            "column": 37
          },
          "end": {
            "line": 35,
            "column": 1
          }
        },
        "line": 33
      }
    },
    "branchMap": {},
    "s": {
      "0": 2,
      "1": 2,
      "2": 0,
      "3": 2,
      "4": 0,
      "5": 2,
      "6": 0
    },
    "f": {
      "0": 0,
      "1": 0,
      "2": 0
    },
    "b": {},
    "inputSourceMap": {
      "version": 3,
      "sources": [
        "/home/amelie/Documents/Skola/Testing/CardGame/frontend/src/assets/Markers/markers.ts"
      ],
      "mappings": "AAAA,OAAO,aAAa;AACpB,OAAO,oBAAoB;AAC3B,OAAO,mBAAmB;AAC1B,OAAO,eAAe;AACtB,OAAO,sBAAsB;AAC7B,OAAO,qBAAqB;AAC5B,OAAO,cAAc;AACrB,OAAO,qBAAqB;AAC5B,OAAO,oBAAoB;AAG3B,MAAM,WAAW;AAAA,EACf,MAAM;AAAA,IACJ,KAAK;AAAA,IACL,OAAO;AAAA,IACP,MAAM;AAAA,EACR;AAAA,EACA,OAAO;AAAA,IACL,KAAK;AAAA,IACL,OAAO;AAAA,IACP,MAAM;AAAA,EACR;AAAA,EACA,MAAM;AAAA,IACJ,KAAK;AAAA,IACL,OAAO;AAAA,IACP,MAAM;AAAA,EACR;AACF;AAEO,aAAM,OAAO,CAAC,UAAiB;AACpC,SAAO,SAAS,KAAK,KAAK;AAC5B;AAEO,aAAM,cAAc,CAAC,UAAiB;AAC3C,SAAO,SAAS,MAAM,KAAK;AAC7B;AAEO,aAAM,aAAa,CAAC,UAAiB;AAC1C,SAAO,SAAS,KAAK,KAAK;AAC5B;",
      "names": []
    },
    "_coverageSchema": "1a1c01bbd47fc00a2c39e90264f33305004495a9",
    "hash": "111d6c6456177c6951fa0d2d6e34441dcc85ddc6"
  },
  "/home/amelie/Documents/Skola/Testing/CardGame/frontend/src/components/Card.tsx": {
    "path": "/home/amelie/Documents/Skola/Testing/CardGame/frontend/src/components/Card.tsx",
    "statementMap": {
      "0": {
        "start": {
          "line": 3,
          "column": 20
        },
        "end": {
          "line": 3,
          "column": 97
        }
      },
      "1": {
        "start": {
          "line": 6,
          "column": 0
        },
        "end": {
          "line": 16,
          "column": 1
        }
      },
      "2": {
        "start": {
          "line": 7,
          "column": 2
        },
        "end": {
          "line": 9,
          "column": 3
        }
      },
      "3": {
        "start": {
          "line": 8,
          "column": 4
        },
        "end": {
          "line": 8,
          "column": 165
        }
      },
      "4": {
        "start": {
          "line": 10,
          "column": 2
        },
        "end": {
          "line": 10,
          "column": 39
        }
      },
      "5": {
        "start": {
          "line": 11,
          "column": 2
        },
        "end": {
          "line": 11,
          "column": 39
        }
      },
      "6": {
        "start": {
          "line": 12,
          "column": 2
        },
        "end": {
          "line": 14,
          "column": 4
        }
      },
      "7": {
        "start": {
          "line": 13,
          "column": 4
        },
        "end": {
          "line": 13,
          "column": 122
        }
      },
      "8": {
        "start": {
          "line": 15,
          "column": 2
        },
        "end": {
          "line": 15,
          "column": 75
        }
      },
      "9": {
        "start": {
          "line": 21,
          "column": 13
        },
        "end": {
          "line": 40,
          "column": 1
        }
      },
      "10": {
        "start": {
          "line": 22,
          "column": 18
        },
        "end": {
          "line": 39,
          "column": 3
        }
      },
      "11": {
        "start": {
          "line": 41,
          "column": 0
        },
        "end": {
          "line": 41,
          "column": 11
        }
      },
      "12": {
        "start": {
          "line": 42,
          "column": 18
        },
        "end": {
          "line": 46,
          "column": 1
        }
      },
      "13": {
        "start": {
          "line": 47,
          "column": 0
        },
        "end": {
          "line": 47,
          "column": 16
        }
      },
      "14": {
        "start": {
          "line": 48,
          "column": 15
        },
        "end": {
          "line": 56,
          "column": 1
        }
      },
      "15": {
        "start": {
          "line": 49,
          "column": 19
        },
        "end": {
          "line": 55,
          "column": 3
        }
      },
      "16": {
        "start": {
          "line": 57,
          "column": 0
        },
        "end": {
          "line": 57,
          "column": 13
        }
      },
      "17": {
        "start": {
          "line": 59,
          "column": 2
        },
        "end": {
          "line": 95,
          "column": 11
        }
      },
      "18": {
        "start": {
          "line": 97,
          "column": 0
        },
        "end": {
          "line": 97,
          "column": 12
        }
      },
      "19": {
        "start": {
          "line": 99,
          "column": 0
        },
        "end": {
          "line": 99,
          "column": 36
        }
      },
      "20": {
        "start": {
          "line": 100,
          "column": 0
        },
        "end": {
          "line": 100,
          "column": 26
        }
      },
      "21": {
        "start": {
          "line": 101,
          "column": 0
        },
        "end": {
          "line": 101,
          "column": 31
        }
      },
      "22": {
        "start": {
          "line": 102,
          "column": 0
        },
        "end": {
          "line": 102,
          "column": 39
        }
      },
      "23": {
        "start": {
          "line": 103,
          "column": 0
        },
        "end": {
          "line": 103,
          "column": 28
        }
      },
      "24": {
        "start": {
          "line": 104,
          "column": 0
        },
        "end": {
          "line": 104,
          "column": 27
        }
      },
      "25": {
        "start": {
          "line": 105,
          "column": 0
        },
        "end": {
          "line": 118,
          "column": 1
        }
      },
      "26": {
        "start": {
          "line": 106,
          "column": 2
        },
        "end": {
          "line": 106,
          "column": 39
        }
      },
      "27": {
        "start": {
          "line": 107,
          "column": 2
        },
        "end": {
          "line": 107,
          "column": 39
        }
      },
      "28": {
        "start": {
          "line": 108,
          "column": 2
        },
        "end": {
          "line": 117,
          "column": 5
        }
      },
      "29": {
        "start": {
          "line": 109,
          "column": 4
        },
        "end": {
          "line": 109,
          "column": 148
        }
      },
      "30": {
        "start": {
          "line": 110,
          "column": 4
        },
        "end": {
          "line": 116,
          "column": 7
        }
      },
      "31": {
        "start": {
          "line": 111,
          "column": 6
        },
        "end": {
          "line": 112,
          "column": 15
        }
      },
      "32": {
        "start": {
          "line": 112,
          "column": 8
        },
        "end": {
          "line": 112,
          "column": 15
        }
      },
      "33": {
        "start": {
          "line": 113,
          "column": 32
        },
        "end": {
          "line": 113,
          "column": 115
        }
      },
      "34": {
        "start": {
          "line": 114,
          "column": 6
        },
        "end": {
          "line": 115,
          "column": 54
        }
      },
      "35": {
        "start": {
          "line": 115,
          "column": 8
        },
        "end": {
          "line": 115,
          "column": 54
        }
      }
    },
    "fnMap": {
      "0": {
        "name": "(anonymous_0)",
        "decl": {
          "start": {
            "line": 12,
            "column": 24
          },
          "end": {
            "line": 12,
            "column": 25
          }
        },
        "loc": {
          "start": {
            "line": 12,
            "column": 38
          },
          "end": {
            "line": 14,
            "column": 3
          }
        },
        "line": 12
      },
      "1": {
        "name": "(anonymous_1)",
        "decl": {
          "start": {
            "line": 22,
            "column": 7
          },
          "end": {
            "line": 22,
            "column": 8
          }
        },
        "loc": {
          "start": {
            "line": 22,
            "column": 18
          },
          "end": {
            "line": 39,
            "column": 3
          }
        },
        "line": 22
      },
      "2": {
        "name": "(anonymous_2)",
        "decl": {
          "start": {
            "line": 49,
            "column": 8
          },
          "end": {
            "line": 49,
            "column": 9
          }
        },
        "loc": {
          "start": {
            "line": 49,
            "column": 19
          },
          "end": {
            "line": 55,
            "column": 3
          }
        },
        "line": 49
      },
      "3": {
        "name": "Cards",
        "decl": {
          "start": {
            "line": 58,
            "column": 16
          },
          "end": {
            "line": 58,
            "column": 21
          }
        },
        "loc": {
          "start": {
            "line": 58,
            "column": 29
          },
          "end": {
            "line": 96,
            "column": 1
          }
        },
        "line": 58
      },
      "4": {
        "name": "(anonymous_4)",
        "decl": {
          "start": {
            "line": 108,
            "column": 52
          },
          "end": {
            "line": 108,
            "column": 53
          }
        },
        "loc": {
          "start": {
            "line": 108,
            "column": 72
          },
          "end": {
            "line": 117,
            "column": 3
          }
        },
        "line": 108
      },
      "5": {
        "name": "(anonymous_5)",
        "decl": {
          "start": {
            "line": 110,
            "column": 27
          },
          "end": {
            "line": 110,
            "column": 28
          }
        },
        "loc": {
          "start": {
            "line": 110,
            "column": 44
          },
          "end": {
            "line": 116,
            "column": 5
          }
        },
        "line": 110
      }
    },
    "branchMap": {
      "0": {
        "loc": {
          "start": {
            "line": 3,
            "column": 20
          },
          "end": {
            "line": 3,
            "column": 97
          }
        },
        "type": "binary-expr",
        "locations": [
          {
            "start": {
              "line": 3,
              "column": 20
            },
            "end": {
              "line": 3,
              "column": 60
            }
          },
          {
            "start": {
              "line": 3,
              "column": 64
            },
            "end": {
              "line": 3,
              "column": 97
            }
          }
        ],
        "line": 3
      },
      "1": {
        "loc": {
          "start": {
            "line": 6,
            "column": 0
          },
          "end": {
            "line": 16,
            "column": 1
          }
        },
        "type": "if",
        "locations": [
          {
            "start": {
              "line": 6,
              "column": 0
            },
            "end": {
              "line": 16,
              "column": 1
            }
          },
          {
            "start": {},
            "end": {}
          }
        ],
        "line": 6
      },
      "2": {
        "loc": {
          "start": {
            "line": 6,
            "column": 4
          },
          "end": {
            "line": 6,
            "column": 35
          }
        },
        "type": "binary-expr",
        "locations": [
          {
            "start": {
              "line": 6,
              "column": 4
            },
            "end": {
              "line": 6,
              "column": 19
            }
          },
          {
            "start": {
              "line": 6,
              "column": 23
            },
            "end": {
              "line": 6,
              "column": 35
            }
          }
        ],
        "line": 6
      },
      "3": {
        "loc": {
          "start": {
            "line": 7,
            "column": 2
          },
          "end": {
            "line": 9,
            "column": 3
          }
        },
        "type": "if",
        "locations": [
          {
            "start": {
              "line": 7,
              "column": 2
            },
            "end": {
              "line": 9,
              "column": 3
            }
          },
          {
            "start": {},
            "end": {}
          }
        ],
        "line": 7
      },
      "4": {
        "loc": {
          "start": {
            "line": 23,
            "column": 11
          },
          "end": {
            "line": 23,
            "column": 51
          }
        },
        "type": "cond-expr",
        "locations": [
          {
            "start": {
              "line": 23,
              "column": 29
            },
            "end": {
              "line": 23,
              "column": 35
            }
          },
          {
            "start": {
              "line": 23,
              "column": 38
            },
            "end": {
              "line": 23,
              "column": 51
            }
          }
        ],
        "line": 23
      },
      "5": {
        "loc": {
          "start": {
            "line": 24,
            "column": 12
          },
          "end": {
            "line": 24,
            "column": 52
          }
        },
        "type": "cond-expr",
        "locations": [
          {
            "start": {
              "line": 24,
              "column": 30
            },
            "end": {
              "line": 24,
              "column": 36
            }
          },
          {
            "start": {
              "line": 24,
              "column": 39
            },
            "end": {
              "line": 24,
              "column": 52
            }
          }
        ],
        "line": 24
      },
      "6": {
        "loc": {
          "start": {
            "line": 25,
            "column": 15
          },
          "end": {
            "line": 25,
            "column": 39
          }
        },
        "type": "binary-expr",
        "locations": [
          {
            "start": {
              "line": 25,
              "column": 15
            },
            "end": {
              "line": 25,
              "column": 30
            }
          },
          {
            "start": {
              "line": 25,
              "column": 34
            },
            "end": {
              "line": 25,
              "column": 39
            }
          }
        ],
        "line": 25
      },
      "7": {
        "loc": {
          "start": {
            "line": 26,
            "column": 14
          },
          "end": {
            "line": 26,
            "column": 38
          }
        },
        "type": "binary-expr",
        "locations": [
          {
            "start": {
              "line": 26,
              "column": 14
            },
            "end": {
              "line": 26,
              "column": 29
            }
          },
          {
            "start": {
              "line": 26,
              "column": 33
            },
            "end": {
              "line": 26,
              "column": 38
            }
          }
        ],
        "line": 26
      },
      "8": {
        "loc": {
          "start": {
            "line": 27,
            "column": 10
          },
          "end": {
            "line": 27,
            "column": 76
          }
        },
        "type": "cond-expr",
        "locations": [
          {
            "start": {
              "line": 27,
              "column": 53
            },
            "end": {
              "line": 27,
              "column": 62
            }
          },
          {
            "start": {
              "line": 27,
              "column": 65
            },
            "end": {
              "line": 27,
              "column": 76
            }
          }
        ],
        "line": 27
      },
      "9": {
        "loc": {
          "start": {
            "line": 27,
            "column": 10
          },
          "end": {
            "line": 27,
            "column": 50
          }
        },
        "type": "binary-expr",
        "locations": [
          {
            "start": {
              "line": 27,
              "column": 10
            },
            "end": {
              "line": 27,
              "column": 28
            }
          },
          {
            "start": {
              "line": 27,
              "column": 32
            },
            "end": {
              "line": 27,
              "column": 50
            }
          }
        ],
        "line": 27
      },
      "10": {
        "loc": {
          "start": {
            "line": 35,
            "column": 26
          },
          "end": {
            "line": 35,
            "column": 66
          }
        },
        "type": "binary-expr",
        "locations": [
          {
            "start": {
              "line": 35,
              "column": 26
            },
            "end": {
              "line": 35,
              "column": 41
            }
          },
          {
            "start": {
              "line": 35,
              "column": 45
            },
            "end": {
              "line": 35,
              "column": 66
            }
          }
        ],
        "line": 35
      },
      "11": {
        "loc": {
          "start": {
            "line": 37,
            "column": 22
          },
          "end": {
            "line": 37,
            "column": 82
          }
        },
        "type": "cond-expr",
        "locations": [
          {
            "start": {
              "line": 37,
              "column": 53
            },
            "end": {
              "line": 37,
              "column": 68
            }
          },
          {
            "start": {
              "line": 37,
              "column": 71
            },
            "end": {
              "line": 37,
              "column": 82
            }
          }
        ],
        "line": 37
      },
      "12": {
        "loc": {
          "start": {
            "line": 38,
            "column": 12
          },
          "end": {
            "line": 38,
            "column": 119
          }
        },
        "type": "cond-expr",
        "locations": [
          {
            "start": {
              "line": 38,
              "column": 78
            },
            "end": {
              "line": 38,
              "column": 93
            }
          },
          {
            "start": {
              "line": 38,
              "column": 96
            },
            "end": {
              "line": 38,
              "column": 119
            }
          }
        ],
        "line": 38
      },
      "13": {
        "loc": {
          "start": {
            "line": 38,
            "column": 12
          },
          "end": {
            "line": 38,
            "column": 75
          }
        },
        "type": "binary-expr",
        "locations": [
          {
            "start": {
              "line": 38,
              "column": 12
            },
            "end": {
              "line": 38,
              "column": 40
            }
          },
          {
            "start": {
              "line": 38,
              "column": 44
            },
            "end": {
              "line": 38,
              "column": 75
            }
          }
        ],
        "line": 38
      },
      "14": {
        "loc": {
          "start": {
            "line": 71,
            "column": 8
          },
          "end": {
            "line": 75,
            "column": 16
          }
        },
        "type": "binary-expr",
        "locations": [
          {
            "start": {
              "line": 71,
              "column": 8
            },
            "end": {
              "line": 71,
              "column": 24
            }
          },
          {
            "start": {
              "line": 71,
              "column": 44
            },
            "end": {
              "line": 75,
              "column": 16
            }
          }
        ],
        "line": 71
      },
      "15": {
        "loc": {
          "start": {
            "line": 105,
            "column": 0
          },
          "end": {
            "line": 118,
            "column": 1
          }
        },
        "type": "if",
        "locations": [
          {
            "start": {
              "line": 105,
              "column": 0
            },
            "end": {
              "line": 118,
              "column": 1
            }
          },
          {
            "start": {},
            "end": {}
          }
        ],
        "line": 105
      },
      "16": {
        "loc": {
          "start": {
            "line": 105,
            "column": 4
          },
          "end": {
            "line": 105,
            "column": 35
          }
        },
        "type": "binary-expr",
        "locations": [
          {
            "start": {
              "line": 105,
              "column": 4
            },
            "end": {
              "line": 105,
              "column": 19
            }
          },
          {
            "start": {
              "line": 105,
              "column": 23
            },
            "end": {
              "line": 105,
              "column": 35
            }
          }
        ],
        "line": 105
      },
      "17": {
        "loc": {
          "start": {
            "line": 111,
            "column": 6
          },
          "end": {
            "line": 112,
            "column": 15
          }
        },
        "type": "if",
        "locations": [
          {
            "start": {
              "line": 111,
              "column": 6
            },
            "end": {
              "line": 112,
              "column": 15
            }
          },
          {
            "start": {},
            "end": {}
          }
        ],
        "line": 111
      },
      "18": {
        "loc": {
          "start": {
            "line": 114,
            "column": 6
          },
          "end": {
            "line": 115,
            "column": 54
          }
        },
        "type": "if",
        "locations": [
          {
            "start": {
              "line": 114,
              "column": 6
            },
            "end": {
              "line": 115,
              "column": 54
            }
          },
          {
            "start": {},
            "end": {}
          }
        ],
        "line": 114
      }
    },
    "s": {
      "0": 2,
      "1": 2,
      "2": 2,
      "3": 0,
      "4": 2,
      "5": 2,
      "6": 2,
      "7": 12,
      "8": 2,
      "9": 2,
      "10": 0,
      "11": 2,
      "12": 2,
      "13": 2,
      "14": 2,
      "15": 0,
      "16": 2,
      "17": 0,
      "18": 2,
      "19": 2,
      "20": 2,
      "21": 2,
      "22": 2,
      "23": 2,
      "24": 2,
      "25": 2,
      "26": 2,
      "27": 2,
      "28": 2,
      "29": 2,
      "30": 2,
      "31": 0,
      "32": 0,
      "33": 0,
      "34": 0,
      "35": 0
    },
    "f": {
      "0": 12,
      "1": 0,
      "2": 0,
      "3": 0,
      "4": 2,
      "5": 0
    },
    "b": {
      "0": [
        2,
        0
      ],
      "1": [
        2,
        0
      ],
      "2": [
        2,
        2
      ],
      "3": [
        0,
        2
      ],
      "4": [
        0,
        0
      ],
      "5": [
        0,
        0
      ],
      "6": [
        0,
        0
      ],
      "7": [
        0,
        0
      ],
      "8": [
        0,
        0
      ],
      "9": [
        0,
        0
      ],
      "10": [
        0,
[...]
      "58": 0,
      "59": 0,
      "60": 0,
      "61": 0,
      "62": 0,
      "63": 0,
      "64": 0,
      "65": 0,
      "66": 0,
      "67": 0,
      "68": 0,
      "69": 0,
      "70": 0,
      "71": 0,
      "72": 0,
      "73": 0,
      "74": 0,
      "75": 0,
      "76": 0,
      "77": 0,
      "78": 0,
      "79": 0,
      "80": 0,
      "81": 0,
      "82": 0,
      "83": 0,
      "84": 0,
      "85": 0,
      "86": 0,
      "87": 0,
      "88": 0,
      "89": 0,
      "90": 0,
      "91": 0,
      "92": 0,
      "93": 0,
      "94": 0,
      "95": 0,
      "96": 0,
      "97": 0,
      "98": 0,
      "99": 0,
      "100": 0,
      "101": 0,
      "102": 0,
      "103": 0,
      "104": 0,
      "105": 0,
      "106": 0,
      "107": 0,
      "108": 0,
      "109": 0,
      "110": 0,
      "111": 0,
      "112": 0,
      "113": 0,
      "114": 0,
      "115": 0,
      "116": 0,
      "117": 0,
      "118": 0,
      "119": 0,
      "120": 2,
      "121": 0,
      "122": 2,
      "123": 2,
      "124": 2,
      "125": 2,
      "126": 2,
      "127": 2,
      "128": 2,
      "129": 2,
      "130": 2,
      "131": 2,
      "132": 2,
      "133": 2,
      "134": 2,
      "135": 2,
      "136": 2,
      "137": 2,
      "138": 2,
      "139": 2,
      "140": 0,
      "141": 0,
      "142": 0,
      "143": 0,
      "144": 0
    },
    "f": {
      "0": 22,
      "1": 0,
      "2": 0,
      "3": 0,
      "4": 0,
      "5": 0,
      "6": 0,
      "7": 0,
      "8": 0,
      "9": 0,
      "10": 0,
      "11": 0,
      "12": 0,
      "13": 0,
      "14": 0,
      "15": 0,
      "16": 0,
      "17": 0,
      "18": 0,
      "19": 0,
      "20": 0,
      "21": 0,
      "22": 0,
      "23": 0,
      "24": 0,
      "25": 0,
      "26": 0,
      "27": 2,
      "28": 0
    },
    "b": {
      "0": [
        2,
        0
      ],
      "1": [
        2,
        0
      ],
      "2": [
        2,
        2
      ],
      "3": [
        0,
        2
      ],
      "4": [
        0,
        0
      ],
      "5": [
        0,
        0
      ],
      "6": [
        0,
        0,
        0
      ],
      "7": [
        0,
        0,
        0
      ],
      "8": [
        0,
        0
      ],
      "9": [
        0,
        0
      ],
      "10": [
        0,
        0
      ],
      "11": [
        0,
        0
      ],
      "12": [
        0,
        0
      ],
      "13": [
        0,
        0
      ],
      "14": [
        0,
        0
      ],
      "15": [
        0,
        0
      ],
      "16": [
        0,
        0
      ],
      "17": [
        0,
        0
      ],
      "18": [
        0,
        0
      ],
      "19": [
        0,
        0,
        0,
        0
      ],
      "20": [
        0,
        0
      ],
      "21": [
        0,
        0
      ],
      "22": [
        0,
        0
      ],
      "23": [
        0,
        0
      ],
      "24": [
        0,
        0
      ],
      "25": [
        0,
        0
      ],
      "26": [
        0,
        0,
        0,
        0
      ],
      "27": [
        0,
        0
      ],
      "28": [
        0,
        0
      ],
      "29": [
        0,
        0
      ],
      "30": [
        0,
        0
      ],
      "31": [
        0,
        0
      ],
      "32": [
        0,
        0
      ],
      "33": [
        0,
        0
      ],
      "34": [
        0,
        0
      ],
      "35": [
        0,
        0
      ],
      "36": [
        0,
        0
      ],
      "37": [
        0,
        0
      ],
      "38": [
        0,
        0
      ],
      "39": [
        0,
        0
      ],
      "40": [
        0,
        0
      ],
      "41": [
        0,
        0,
        0
      ],
      "42": [
        0,
        0
      ],
      "43": [
        0,
        0
      ],
      "44": [
        0,
        0
      ],
      "45": [
        2,
        0
      ],
      "46": [
        2,
        2
      ],
      "47": [
        0,
        0
      ],
      "48": [
        0,
        0
      ]
    },
    "inputSourceMap": {
      "version": 3,
      "mappings": "AAqSqB;2BArSrB;AAAmB,oBAAiB;AAAA;AAAA;AAAA;AAAA;AAAA;AAAA;AAAA;AAAA;AAAA;AAAA;AAAA;AAAA;AAAA;AAAA;AAAA;AACpC,SAASA,aAAa;AAEtB,SAASC,aAAa;AACtB,SAASC,WAAWC,gBAAgB;AACpC,SAASC,eAAe;AACxB,SAASC,kBAAkB;AAC3B,SAASC,aAAaC,YAAY;AAClC,OAAOC,aAAa;AAEpB,MAAMC,WAAWC,OAAOC;AAAAA;AAAAA;AAAAA,sBAGFX,MAAMY,KAAM;AAAA;AAAA;AAAA;AAAA;AAAA;AAAA;AAAA;AAAA;AAQjCC,KAXKJ;AAaN,MAAMK,WAAWJ,OAAOC;AAAAA;AAAAA;AAAAA;AAAAA;AAAAA;AAAAA;AAAAA;AAAAA;AAQvBI,MARKD;AAUN,MAAME,OAAON,OAAOC;AAAAA;AAAAA;AAAAA;AAAAA;AAAAA;AAAAA;AAAAA;AAAAA;AAAAA;AAAAA;AAAAA;AAAAA;AAAAA;AAAAA;AAAAA;AAenBM,MAfKD;AAiBN,MAAME,YAAYR,OAAOC;AAAAA;AAAAA;AAAAA;AAAAA;AAAAA;AAAAA;AAAAA;AAAAA;AAAAA;AAAAA;AAAAA;AAAAA;AAAAA;AAAAA;AAcxBQ,MAdKD;AAgBN,MAAME,aAAaV,OAAOC;AAAAA;AAAAA;AAAAA;AAAAA;AAAAA;AAAAA;AAAAA;AAAAA;AAAAA;AAAAA;AAAAA;AAAAA;AAYzBU,MAZKD;AAcN,MAAME,gBAAgBZ,OAAOC;AAAAA;AAAAA;AAAAA;AAAAA,sBAIPX,MAAMuB,KAAM;AAAA;AAAA;AAAA;AAAA;AAAA;AAAA;AAMjCC,MAVKF;AAYN,MAAMG,kBAAkBf,OAAOC;AAAAA;AAAAA;AAAAA;AAAAA;AAAAA;AAAAA;AAAAA;AAAAA,aAQlBX,MAAMuB,KAAM;AAAA;AAAA;AAAA;AAAA;AAAA;AAKxBG,MAbKD;AAeN,MAAME,SAASjB,OAAOC;AAAAA;AAAAA;AAAAA;AAAAA;AAIrBiB,MAJKD;AAMN,MAAME,cAAcnB,OAAOC;AAAAA;AAAAA;AAAAA;AAAAA;AAAAA;AAAAA;AAAAA;AAAAA;AAAAA;AAAAA;AAAAA;AAAAA;AAAAA;AAa1BmB,MAbKD;AAeN,MAAME,cAAcrB,OAAOsB;AAAAA;AAAAA;AAAAA;AAAAA;AAAAA;AAAAA;AAAAA;AAAAA;AAAAA,WAShBhC,MAAMuB,KAAM;AAAA;AAAA;AAEtBU,OAXKF;AAaN,SAASG,WAAW;AAAAC,KAAA;AAClB,QAAM;AAAA,IACJC;AAAAA,IACAC;AAAAA,IACAC;AAAAA,IACAC;AAAAA,IACAC;AAAAA,IACAC;AAAAA,IACAC;AAAAA,IACAC;AAAAA,IACAC;AAAAA,IACAC;AAAAA,IACAC;AAAAA,IACAC;AAAAA,IACAC;AAAAA,IACAC;AAAAA,EACF,IAAI7C,QAAQ;AAEZ,QAAM,CAAC8C,cAAcC,eAAe,IAAIhD,SAAsB,IAAI;AAClE,QAAM,CAACiD,UAAUC,WAAW,IAAIlD,SAAkB,KAAK;AACvD,QAAM,CAACmD,YAAYC,aAAa,IAAIpD,SAA6BqD,MAAS;AAE1E,QAAM,CAACC,cAAcC,eAAe,IAAIvD,SAAwB,IAAI;AACpE,QAAM,CAACwD,qBAAqBC,sBAAsB,IAAIzD,SAA6BqD,MAAS;AAE5F,QAAM,EAAEK,MAAMC,KAAK,IAAItD,QAAQ;AAE/BN,YAAU,MAAM;AACd,QAAIuC,gBAAgBe,QAAW;AAC7BI,6BAAuBtD,YAAYmC,YAAYzC,KAAK,CAAC;AAAA,IACvD;AAAA,EACF,GAAG,CAACyC,WAAW,CAAC;AAEhBvC,YAAU,MAAM;AACd,QAAI0C,SAASY,QAAW;AACtBE,sBAAgBnD,KAAKqC,IAAI,CAAC;AAAA,IAC5B;AAAA,EACF,GAAG,CAACA,IAAI,CAAC;AAETmB,UAAQC,IAAI,aAAazB,SAAS;AAClC,WAAS0B,WAAWC,MAAY;AAC9Bf,oBAAgBe,IAAI;AACpB,UAAMC,gBAAgBD,KAAKE,SAAS,QAAQF,KAAKG,SAAS,OAAOH,KAAKG,SAAS;AAC/E,UAAMC,gBAAgBJ,KAAKE,SAAS,QAAQF,KAAKG,SAAS,OAAOH,KAAKG,SAAS;AAC/E,QAAI9B,aAAa4B,eAAe;AAC9B,YAAMI,eAAyBhC,UAAUiC;AAAAA,QAAI,CAACC,QAC5CA,IAAID,IAAI,CAACE,aAAmB;AAC1B,cAAIA,SAASC,WAAW,aAAa;AACnC,mBAAO,EAAE,GAAGD,UAAUC,QAAQ,QAAQ;AAAA,UACxC,WAAWD,SAASC,WAAW,cAAcD,SAAS9B,SAASA,MAAM;AACnE,mBAAO,EAAE,GAAG8B,UAAUC,QAAQ,eAAe;AAAA,UAC/C,OAAO;AACL,mBAAOD;AAAAA,UACT;AAAA,QACF,CAAC;AAAA,MACH;AACA/B,mBAAa4B,YAAY;AAAA,IAC3B,WAAWhC,aAAa+B,eAAe;AACrC,YAAMC,eAAyBhC,UAAUiC;AAAAA,QAAI,CAACC,QAC5CA,IAAID,IAAI,CAACE,aAAmB;AAC1B,cAAIA,SAASC,WAAW,SAAS;AAC/B,mBAAO,EAAE,GAAGD,UAAUC,QAAQ,YAAY;AAAA,UAC5C,WAAWD,SAASC,WAAW,gBAAgB;AAC7C,mBAAO,EAAE,GAAGD,UAAUC,QAAQ,WAAW;AAAA,UAC3C,OAAO;AACL,mBAAOD;AAAAA,UACT;AAAA,QACF,CAAC;AAAA,MACH;AACA/B,mBAAa4B,YAAY;AAAA,IAC3B,WAAWhC,WAAW;AACpB,YAAMgC,eAAyBhC,UAAUiC;AAAAA,QAAI,CAACC,QAC5CA,IAAID,IAAI,CAACE,aAAmB;AAC1B,eACGA,aAAaR,QAASQ,SAASE,UAAUV,KAAKU,SAASF,SAASL,SAASH,KAAKG,SAC/EK,SAASC,WAAW,YACpB;AACA,mBAAO,EAAE,GAAGD,UAAUC,QAAQ,YAAY;AAAA,UAC5C,WAAWD,SAASC,WAAW,aAAa;AAC1C,mBAAO,EAAE,GAAGD,UAAUC,QAAQ,QAAQ;AAAA,UACxC,WAAWD,SAASC,WAAW,gBAAgB;AAC7C,mBAAO,EAAE,GAAGD,UAAUC,QAAQ,WAAW;AAAA,UAC3C,OAAO;AACL,mBAAOD;AAAAA,UACT;AAAA,QACF,CAAC;AAAA,MACH;AACA/B,mBAAa4B,YAAY;AAEzB,YAAMM,mBAAmBN,aAAaO;AAAAA,QAAM,CAACL,QAC3CA,IAAIK,MAAM,CAACJ,aAAaA,SAASC,WAAW,WAAW;AAAA,MACzD;AAEA,UAAIE,oBAAoBX,KAAKE,SAAS,KAAK;AACzCf,oBAAY,IAAI;AAAA,MAClB,OAAO;AACLA,oBAAY,KAAK;AAAA,MACnB;AAAA,IACF;AAAA,EACF;AACA,QAAM0B,kBAAkBA,MAAM;AAC5B,QAAI7B,iBAAiB,MAAM;AACzBD,gBAAUC,YAAY;AAAA,IACxB;AACAR,eAAW,IAAI;AACfW,gBAAY,KAAK;AAAA,EACnB;AACA,WAAS2B,YAAYd,MAAY;AAC/Bb,gBAAY,KAAK;AACjB,QACGH,gBAAgBgB,KAAKS,WAAW,eAChCzB,gBAAgBgB,KAAKS,WAAW,gBACjC;AACAjC,iBAAW,IAAI;AACf,UAAIH,WAAW;AACb,cAAMgC,eAAyBhC,UAAUiC;AAAAA,UAAI,CAACC,QAC5CA,IAAID,IAAI,CAACE,aAAmB;AAC1B,gBAAIA,aAAaR,QAAQQ,SAASC,WAAW,gBAAgB;AAC3D,qBAAO,EAAE,GAAGD,UAAUC,QAAQ,SAAS/B,MAAMY,OAAU;AAAA,YACzD,WAAWkB,aAAaR,MAAM;AAC5B,qBAAO,EAAE,GAAGQ,UAAUC,QAAQ,YAAY/B,KAAW;AAAA,YACvD,WAAW8B,SAASC,WAAW,aAAa;AAC1C,qBAAO,EAAE,GAAGD,UAAUC,QAAQ,QAAQ;AAAA,YACxC,WAAWD,SAASC,WAAW,gBAAgB;AAC7C,qBAAO,EAAE,GAAGD,UAAUC,QAAQ,WAAW;AAAA,YAC3C,OAAO;AACL,qBAAOD;AAAAA,YACT;AAAA,UACF,CAAC;AAAA,QACH;AACA/B,qBAAa4B,YAAY;AACzBzB,wBAAgByB,cAAcrB,YAAY;AAAA,MAC5C;AAAA,IACF;AAAA,EACF;AACA,QAAM+B,YAAYA,MAAM;AACtBjC,eAAW;AAAA,EACb;AAEA9C,YAAU,MAAM;AACd,QAAI4D,QAAQR,eAAeE,QAAW;AACpC,YAAM0B,cAAe,GAAEpB,KAAKqB,gBAAiB;AAC7C,UAAIC,OAAOC,UAAUC,eAAeC,KAAKlF,YAAY6E,WAAW,GAAG;AACjE3B,sBAAclD,WAAW6E,WAAsC,CAAC;AAAA,MAClE,OAAO;AACL3B,sBAAclD,WAAWmF,SAAS;AAAA,MACpC;AAAA,IACF;AAAA,EACF,GAAG,CAAC1B,MAAMR,UAAU,CAAC;AAErB,SACE,uBAAC,YAAS,eAAY,aACnB;AAAA,KAAC,CAACd,YAAY,uBAAC,eAAY;AAAA;AAAA,MAAMA;AAAAA,MAAS;AAAA,SAA5B;AAAA;AAAA;AAAA;AAAA,WAAiC;AAAA,IAChD;AAAA,MAAC;AAAA;AAAA,QACC,eAAY;AAAA,QACZ,SAASyC;AAAAA,QACT,OAAO,EAAEQ,KAAK,GAAGC,MAAM,GAAGC,UAAU,SAASC,QAAQ,EAAE;AAAA,QAAE;AAAA;AAAA,MAH3D;AAAA;AAAA;AAAA;AAAA;AAAA;AAAA;AAAA;AAAA,IAMA;AAAA,IAECrD,aACC,uBAAC,YAAS,eAAY,cACnBA,oBAAUiC,IAAI,CAACC,KAAKoB,MAAM;AACzB,aAAOpB,IAAID,IAAI,CAACN,MAAY4B,MAAc;AACxC,eACE;AAAA,UAAC;AAAA;AAAA,YAEC,eAAY;AAAA,YACZ,oBAAkB5B,KAAKS;AAAAA,YACvB,gBAAcT,KAAK6B;AAAAA,YACnB,SAAS,MAAMf,YAAYd,IAAI;AAAA,YAE/B,iCAAC,SAAM,WAAW,MAAM,GAAIA,QAA5B;AAAA;AAAA;AAAA;AAAA,mBAAiC;AAAA;AAAA,UAN3B,GAAE2B,CAAE,IAAGC,CAAE;AAAA,UADjB;AAAA;AAAA;AAAA;AAAA;AAAA;AAAA;AAAA,QAQA;AAAA,MAEJ,CAAC;AAAA,IACH,CAAC,KAfH;AAAA;AAAA;AAAA;AAAA,WAgBA;AAAA,IAEF,uBAAC,UACC;AAAA,6BAAC,iBACC;AAAA,QAAC;AAAA;AAAA,UACC,SAAS1D,UAAUE,WAAW,MAAM;AAAA,UAAC;AAAA,UACrC,OAAO,EAAE0D,SAAS5D,UAAU,IAAI,IAAI;AAAA,UAEpC,iCAAC,SAAI,KAAKkB,cAAV;AAAA;AAAA;AAAA;AAAA,iBAAqB;AAAA;AAAA,QAJvB;AAAA;AAAA;AAAA;AAAA;AAAA;AAAA;AAAA;AAAA,MAKA,KANF;AAAA;AAAA;AAAA;AAAA,aAOA;AAAA,MACA,uBAAC,YAAO,UAAU,CAACF,UAAU,SAAS2B,iBAAgB,0BAAtD;AAAA;AAAA;AAAA;AAAA,aAEA;AAAA,MACA,uBAAC,mBACC;AAAA,+BAAC,OAAE,OAAO,EAAEkB,YAAY,OAAO,GAAG,uBAAlC;AAAA;AAAA;AAAA;AAAA,eAAyC;AAAA,QACxCtC,uBACC,uBAAC,SAAI,OAAO,EAAEsC,YAAY,OAAO,GAAG,KAAKtC,qBAAqB,KAAI,MAAlE;AAAA;AAAA;AAAA;AAAA,eAAoE;AAAA,WAHxE;AAAA;AAAA;AAAA;AAAA,aAKA;AAAA,MACA,uBAAC,QACElB,yBACCJ,eACAA,YAAYmC,IAAI,CAACN,MAAM2B,MAAM;AAC3B,eACE;AAAA,UAAC;AAAA;AAAA,YAEC,SAAS9C,aAAaN,YAAYM,WAAW,MAAMkB,WAAWC,IAAI,IAAIV;AAAAA,YAEtE,iCAAC,SAAI,eAAY,SAAQ,gBAAcU,KAAK6B,IAC1C,iCAAC,SAAc,GAAI7B,QAAP2B,GAAZ;AAAA;AAAA;AAAA;AAAA,mBAAwB,KAD2BA,GAArD;AAAA;AAAA;AAAA;AAAA,mBAEA;AAAA;AAAA,UALKA;AAAAA,UADP;AAAA;AAAA;AAAA;AAAA;AAAA;AAAA;AAAA,QAOA;AAAA,MAEJ,CAAC,KAdL;AAAA;AAAA;AAAA;AAAA,aAeA;AAAA,MACA,uBAAC,mBACC;AAAA,+BAAC,OAAE,OAAO,EAAEI,YAAY,QAAQ,GAAG,0BAAnC;AAAA;AAAA;AAAA;AAAA,eAA6C;AAAA,QAC5CxC,gBACC,uBAAC,SAAI,OAAO,EAAEyC,OAAO,SAASD,YAAY,QAAQ,GAAG,KAAKxC,cAAc,KAAI,MAA5E;AAAA;AAAA;AAAA;AAAA,eAA8E;AAAA,WAHlF;AAAA;AAAA;AAAA;AAAA,aAKA;AAAA,MAEA,uBAAC,iBACC,iCAAC,aACEZ,uBACCA,UAAU2B;AAAAA,QAAI,CAACN,MAAM2B,MACnB;AAAA,UAAC;AAAA;AAAA,YAEC,OAAO;AAAA,cACLF,UAAU;AAAA,cACVQ,WAAY,UAASjC,KAAK6B,KAAK,EAAG;AAAA,YACpC;AAAA,YACA,eAAY;AAAA,YAEZ,iCAAC,SAAM,GAAI7B,QAAX;AAAA;AAAA;AAAA;AAAA,mBAAgB;AAAA;AAAA,UAPX2B;AAAAA,UADP;AAAA;AAAA;AAAA;AAAA;AAAA;AAAA;AAAA,QASA;AAAA,MACD,KAbL;AAAA;AAAA;AAAA;AAAA,aAcA,KAfF;AAAA;AAAA;AAAA;AAAA,aAgBA;AAAA,SAzDF;AAAA;AAAA;AAAA;AAAA,WA0DA;AAAA,OAvFF;AAAA;AAAA;AAAA;AAAA,SAwFA;AAEJ;AAAC1D,GAjPQD,UAAQ;AAAA,UAgBX9B,SASmBI,OAAO;AAAA;AAAA4F,OAzBvBlE;AAmPT,eAAeA;AAAQ,IAAArB,IAAAE,KAAAE,KAAAE,KAAAE,KAAAG,KAAAE,KAAAE,KAAAE,KAAAG,MAAAmE;AAAAC,aAAAxF,IAAA;AAAAwF,aAAAtF,KAAA;AAAAsF,aAAApF,KAAA;AAAAoF,aAAAlF,KAAA;AAAAkF,aAAAhF,KAAA;AAAAgF,aAAA7E,KAAA;AAAA6E,aAAA3E,KAAA;AAAA2E,aAAAzE,KAAA;AAAAyE,aAAAvE,KAAA;AAAAuE,aAAApE,MAAA;AAAAoE,aAAAD,MAAA",
      "names": [
        "color",
        "Cards",
        "useEffect",
        "useState",
        "useGame",
        "cardImages",
        "frontMarker",
        "pile",
        "useUser",
        "GameView",
        "styled",
        "div",
        "green",
        "_c",
        "GamePlan",
        "_c2",
        "Hand",
        "_c3",
        "ThrowPile",
        "_c4",
        "DrawButton",
        "_c5",
        "DeckContainer",
        "white",
        "_c6",
        "MarkerContainer",
        "_c7",
        "Bottom",
        "_c8",
        "AlertSquare",
        "_c9",
        "LeaveButton",
        "button",
        "_c10",
        "Sequence",
        "_s",
        "canDraw",
        "cardsOnHand",
        "drawCard",
        "gameBoard",
        "gameOver",
        "playersTurn",
        "setCanDraw",
        "setGameBoard",
        "team",
        "throwPile",
        "updateGameboard",
        "username",
        "disconnect",
        "throwCard",
        "selectedCard",
        "setSelectedCard",
        "canThrow",
        "setCanThrow",
        "backOfDeck",
        "setBackOfDeck",
        "undefined",
        "yourTeamPile",
        "setYourTeamPile",
        "markerFrontTeamTurn",
        "setMarkerFrontTeamTurn",
        "data",
        "user",
        "console",
        "log",
        "selectCard",
        "card",
        "isOneEyedJack",
        "face",
        "suit",
        "isTwoEyedJack",
        "newGameBoard",
        "map",
        "row",
        "gameCard",
        "status",
        "value",
        "noAvailableCards",
        "every",
        "handleThrowCard",
        "placeMarker",
        "leaveGame",
        "cardBackKey",
        "background_color",
        "Object",
        "prototype",
        "hasOwnProperty",
        "call",
        "gray_back",
        "top",
        "left",
        "position",
        "zIndex",
        "i",
        "j",
        "nr",
        "opacity",
        "marginLeft",
        "width",
        "transform",
        "_c11",
        "$RefreshReg$"
      ],
      "sources": [
        "/home/amelie/Documents/Skola/Testing/CardGame/frontend/src/components/Sequence.tsx"
      ],
      "file": "/home/amelie/Documents/Skola/Testing/CardGame/frontend/src/components/Sequence.tsx"
    },
    "_coverageSchema": "1a1c01bbd47fc00a2c39e90264f33305004495a9",
    "hash": "7b07d2519f614a0bff7610422e3c804ea1c4fcb0"
  },
  "/home/amelie/Documents/Skola/Testing/CardGame/frontend/src/constants/queryKeys.ts": {
    "path": "/home/amelie/Documents/Skola/Testing/CardGame/frontend/src/constants/queryKeys.ts",
    "statementMap": {},
    "fnMap": {},
    "branchMap": {},
    "s": {},
    "f": {},
    "b": {}
  },
  "/home/amelie/Documents/Skola/Testing/CardGame/frontend/src/utils/types.ts": {
    "path": "/home/amelie/Documents/Skola/Testing/CardGame/frontend/src/utils/types.ts",
    "statementMap": {},
    "fnMap": {},
    "branchMap": {},
    "s": {},
    "f": {},
    "b": {}
  },
  "/home/amelie/Documents/Skola/Testing/CardGame/frontend/src/App.tsx": {
    "path": "/home/amelie/Documents/Skola/Testing/CardGame/frontend/src/App.tsx",
    "statementMap": {},
    "fnMap": {},
    "branchMap": {},
    "s": {},
    "f": {},
    "b": {}
  },
  "/home/amelie/Documents/Skola/Testing/CardGame/frontend/src/main.tsx": {
    "path": "/home/amelie/Documents/Skola/Testing/CardGame/frontend/src/main.tsx",
    "statementMap": {},
    "fnMap": {},
    "branchMap": {},
    "s": {},
    "f": {},
    "b": {}
  },
  "/home/amelie/Documents/Skola/Testing/CardGame/frontend/src/components/DeleteAccount.tsx": {
    "path": "/home/amelie/Documents/Skola/Testing/CardGame/frontend/src/components/DeleteAccount.tsx",
    "statementMap": {},
    "fnMap": {},
    "branchMap": {},
    "s": {},
    "f": {},
    "b": {}
  },
  "/home/amelie/Documents/Skola/Testing/CardGame/frontend/src/components/EditProfile.tsx": {
    "path": "/home/amelie/Documents/Skola/Testing/CardGame/frontend/src/components/EditProfile.tsx",
    "statementMap": {},
    "fnMap": {},
    "branchMap": {},
    "s": {},
    "f": {},
    "b": {}
  },
  "/home/amelie/Documents/Skola/Testing/CardGame/frontend/src/components/GameLobby.tsx": {
    "path": "/home/amelie/Documents/Skola/Testing/CardGame/frontend/src/components/GameLobby.tsx",
    "statementMap": {},
    "fnMap": {},
    "branchMap": {},
    "s": {},
    "f": {},
    "b": {}
  },
  "/home/amelie/Documents/Skola/Testing/CardGame/frontend/src/components/HomeScreen.tsx": {
    "path": "/home/amelie/Documents/Skola/Testing/CardGame/frontend/src/components/HomeScreen.tsx",
    "statementMap": {},
    "fnMap": {},
    "branchMap": {},
    "s": {},
    "f": {},
    "b": {}
  },
  "/home/amelie/Documents/Skola/Testing/CardGame/frontend/src/components/LogoutButton.tsx": {
    "path": "/home/amelie/Documents/Skola/Testing/CardGame/frontend/src/components/LogoutButton.tsx",
    "statementMap": {},
    "fnMap": {},
    "branchMap": {},
    "s": {},
    "f": {},
    "b": {}
  },
  "/home/amelie/Documents/Skola/Testing/CardGame/frontend/src/components/Navbar.tsx": {
    "path": "/home/amelie/Documents/Skola/Testing/CardGame/frontend/src/components/Navbar.tsx",
    "statementMap": {},
    "fnMap": {},
    "branchMap": {},
    "s": {},
    "f": {},
    "b": {}
  },
  "/home/amelie/Documents/Skola/Testing/CardGame/frontend/src/constants/Deck.tsx": {
    "path": "/home/amelie/Documents/Skola/Testing/CardGame/frontend/src/constants/Deck.tsx",
    "statementMap": {},
    "fnMap": {},
    "branchMap": {},
    "s": {},
    "f": {},
    "b": {}
  },
  "/home/amelie/Documents/Skola/Testing/CardGame/frontend/src/helpers/AuthForm.tsx": {
    "path": "/home/amelie/Documents/Skola/Testing/CardGame/frontend/src/helpers/AuthForm.tsx",
    "statementMap": {},
    "fnMap": {},
    "branchMap": {},
    "s": {},
    "f": {},
    "b": {}
  },
  "/home/amelie/Documents/Skola/Testing/CardGame/frontend/src/hooks/useSignIn.tsx": {
    "path": "/home/amelie/Documents/Skola/Testing/CardGame/frontend/src/hooks/useSignIn.tsx",
    "statementMap": {},
    "fnMap": {},
    "branchMap": {},
    "s": {},
    "f": {},
    "b": {}
  },
  "/home/amelie/Documents/Skola/Testing/CardGame/frontend/src/views/Game.tsx": {
    "path": "/home/amelie/Documents/Skola/Testing/CardGame/frontend/src/views/Game.tsx",
    "statementMap": {},
    "fnMap": {},
    "branchMap": {},
    "s": {},
    "f": {},
    "b": {}
  },
  "/home/amelie/Documents/Skola/Testing/CardGame/frontend/src/views/Home.tsx": {
    "path": "/home/amelie/Documents/Skola/Testing/CardGame/frontend/src/views/Home.tsx",
    "statementMap": {},
    "fnMap": {},
    "branchMap": {},
    "s": {},
    "f": {},
    "b": {}
  },
  "/home/amelie/Documents/Skola/Testing/CardGame/frontend/src/views/Profile.tsx": {
    "path": "/home/amelie/Documents/Skola/Testing/CardGame/frontend/src/views/Profile.tsx",
    "statementMap": {},
    "fnMap": {},
    "branchMap": {},
    "s": {},
    "f": {},
    "b": {}
  },
  "/home/amelie/Documents/Skola/Testing/CardGame/frontend/src/assets/StyledComponents/FormComponents.tsx": {
    "path": "/home/amelie/Documents/Skola/Testing/CardGame/frontend/src/assets/StyledComponents/FormComponents.tsx",
    "statementMap": {},
    "fnMap": {},
    "branchMap": {},
    "s": {},
    "f": {},
    "b": {}
  },
  "/home/amelie/Documents/Skola/Testing/CardGame/frontend/src/components/SigninSignup/Signin.tsx": {
    "path": "/home/amelie/Documents/Skola/Testing/CardGame/frontend/src/components/SigninSignup/Signin.tsx",
    "statementMap": {},
    "fnMap": {},
    "branchMap": {},
    "s": {},
    "f": {},
    "b": {}
  },
  "/home/amelie/Documents/Skola/Testing/CardGame/frontend/src/components/SigninSignup/Signup.tsx": {
    "path": "/home/amelie/Documents/Skola/Testing/CardGame/frontend/src/components/SigninSignup/Signup.tsx",
    "statementMap": {},
    "fnMap": {},
    "branchMap": {},
    "s": {},
    "f": {},
    "b": {}
  },
  "/home/amelie/Documents/Skola/Testing/CardGame/frontend/src/components/SigninSignup/index.tsx": {
    "path": "/home/amelie/Documents/Skola/Testing/CardGame/frontend/src/components/SigninSignup/index.tsx",
    "statementMap": {},
    "fnMap": {},
    "branchMap": {},
    "s": {},
    "f": {},
    "b": {}
  }
}
